{"total": {"lines":{"total":10640,"covered":3043,"skipped":0,"pct":28.59},"statements":{"total":11075,"covered":3125,"skipped":0,"pct":28.21},"functions":{"total":1553,"covered":525,"skipped":0,"pct":33.8},"branches":{"total":8181,"covered":1563,"skipped":0,"pct":19.1},"branchesTrue":{"total":0,"covered":0,"skipped":0,"pct":100}}
,"D:\\Bizplus4u_Projects\\sms\\backend\\src\\api\\v1\\config\\report-permissions.matrix.js": {"lines":{"total":9,"covered":9,"skipped":0,"pct":100},"functions":{"total":2,"covered":2,"skipped":0,"pct":100},"statements":{"total":10,"covered":10,"skipped":0,"pct":100},"branches":{"total":4,"covered":4,"skipped":0,"pct":100}}
,"D:\\Bizplus4u_Projects\\sms\\backend\\src\\api\\v1\\controllers\\academic-year.controller.js": {"lines":{"total":36,"covered":30,"skipped":0,"pct":83.33},"functions":{"total":7,"covered":5,"skipped":0,"pct":71.42},"statements":{"total":36,"covered":30,"skipped":0,"pct":83.33},"branches":{"total":2,"covered":2,"skipped":0,"pct":100}}
,"D:\\Bizplus4u_Projects\\sms\\backend\\src\\api\\v1\\controllers\\achievement.controller.js": {"lines":{"total":24,"covered":24,"skipped":0,"pct":100},"functions":{"total":3,"covered":3,"skipped":0,"pct":100},"statements":{"total":24,"covered":24,"skipped":0,"pct":100},"branches":{"total":18,"covered":10,"skipped":0,"pct":55.55}}
,"D:\\Bizplus4u_Projects\\sms\\backend\\src\\api\\v1\\controllers\\assignment.controller.js": {"lines":{"total":23,"covered":23,"skipped":0,"pct":100},"functions":{"total":6,"covered":6,"skipped":0,"pct":100},"statements":{"total":24,"covered":24,"skipped":0,"pct":100},"branches":{"total":3,"covered":1,"skipped":0,"pct":33.33}}
,"D:\\Bizplus4u_Projects\\sms\\backend\\src\\api\\v1\\controllers\\attendance.controller.js": {"lines":{"total":30,"covered":30,"skipped":0,"pct":100},"functions":{"total":5,"covered":5,"skipped":0,"pct":100},"statements":{"total":31,"covered":31,"skipped":0,"pct":100},"branches":{"total":31,"covered":27,"skipped":0,"pct":87.09}}
,"D:\\Bizplus4u_Projects\\sms\\backend\\src\\api\\v1\\controllers\\auth.controller.js": {"lines":{"total":47,"covered":36,"skipped":0,"pct":76.59},"functions":{"total":10,"covered":6,"skipped":0,"pct":60},"statements":{"total":47,"covered":36,"skipped":0,"pct":76.59},"branches":{"total":4,"covered":3,"skipped":0,"pct":75}}
,"D:\\Bizplus4u_Projects\\sms\\backend\\src\\api\\v1\\controllers\\book.controller.js": {"lines":{"total":37,"covered":29,"skipped":0,"pct":78.37},"functions":{"total":11,"covered":7,"skipped":0,"pct":63.63},"statements":{"total":38,"covered":30,"skipped":0,"pct":78.94},"branches":{"total":2,"covered":1,"skipped":0,"pct":50}}
,"D:\\Bizplus4u_Projects\\sms\\backend\\src\\api\\v1\\controllers\\class-timetable.controller.js": {"lines":{"total":40,"covered":29,"skipped":0,"pct":72.5},"functions":{"total":8,"covered":5,"skipped":0,"pct":62.5},"statements":{"total":40,"covered":29,"skipped":0,"pct":72.5},"branches":{"total":0,"covered":0,"skipped":0,"pct":100}}
,"D:\\Bizplus4u_Projects\\sms\\backend\\src\\api\\v1\\controllers\\class.controller.js": {"lines":{"total":56,"covered":32,"skipped":0,"pct":57.14},"functions":{"total":11,"covered":5,"skipped":0,"pct":45.45},"statements":{"total":56,"covered":32,"skipped":0,"pct":57.14},"branches":{"total":4,"covered":0,"skipped":0,"pct":0}}
,"D:\\Bizplus4u_Projects\\sms\\backend\\src\\api\\v1\\controllers\\communication.controller.js": {"lines":{"total":60,"covered":41,"skipped":0,"pct":68.33},"functions":{"total":13,"covered":8,"skipped":0,"pct":61.53},"statements":{"total":61,"covered":42,"skipped":0,"pct":68.85},"branches":{"total":20,"covered":6,"skipped":0,"pct":30}}
,"D:\\Bizplus4u_Projects\\sms\\backend\\src\\api\\v1\\controllers\\contact.controller.js": {"lines":{"total":7,"covered":0,"skipped":0,"pct":0},"functions":{"total":1,"covered":0,"skipped":0,"pct":0},"statements":{"total":7,"covered":0,"skipped":0,"pct":0},"branches":{"total":2,"covered":0,"skipped":0,"pct":0}}
,"D:\\Bizplus4u_Projects\\sms\\backend\\src\\api\\v1\\controllers\\dashboard.controller.js": {"lines":{"total":22,"covered":17,"skipped":0,"pct":77.27},"functions":{"total":5,"covered":3,"skipped":0,"pct":60},"statements":{"total":22,"covered":17,"skipped":0,"pct":77.27},"branches":{"total":2,"covered":2,"skipped":0,"pct":100}}
,"D:\\Bizplus4u_Projects\\sms\\backend\\src\\api\\v1\\controllers\\employee.controller.js": {"lines":{"total":50,"covered":42,"skipped":0,"pct":84},"functions":{"total":6,"covered":5,"skipped":0,"pct":83.33},"statements":{"total":50,"covered":42,"skipped":0,"pct":84},"branches":{"total":39,"covered":27,"skipped":0,"pct":69.23}}
,"D:\\Bizplus4u_Projects\\sms\\backend\\src\\api\\v1\\controllers\\exam-schedule.controller.js": {"lines":{"total":17,"covered":17,"skipped":0,"pct":100},"functions":{"total":3,"covered":3,"skipped":0,"pct":100},"statements":{"total":17,"covered":17,"skipped":0,"pct":100},"branches":{"total":2,"covered":1,"skipped":0,"pct":50}}
,"D:\\Bizplus4u_Projects\\sms\\backend\\src\\api\\v1\\controllers\\exam.controller.js": {"lines":{"total":9,"covered":9,"skipped":0,"pct":100},"functions":{"total":1,"covered":1,"skipped":0,"pct":100},"statements":{"total":9,"covered":9,"skipped":0,"pct":100},"branches":{"total":0,"covered":0,"skipped":0,"pct":100}}
,"D:\\Bizplus4u_Projects\\sms\\backend\\src\\api\\v1\\controllers\\expense.controller.js": {"lines":{"total":15,"covered":15,"skipped":0,"pct":100},"functions":{"total":4,"covered":4,"skipped":0,"pct":100},"statements":{"total":16,"covered":16,"skipped":0,"pct":100},"branches":{"total":2,"covered":2,"skipped":0,"pct":100}}
,"D:\\Bizplus4u_Projects\\sms\\backend\\src\\api\\v1\\controllers\\fee-term.controller.js": {"lines":{"total":21,"covered":21,"skipped":0,"pct":100},"functions":{"total":4,"covered":4,"skipped":0,"pct":100},"statements":{"total":21,"covered":21,"skipped":0,"pct":100},"branches":{"total":0,"covered":0,"skipped":0,"pct":100}}
,"D:\\Bizplus4u_Projects\\sms\\backend\\src\\api\\v1\\controllers\\fee.controller.js": {"lines":{"total":31,"covered":22,"skipped":0,"pct":70.96},"functions":{"total":8,"covered":5,"skipped":0,"pct":62.5},"statements":{"total":32,"covered":23,"skipped":0,"pct":71.87},"branches":{"total":4,"covered":3,"skipped":0,"pct":75}}
,"D:\\Bizplus4u_Projects\\sms\\backend\\src\\api\\v1\\controllers\\holiday.controller.js": {"lines":{"total":21,"covered":21,"skipped":0,"pct":100},"functions":{"total":3,"covered":3,"skipped":0,"pct":100},"statements":{"total":21,"covered":21,"skipped":0,"pct":100},"branches":{"total":2,"covered":2,"skipped":0,"pct":100}}
,"D:\\Bizplus4u_Projects\\sms\\backend\\src\\api\\v1\\controllers\\hostel.controller.js": {"lines":{"total":16,"covered":16,"skipped":0,"pct":100},"functions":{"total":3,"covered":3,"skipped":0,"pct":100},"statements":{"total":16,"covered":16,"skipped":0,"pct":100},"branches":{"total":6,"covered":2,"skipped":0,"pct":33.33}}
,"D:\\Bizplus4u_Projects\\sms\\backend\\src\\api\\v1\\controllers\\inventory.controller.js": {"lines":{"total":21,"covered":21,"skipped":0,"pct":100},"functions":{"total":6,"covered":6,"skipped":0,"pct":100},"statements":{"total":22,"covered":22,"skipped":0,"pct":100},"branches":{"total":2,"covered":2,"skipped":0,"pct":100}}
,"D:\\Bizplus4u_Projects\\sms\\backend\\src\\api\\v1\\controllers\\leave.controller.js": {"lines":{"total":49,"covered":34,"skipped":0,"pct":69.38},"functions":{"total":11,"covered":6,"skipped":0,"pct":54.54},"statements":{"total":49,"covered":34,"skipped":0,"pct":69.38},"branches":{"total":0,"covered":0,"skipped":0,"pct":100}}
,"D:\\Bizplus4u_Projects\\sms\\backend\\src\\api\\v1\\controllers\\library-settings.controller.js": {"lines":{"total":24,"covered":20,"skipped":0,"pct":83.33},"functions":{"total":7,"covered":5,"skipped":0,"pct":71.42},"statements":{"total":25,"covered":21,"skipped":0,"pct":84},"branches":{"total":0,"covered":0,"skipped":0,"pct":100}}
,"D:\\Bizplus4u_Projects\\sms\\backend\\src\\api\\v1\\controllers\\library-transaction.controller.js": {"lines":{"total":35,"covered":29,"skipped":0,"pct":82.85},"functions":{"total":10,"covered":7,"skipped":0,"pct":70},"statements":{"total":36,"covered":30,"skipped":0,"pct":83.33},"branches":{"total":4,"covered":2,"skipped":0,"pct":50}}
,"D:\\Bizplus4u_Projects\\sms\\backend\\src\\api\\v1\\controllers\\mark.controller.js": {"lines":{"total":46,"covered":18,"skipped":0,"pct":39.13},"functions":{"total":9,"covered":1,"skipped":0,"pct":11.11},"statements":{"total":46,"covered":18,"skipped":0,"pct":39.13},"branches":{"total":31,"covered":4,"skipped":0,"pct":12.9}}
,"D:\\Bizplus4u_Projects\\sms\\backend\\src\\api\\v1\\controllers\\parent-dashboard.controller.js": {"lines":{"total":40,"covered":17,"skipped":0,"pct":42.5},"functions":{"total":4,"covered":1,"skipped":0,"pct":25},"statements":{"total":41,"covered":17,"skipped":0,"pct":41.46},"branches":{"total":10,"covered":2,"skipped":0,"pct":20}}
,"D:\\Bizplus4u_Projects\\sms\\backend\\src\\api\\v1\\controllers\\parent.controller.js": {"lines":{"total":67,"covered":56,"skipped":0,"pct":83.58},"functions":{"total":8,"covered":8,"skipped":0,"pct":100},"statements":{"total":67,"covered":56,"skipped":0,"pct":83.58},"branches":{"total":35,"covered":24,"skipped":0,"pct":68.57}}
,"D:\\Bizplus4u_Projects\\sms\\backend\\src\\api\\v1\\controllers\\permission.controller.js": {"lines":{"total":16,"covered":16,"skipped":0,"pct":100},"functions":{"total":3,"covered":3,"skipped":0,"pct":100},"statements":{"total":16,"covered":16,"skipped":0,"pct":100},"branches":{"total":0,"covered":0,"skipped":0,"pct":100}}
,"D:\\Bizplus4u_Projects\\sms\\backend\\src\\api\\v1\\controllers\\report.controller.js": {"lines":{"total":21,"covered":19,"skipped":0,"pct":90.47},"functions":{"total":6,"covered":5,"skipped":0,"pct":83.33},"statements":{"total":22,"covered":20,"skipped":0,"pct":90.9},"branches":{"total":2,"covered":2,"skipped":0,"pct":100}}
,"D:\\Bizplus4u_Projects\\sms\\backend\\src\\api\\v1\\controllers\\role.controller.js": {"lines":{"total":24,"covered":23,"skipped":0,"pct":95.83},"functions":{"total":5,"covered":5,"skipped":0,"pct":100},"statements":{"total":24,"covered":23,"skipped":0,"pct":95.83},"branches":{"total":0,"covered":0,"skipped":0,"pct":100}}
,"D:\\Bizplus4u_Projects\\sms\\backend\\src\\api\\v1\\controllers\\school.controller.js": {"lines":{"total":61,"covered":49,"skipped":0,"pct":80.32},"functions":{"total":14,"covered":13,"skipped":0,"pct":92.85},"statements":{"total":61,"covered":49,"skipped":0,"pct":80.32},"branches":{"total":0,"covered":0,"skipped":0,"pct":100}}
,"D:\\Bizplus4u_Projects\\sms\\backend\\src\\api\\v1\\controllers\\section.controller.js": {"lines":{"total":30,"covered":29,"skipped":0,"pct":96.66},"functions":{"total":4,"covered":4,"skipped":0,"pct":100},"statements":{"total":30,"covered":29,"skipped":0,"pct":96.66},"branches":{"total":8,"covered":7,"skipped":0,"pct":87.5}}
,"D:\\Bizplus4u_Projects\\sms\\backend\\src\\api\\v1\\controllers\\session-hour.controller.js": {"lines":{"total":27,"covered":23,"skipped":0,"pct":85.18},"functions":{"total":5,"covered":4,"skipped":0,"pct":80},"statements":{"total":27,"covered":23,"skipped":0,"pct":85.18},"branches":{"total":2,"covered":1,"skipped":0,"pct":50}}
,"D:\\Bizplus4u_Projects\\sms\\backend\\src\\api\\v1\\controllers\\student-dashboard.controller.js": {"lines":{"total":18,"covered":13,"skipped":0,"pct":72.22},"functions":{"total":2,"covered":1,"skipped":0,"pct":50},"statements":{"total":18,"covered":13,"skipped":0,"pct":72.22},"branches":{"total":4,"covered":2,"skipped":0,"pct":50}}
,"D:\\Bizplus4u_Projects\\sms\\backend\\src\\api\\v1\\controllers\\student-exit.controller.js": {"lines":{"total":40,"covered":35,"skipped":0,"pct":87.5},"functions":{"total":7,"covered":6,"skipped":0,"pct":85.71},"statements":{"total":40,"covered":35,"skipped":0,"pct":87.5},"branches":{"total":0,"covered":0,"skipped":0,"pct":100}}
,"D:\\Bizplus4u_Projects\\sms\\backend\\src\\api\\v1\\controllers\\student.controller.js": {"lines":{"total":93,"covered":84,"skipped":0,"pct":90.32},"functions":{"total":13,"covered":11,"skipped":0,"pct":84.61},"statements":{"total":93,"covered":84,"skipped":0,"pct":90.32},"branches":{"total":31,"covered":26,"skipped":0,"pct":83.87}}
,"D:\\Bizplus4u_Projects\\sms\\backend\\src\\api\\v1\\controllers\\subscription.controller.js": {"lines":{"total":9,"covered":0,"skipped":0,"pct":0},"functions":{"total":1,"covered":0,"skipped":0,"pct":0},"statements":{"total":9,"covered":0,"skipped":0,"pct":0},"branches":{"total":0,"covered":0,"skipped":0,"pct":100}}
,"D:\\Bizplus4u_Projects\\sms\\backend\\src\\api\\v1\\controllers\\teacher-dashboard.controller.js": {"lines":{"total":8,"covered":8,"skipped":0,"pct":100},"functions":{"total":1,"covered":1,"skipped":0,"pct":100},"statements":{"total":8,"covered":8,"skipped":0,"pct":100},"branches":{"total":0,"covered":0,"skipped":0,"pct":100}}
,"D:\\Bizplus4u_Projects\\sms\\backend\\src\\api\\v1\\controllers\\teacher.controller.js": {"lines":{"total":65,"covered":58,"skipped":0,"pct":89.23},"functions":{"total":6,"covered":6,"skipped":0,"pct":100},"statements":{"total":65,"covered":58,"skipped":0,"pct":89.23},"branches":{"total":33,"covered":27,"skipped":0,"pct":81.81}}
,"D:\\Bizplus4u_Projects\\sms\\backend\\src\\api\\v1\\controllers\\timetable.controller.js": {"lines":{"total":14,"covered":14,"skipped":0,"pct":100},"functions":{"total":3,"covered":3,"skipped":0,"pct":100},"statements":{"total":14,"covered":14,"skipped":0,"pct":100},"branches":{"total":0,"covered":0,"skipped":0,"pct":100}}
,"D:\\Bizplus4u_Projects\\sms\\backend\\src\\api\\v1\\controllers\\transport.controller.js": {"lines":{"total":101,"covered":44,"skipped":0,"pct":43.56},"functions":{"total":25,"covered":6,"skipped":0,"pct":24},"statements":{"total":101,"covered":44,"skipped":0,"pct":43.56},"branches":{"total":3,"covered":1,"skipped":0,"pct":33.33}}
,"D:\\Bizplus4u_Projects\\sms\\backend\\src\\api\\v1\\controllers\\upload.controller.js": {"lines":{"total":55,"covered":0,"skipped":0,"pct":0},"functions":{"total":5,"covered":0,"skipped":0,"pct":0},"statements":{"total":55,"covered":0,"skipped":0,"pct":0},"branches":{"total":43,"covered":0,"skipped":0,"pct":0}}
,"D:\\Bizplus4u_Projects\\sms\\backend\\src\\api\\v1\\controllers\\user.controller.js": {"lines":{"total":7,"covered":7,"skipped":0,"pct":100},"functions":{"total":1,"covered":1,"skipped":0,"pct":100},"statements":{"total":7,"covered":7,"skipped":0,"pct":100},"branches":{"total":0,"covered":0,"skipped":0,"pct":100}}
,"D:\\Bizplus4u_Projects\\sms\\backend\\src\\api\\v1\\dto\\contact-request.dto.js": {"lines":{"total":8,"covered":0,"skipped":0,"pct":0},"functions":{"total":2,"covered":0,"skipped":0,"pct":0},"statements":{"total":8,"covered":0,"skipped":0,"pct":0},"branches":{"total":5,"covered":0,"skipped":0,"pct":0}}
,"D:\\Bizplus4u_Projects\\sms\\backend\\src\\api\\v1\\repositories\\academic-year.repository.js": {"lines":{"total":42,"covered":0,"skipped":0,"pct":0},"functions":{"total":7,"covered":0,"skipped":0,"pct":0},"statements":{"total":42,"covered":0,"skipped":0,"pct":0},"branches":{"total":32,"covered":0,"skipped":0,"pct":0}}
,"D:\\Bizplus4u_Projects\\sms\\backend\\src\\api\\v1\\repositories\\achievement.repository.js": {"lines":{"total":18,"covered":0,"skipped":0,"pct":0},"functions":{"total":6,"covered":0,"skipped":0,"pct":0},"statements":{"total":20,"covered":0,"skipped":0,"pct":0},"branches":{"total":14,"covered":0,"skipped":0,"pct":0}}
,"D:\\Bizplus4u_Projects\\sms\\backend\\src\\api\\v1\\repositories\\assignment.repository.js": {"lines":{"total":75,"covered":0,"skipped":0,"pct":0},"functions":{"total":24,"covered":0,"skipped":0,"pct":0},"statements":{"total":76,"covered":0,"skipped":0,"pct":0},"branches":{"total":45,"covered":0,"skipped":0,"pct":0}}
,"D:\\Bizplus4u_Projects\\sms\\backend\\src\\api\\v1\\repositories\\attendance.repository.js": {"lines":{"total":104,"covered":0,"skipped":0,"pct":0},"functions":{"total":18,"covered":0,"skipped":0,"pct":0},"statements":{"total":110,"covered":0,"skipped":0,"pct":0},"branches":{"total":75,"covered":0,"skipped":0,"pct":0}}
,"D:\\Bizplus4u_Projects\\sms\\backend\\src\\api\\v1\\repositories\\book-copy.repository.js": {"lines":{"total":66,"covered":0,"skipped":0,"pct":0},"functions":{"total":12,"covered":0,"skipped":0,"pct":0},"statements":{"total":74,"covered":0,"skipped":0,"pct":0},"branches":{"total":62,"covered":0,"skipped":0,"pct":0}}
,"D:\\Bizplus4u_Projects\\sms\\backend\\src\\api\\v1\\repositories\\book.repository.js": {"lines":{"total":76,"covered":0,"skipped":0,"pct":0},"functions":{"total":8,"covered":0,"skipped":0,"pct":0},"statements":{"total":81,"covered":0,"skipped":0,"pct":0},"branches":{"total":53,"covered":0,"skipped":0,"pct":0}}
,"D:\\Bizplus4u_Projects\\sms\\backend\\src\\api\\v1\\repositories\\class-timetable.repository.js": {"lines":{"total":62,"covered":0,"skipped":0,"pct":0},"functions":{"total":13,"covered":0,"skipped":0,"pct":0},"statements":{"total":64,"covered":0,"skipped":0,"pct":0},"branches":{"total":38,"covered":0,"skipped":0,"pct":0}}
,"D:\\Bizplus4u_Projects\\sms\\backend\\src\\api\\v1\\repositories\\class.repository.js": {"lines":{"total":76,"covered":7,"skipped":0,"pct":9.21},"functions":{"total":11,"covered":0,"skipped":0,"pct":0},"statements":{"total":86,"covered":7,"skipped":0,"pct":8.13},"branches":{"total":64,"covered":0,"skipped":0,"pct":0}}
,"D:\\Bizplus4u_Projects\\sms\\backend\\src\\api\\v1\\repositories\\dashboard.repository.js": {"lines":{"total":166,"covered":122,"skipped":0,"pct":73.49},"functions":{"total":16,"covered":16,"skipped":0,"pct":100},"statements":{"total":168,"covered":124,"skipped":0,"pct":73.8},"branches":{"total":143,"covered":64,"skipped":0,"pct":44.75}}
,"D:\\Bizplus4u_Projects\\sms\\backend\\src\\api\\v1\\repositories\\employee.repository.js": {"lines":{"total":77,"covered":0,"skipped":0,"pct":0},"functions":{"total":15,"covered":0,"skipped":0,"pct":0},"statements":{"total":103,"covered":0,"skipped":0,"pct":0},"branches":{"total":74,"covered":0,"skipped":0,"pct":0}}
,"D:\\Bizplus4u_Projects\\sms\\backend\\src\\api\\v1\\repositories\\exam-schedule.repository.js": {"lines":{"total":97,"covered":0,"skipped":0,"pct":0},"functions":{"total":18,"covered":0,"skipped":0,"pct":0},"statements":{"total":97,"covered":0,"skipped":0,"pct":0},"branches":{"total":105,"covered":0,"skipped":0,"pct":0}}
,"D:\\Bizplus4u_Projects\\sms\\backend\\src\\api\\v1\\repositories\\exam.repository.js": {"lines":{"total":7,"covered":0,"skipped":0,"pct":0},"functions":{"total":2,"covered":0,"skipped":0,"pct":0},"statements":{"total":8,"covered":0,"skipped":0,"pct":0},"branches":{"total":6,"covered":0,"skipped":0,"pct":0}}
,"D:\\Bizplus4u_Projects\\sms\\backend\\src\\api\\v1\\repositories\\expense.repository.js": {"lines":{"total":96,"covered":0,"skipped":0,"pct":0},"functions":{"total":13,"covered":0,"skipped":0,"pct":0},"statements":{"total":99,"covered":0,"skipped":0,"pct":0},"branches":{"total":87,"covered":0,"skipped":0,"pct":0}}
,"D:\\Bizplus4u_Projects\\sms\\backend\\src\\api\\v1\\repositories\\fee-term.repository.js": {"lines":{"total":72,"covered":0,"skipped":0,"pct":0},"functions":{"total":6,"covered":0,"skipped":0,"pct":0},"statements":{"total":72,"covered":0,"skipped":0,"pct":0},"branches":{"total":42,"covered":0,"skipped":0,"pct":0}}
,"D:\\Bizplus4u_Projects\\sms\\backend\\src\\api\\v1\\repositories\\fee.repository.js": {"lines":{"total":422,"covered":0,"skipped":0,"pct":0},"functions":{"total":46,"covered":0,"skipped":0,"pct":0},"statements":{"total":433,"covered":0,"skipped":0,"pct":0},"branches":{"total":537,"covered":0,"skipped":0,"pct":0}}
,"D:\\Bizplus4u_Projects\\sms\\backend\\src\\api\\v1\\repositories\\holiday.repository.js": {"lines":{"total":8,"covered":0,"skipped":0,"pct":0},"functions":{"total":4,"covered":0,"skipped":0,"pct":0},"statements":{"total":9,"covered":0,"skipped":0,"pct":0},"branches":{"total":0,"covered":0,"skipped":0,"pct":100}}
,"D:\\Bizplus4u_Projects\\sms\\backend\\src\\api\\v1\\repositories\\hostel.repository.js": {"lines":{"total":9,"covered":0,"skipped":0,"pct":0},"functions":{"total":5,"covered":0,"skipped":0,"pct":0},"statements":{"total":10,"covered":0,"skipped":0,"pct":0},"branches":{"total":4,"covered":0,"skipped":0,"pct":0}}
,"D:\\Bizplus4u_Projects\\sms\\backend\\src\\api\\v1\\repositories\\inventory.repository.js": {"lines":{"total":87,"covered":0,"skipped":0,"pct":0},"functions":{"total":8,"covered":0,"skipped":0,"pct":0},"statements":{"total":87,"covered":0,"skipped":0,"pct":0},"branches":{"total":62,"covered":0,"skipped":0,"pct":0}}
,"D:\\Bizplus4u_Projects\\sms\\backend\\src\\api\\v1\\repositories\\leave-period-assignment.repository.js": {"lines":{"total":20,"covered":3,"skipped":0,"pct":15},"functions":{"total":3,"covered":0,"skipped":0,"pct":0},"statements":{"total":20,"covered":3,"skipped":0,"pct":15},"branches":{"total":24,"covered":0,"skipped":0,"pct":0}}
,"D:\\Bizplus4u_Projects\\sms\\backend\\src\\api\\v1\\repositories\\leave-policy.repository.js": {"lines":{"total":25,"covered":3,"skipped":0,"pct":12},"functions":{"total":5,"covered":0,"skipped":0,"pct":0},"statements":{"total":25,"covered":3,"skipped":0,"pct":12},"branches":{"total":19,"covered":0,"skipped":0,"pct":0}}
,"D:\\Bizplus4u_Projects\\sms\\backend\\src\\api\\v1\\repositories\\leave-request.repository.js": {"lines":{"total":50,"covered":4,"skipped":0,"pct":8},"functions":{"total":8,"covered":0,"skipped":0,"pct":0},"statements":{"total":50,"covered":4,"skipped":0,"pct":8},"branches":{"total":51,"covered":0,"skipped":0,"pct":0}}
,"D:\\Bizplus4u_Projects\\sms\\backend\\src\\api\\v1\\repositories\\library-dashboard.repository.js": {"lines":{"total":30,"covered":0,"skipped":0,"pct":0},"functions":{"total":14,"covered":0,"skipped":0,"pct":0},"statements":{"total":32,"covered":0,"skipped":0,"pct":0},"branches":{"total":10,"covered":0,"skipped":0,"pct":0}}
,"D:\\Bizplus4u_Projects\\sms\\backend\\src\\api\\v1\\repositories\\library-settings.repository.js": {"lines":{"total":50,"covered":0,"skipped":0,"pct":0},"functions":{"total":9,"covered":0,"skipped":0,"pct":0},"statements":{"total":55,"covered":0,"skipped":0,"pct":0},"branches":{"total":54,"covered":0,"skipped":0,"pct":0}}
,"D:\\Bizplus4u_Projects\\sms\\backend\\src\\api\\v1\\repositories\\library-transaction.repository.js": {"lines":{"total":90,"covered":0,"skipped":0,"pct":0},"functions":{"total":12,"covered":0,"skipped":0,"pct":0},"statements":{"total":92,"covered":0,"skipped":0,"pct":0},"branches":{"total":66,"covered":0,"skipped":0,"pct":0}}
,"D:\\Bizplus4u_Projects\\sms\\backend\\src\\api\\v1\\repositories\\mark.repository.js": {"lines":{"total":82,"covered":56,"skipped":0,"pct":68.29},"functions":{"total":13,"covered":7,"skipped":0,"pct":53.84},"statements":{"total":89,"covered":57,"skipped":0,"pct":64.04},"branches":{"total":99,"covered":47,"skipped":0,"pct":47.47}}
,"D:\\Bizplus4u_Projects\\sms\\backend\\src\\api\\v1\\repositories\\parent-dashboard.repository.js": {"lines":{"total":90,"covered":7,"skipped":0,"pct":7.77},"functions":{"total":12,"covered":0,"skipped":0,"pct":0},"statements":{"total":104,"covered":7,"skipped":0,"pct":6.73},"branches":{"total":114,"covered":0,"skipped":0,"pct":0}}
,"D:\\Bizplus4u_Projects\\sms\\backend\\src\\api\\v1\\repositories\\parent.repository.js": {"lines":{"total":327,"covered":57,"skipped":0,"pct":17.43},"functions":{"total":50,"covered":8,"skipped":0,"pct":16},"statements":{"total":353,"covered":59,"skipped":0,"pct":16.71},"branches":{"total":267,"covered":31,"skipped":0,"pct":11.61}}
,"D:\\Bizplus4u_Projects\\sms\\backend\\src\\api\\v1\\repositories\\permission.repository.js": {"lines":{"total":12,"covered":3,"skipped":0,"pct":25},"functions":{"total":6,"covered":0,"skipped":0,"pct":0},"statements":{"total":14,"covered":3,"skipped":0,"pct":21.42},"branches":{"total":2,"covered":0,"skipped":0,"pct":0}}
,"D:\\Bizplus4u_Projects\\sms\\backend\\src\\api\\v1\\repositories\\report.repository.js": {"lines":{"total":103,"covered":48,"skipped":0,"pct":46.6},"functions":{"total":12,"covered":11,"skipped":0,"pct":91.66},"statements":{"total":110,"covered":55,"skipped":0,"pct":50},"branches":{"total":102,"covered":23,"skipped":0,"pct":22.54}}
,"D:\\Bizplus4u_Projects\\sms\\backend\\src\\api\\v1\\repositories\\role.repository.js": {"lines":{"total":14,"covered":3,"skipped":0,"pct":21.42},"functions":{"total":6,"covered":0,"skipped":0,"pct":0},"statements":{"total":16,"covered":3,"skipped":0,"pct":18.75},"branches":{"total":4,"covered":0,"skipped":0,"pct":0}}
,"D:\\Bizplus4u_Projects\\sms\\backend\\src\\api\\v1\\repositories\\school.repository.js": {"lines":{"total":51,"covered":8,"skipped":0,"pct":15.68},"functions":{"total":16,"covered":0,"skipped":0,"pct":0},"statements":{"total":53,"covered":8,"skipped":0,"pct":15.09},"branches":{"total":17,"covered":0,"skipped":0,"pct":0}}
,"D:\\Bizplus4u_Projects\\sms\\backend\\src\\api\\v1\\repositories\\section.repository.js": {"lines":{"total":17,"covered":0,"skipped":0,"pct":0},"functions":{"total":6,"covered":0,"skipped":0,"pct":0},"statements":{"total":17,"covered":0,"skipped":0,"pct":0},"branches":{"total":4,"covered":0,"skipped":0,"pct":0}}
,"D:\\Bizplus4u_Projects\\sms\\backend\\src\\api\\v1\\repositories\\session-hour.repository.js": {"lines":{"total":39,"covered":0,"skipped":0,"pct":0},"functions":{"total":6,"covered":0,"skipped":0,"pct":0},"statements":{"total":39,"covered":0,"skipped":0,"pct":0},"branches":{"total":21,"covered":0,"skipped":0,"pct":0}}
,"D:\\Bizplus4u_Projects\\sms\\backend\\src\\api\\v1\\repositories\\student-dashboard.repository.js": {"lines":{"total":34,"covered":0,"skipped":0,"pct":0},"functions":{"total":6,"covered":0,"skipped":0,"pct":0},"statements":{"total":40,"covered":0,"skipped":0,"pct":0},"branches":{"total":37,"covered":0,"skipped":0,"pct":0}}
,"D:\\Bizplus4u_Projects\\sms\\backend\\src\\api\\v1\\repositories\\student-exit.repository.js": {"lines":{"total":39,"covered":0,"skipped":0,"pct":0},"functions":{"total":11,"covered":0,"skipped":0,"pct":0},"statements":{"total":44,"covered":0,"skipped":0,"pct":0},"branches":{"total":28,"covered":0,"skipped":0,"pct":0}}
,"D:\\Bizplus4u_Projects\\sms\\backend\\src\\api\\v1\\repositories\\student-transport.repository.js": {"lines":{"total":68,"covered":3,"skipped":0,"pct":4.41},"functions":{"total":11,"covered":0,"skipped":0,"pct":0},"statements":{"total":72,"covered":3,"skipped":0,"pct":4.16},"branches":{"total":61,"covered":0,"skipped":0,"pct":0}}
,"D:\\Bizplus4u_Projects\\sms\\backend\\src\\api\\v1\\repositories\\student.repository.js": {"lines":{"total":201,"covered":114,"skipped":0,"pct":56.71},"functions":{"total":36,"covered":15,"skipped":0,"pct":41.66},"statements":{"total":207,"covered":116,"skipped":0,"pct":56.03},"branches":{"total":198,"covered":82,"skipped":0,"pct":41.41}}
,"D:\\Bizplus4u_Projects\\sms\\backend\\src\\api\\v1\\repositories\\teacher-dashboard.repository.js": {"lines":{"total":42,"covered":0,"skipped":0,"pct":0},"functions":{"total":6,"covered":0,"skipped":0,"pct":0},"statements":{"total":49,"covered":0,"skipped":0,"pct":0},"branches":{"total":40,"covered":0,"skipped":0,"pct":0}}
,"D:\\Bizplus4u_Projects\\sms\\backend\\src\\api\\v1\\repositories\\teacher.repository.js": {"lines":{"total":78,"covered":4,"skipped":0,"pct":5.12},"functions":{"total":7,"covered":0,"skipped":0,"pct":0},"statements":{"total":79,"covered":4,"skipped":0,"pct":5.06},"branches":{"total":56,"covered":0,"skipped":0,"pct":0}}
,"D:\\Bizplus4u_Projects\\sms\\backend\\src\\api\\v1\\repositories\\timetable.repository.js": {"lines":{"total":46,"covered":0,"skipped":0,"pct":0},"functions":{"total":6,"covered":0,"skipped":0,"pct":0},"statements":{"total":47,"covered":0,"skipped":0,"pct":0},"branches":{"total":31,"covered":0,"skipped":0,"pct":0}}
,"D:\\Bizplus4u_Projects\\sms\\backend\\src\\api\\v1\\repositories\\transport-route.repository.js": {"lines":{"total":54,"covered":37,"skipped":0,"pct":68.51},"functions":{"total":11,"covered":6,"skipped":0,"pct":54.54},"statements":{"total":59,"covered":37,"skipped":0,"pct":62.71},"branches":{"total":49,"covered":19,"skipped":0,"pct":38.77}}
,"D:\\Bizplus4u_Projects\\sms\\backend\\src\\api\\v1\\repositories\\transport-stop.repository.js": {"lines":{"total":57,"covered":3,"skipped":0,"pct":5.26},"functions":{"total":9,"covered":0,"skipped":0,"pct":0},"statements":{"total":64,"covered":3,"skipped":0,"pct":4.68},"branches":{"total":56,"covered":0,"skipped":0,"pct":0}}
,"D:\\Bizplus4u_Projects\\sms\\backend\\src\\api\\v1\\repositories\\transport-vehicle.repository.js": {"lines":{"total":198,"covered":6,"skipped":0,"pct":3.03},"functions":{"total":30,"covered":1,"skipped":0,"pct":3.33},"statements":{"total":216,"covered":6,"skipped":0,"pct":2.77},"branches":{"total":211,"covered":0,"skipped":0,"pct":0}}
,"D:\\Bizplus4u_Projects\\sms\\backend\\src\\api\\v1\\repositories\\transport.repository.js": {"lines":{"total":39,"covered":34,"skipped":0,"pct":87.17},"functions":{"total":7,"covered":6,"skipped":0,"pct":85.71},"statements":{"total":39,"covered":34,"skipped":0,"pct":87.17},"branches":{"total":27,"covered":12,"skipped":0,"pct":44.44}}
,"D:\\Bizplus4u_Projects\\sms\\backend\\src\\api\\v1\\repositories\\user.repository.js": {"lines":{"total":5,"covered":0,"skipped":0,"pct":0},"functions":{"total":2,"covered":0,"skipped":0,"pct":0},"statements":{"total":6,"covered":0,"skipped":0,"pct":0},"branches":{"total":0,"covered":0,"skipped":0,"pct":100}}
,"D:\\Bizplus4u_Projects\\sms\\backend\\src\\api\\v1\\repositories\\helpers\\schema.utils.js": {"lines":{"total":41,"covered":6,"skipped":0,"pct":14.63},"functions":{"total":7,"covered":0,"skipped":0,"pct":0},"statements":{"total":41,"covered":6,"skipped":0,"pct":14.63},"branches":{"total":21,"covered":0,"skipped":0,"pct":0}}
,"D:\\Bizplus4u_Projects\\sms\\backend\\src\\api\\v1\\repositories\\helpers\\scope-filters.js": {"lines":{"total":14,"covered":12,"skipped":0,"pct":85.71},"functions":{"total":1,"covered":1,"skipped":0,"pct":100},"statements":{"total":14,"covered":12,"skipped":0,"pct":85.71},"branches":{"total":16,"covered":12,"skipped":0,"pct":75}}
,"D:\\Bizplus4u_Projects\\sms\\backend\\src\\api\\v1\\routes\\academic-year.routes.js": {"lines":{"total":15,"covered":0,"skipped":0,"pct":0},"functions":{"total":0,"covered":0,"skipped":0,"pct":100},"statements":{"total":15,"covered":0,"skipped":0,"pct":0},"branches":{"total":0,"covered":0,"skipped":0,"pct":100}}
,"D:\\Bizplus4u_Projects\\sms\\backend\\src\\api\\v1\\routes\\achievement.routes.js": {"lines":{"total":8,"covered":0,"skipped":0,"pct":0},"functions":{"total":0,"covered":0,"skipped":0,"pct":100},"statements":{"total":8,"covered":0,"skipped":0,"pct":0},"branches":{"total":0,"covered":0,"skipped":0,"pct":100}}
,"D:\\Bizplus4u_Projects\\sms\\backend\\src\\api\\v1\\routes\\assignment.routes.js": {"lines":{"total":13,"covered":0,"skipped":0,"pct":0},"functions":{"total":0,"covered":0,"skipped":0,"pct":100},"statements":{"total":13,"covered":0,"skipped":0,"pct":0},"branches":{"total":0,"covered":0,"skipped":0,"pct":100}}
,"D:\\Bizplus4u_Projects\\sms\\backend\\src\\api\\v1\\routes\\attendance.routes.js": {"lines":{"total":11,"covered":0,"skipped":0,"pct":0},"functions":{"total":0,"covered":0,"skipped":0,"pct":100},"statements":{"total":11,"covered":0,"skipped":0,"pct":0},"branches":{"total":0,"covered":0,"skipped":0,"pct":100}}
,"D:\\Bizplus4u_Projects\\sms\\backend\\src\\api\\v1\\routes\\auth.routes.js": {"lines":{"total":17,"covered":0,"skipped":0,"pct":0},"functions":{"total":0,"covered":0,"skipped":0,"pct":100},"statements":{"total":17,"covered":0,"skipped":0,"pct":0},"branches":{"total":0,"covered":0,"skipped":0,"pct":100}}
,"D:\\Bizplus4u_Projects\\sms\\backend\\src\\api\\v1\\routes\\book.routes.js": {"lines":{"total":19,"covered":0,"skipped":0,"pct":0},"functions":{"total":0,"covered":0,"skipped":0,"pct":100},"statements":{"total":19,"covered":0,"skipped":0,"pct":0},"branches":{"total":0,"covered":0,"skipped":0,"pct":100}}
,"D:\\Bizplus4u_Projects\\sms\\backend\\src\\api\\v1\\routes\\class-timetable.routes.js": {"lines":{"total":16,"covered":0,"skipped":0,"pct":0},"functions":{"total":0,"covered":0,"skipped":0,"pct":100},"statements":{"total":16,"covered":0,"skipped":0,"pct":0},"branches":{"total":0,"covered":0,"skipped":0,"pct":100}}
,"D:\\Bizplus4u_Projects\\sms\\backend\\src\\api\\v1\\routes\\class.routes.js": {"lines":{"total":15,"covered":0,"skipped":0,"pct":0},"functions":{"total":0,"covered":0,"skipped":0,"pct":100},"statements":{"total":15,"covered":0,"skipped":0,"pct":0},"branches":{"total":0,"covered":0,"skipped":0,"pct":100}}
,"D:\\Bizplus4u_Projects\\sms\\backend\\src\\api\\v1\\routes\\communication.routes.js": {"lines":{"total":20,"covered":0,"skipped":0,"pct":0},"functions":{"total":0,"covered":0,"skipped":0,"pct":100},"statements":{"total":20,"covered":0,"skipped":0,"pct":0},"branches":{"total":0,"covered":0,"skipped":0,"pct":100}}
,"D:\\Bizplus4u_Projects\\sms\\backend\\src\\api\\v1\\routes\\contact.routes.js": {"lines":{"total":9,"covered":0,"skipped":0,"pct":0},"functions":{"total":0,"covered":0,"skipped":0,"pct":100},"statements":{"total":9,"covered":0,"skipped":0,"pct":0},"branches":{"total":0,"covered":0,"skipped":0,"pct":100}}
,"D:\\Bizplus4u_Projects\\sms\\backend\\src\\api\\v1\\routes\\dashboard.routes.js": {"lines":{"total":12,"covered":0,"skipped":0,"pct":0},"functions":{"total":0,"covered":0,"skipped":0,"pct":100},"statements":{"total":12,"covered":0,"skipped":0,"pct":0},"branches":{"total":0,"covered":0,"skipped":0,"pct":100}}
,"D:\\Bizplus4u_Projects\\sms\\backend\\src\\api\\v1\\routes\\employee.routes.js": {"lines":{"total":15,"covered":0,"skipped":0,"pct":0},"functions":{"total":0,"covered":0,"skipped":0,"pct":100},"statements":{"total":15,"covered":0,"skipped":0,"pct":0},"branches":{"total":0,"covered":0,"skipped":0,"pct":100}}
,"D:\\Bizplus4u_Projects\\sms\\backend\\src\\api\\v1\\routes\\exam-schedule.routes.js": {"lines":{"total":11,"covered":0,"skipped":0,"pct":0},"functions":{"total":0,"covered":0,"skipped":0,"pct":100},"statements":{"total":11,"covered":0,"skipped":0,"pct":0},"branches":{"total":0,"covered":0,"skipped":0,"pct":100}}
,"D:\\Bizplus4u_Projects\\sms\\backend\\src\\api\\v1\\routes\\exam.routes.js": {"lines":{"total":9,"covered":0,"skipped":0,"pct":0},"functions":{"total":0,"covered":0,"skipped":0,"pct":100},"statements":{"total":9,"covered":0,"skipped":0,"pct":0},"branches":{"total":0,"covered":0,"skipped":0,"pct":100}}
,"D:\\Bizplus4u_Projects\\sms\\backend\\src\\api\\v1\\routes\\expense-legacy.routes.js": {"lines":{"total":9,"covered":0,"skipped":0,"pct":0},"functions":{"total":0,"covered":0,"skipped":0,"pct":100},"statements":{"total":9,"covered":0,"skipped":0,"pct":0},"branches":{"total":0,"covered":0,"skipped":0,"pct":100}}
,"D:\\Bizplus4u_Projects\\sms\\backend\\src\\api\\v1\\routes\\expense.routes.js": {"lines":{"total":11,"covered":0,"skipped":0,"pct":0},"functions":{"total":0,"covered":0,"skipped":0,"pct":100},"statements":{"total":11,"covered":0,"skipped":0,"pct":0},"branches":{"total":0,"covered":0,"skipped":0,"pct":100}}
,"D:\\Bizplus4u_Projects\\sms\\backend\\src\\api\\v1\\routes\\fee-structure.routes.js": {"lines":{"total":13,"covered":0,"skipped":0,"pct":0},"functions":{"total":1,"covered":0,"skipped":0,"pct":0},"statements":{"total":13,"covered":0,"skipped":0,"pct":0},"branches":{"total":0,"covered":0,"skipped":0,"pct":100}}
,"D:\\Bizplus4u_Projects\\sms\\backend\\src\\api\\v1\\routes\\fee-term.routes.js": {"lines":{"total":12,"covered":0,"skipped":0,"pct":0},"functions":{"total":0,"covered":0,"skipped":0,"pct":100},"statements":{"total":12,"covered":0,"skipped":0,"pct":0},"branches":{"total":0,"covered":0,"skipped":0,"pct":100}}
,"D:\\Bizplus4u_Projects\\sms\\backend\\src\\api\\v1\\routes\\fee.routes.js": {"lines":{"total":12,"covered":0,"skipped":0,"pct":0},"functions":{"total":0,"covered":0,"skipped":0,"pct":100},"statements":{"total":12,"covered":0,"skipped":0,"pct":0},"branches":{"total":0,"covered":0,"skipped":0,"pct":100}}
,"D:\\Bizplus4u_Projects\\sms\\backend\\src\\api\\v1\\routes\\holiday.routes.js": {"lines":{"total":11,"covered":0,"skipped":0,"pct":0},"functions":{"total":0,"covered":0,"skipped":0,"pct":100},"statements":{"total":11,"covered":0,"skipped":0,"pct":0},"branches":{"total":0,"covered":0,"skipped":0,"pct":100}}
,"D:\\Bizplus4u_Projects\\sms\\backend\\src\\api\\v1\\routes\\hostel.routes.js": {"lines":{"total":11,"covered":0,"skipped":0,"pct":0},"functions":{"total":0,"covered":0,"skipped":0,"pct":100},"statements":{"total":11,"covered":0,"skipped":0,"pct":0},"branches":{"total":0,"covered":0,"skipped":0,"pct":100}}
,"D:\\Bizplus4u_Projects\\sms\\backend\\src\\api\\v1\\routes\\index.js": {"lines":{"total":97,"covered":0,"skipped":0,"pct":0},"functions":{"total":2,"covered":0,"skipped":0,"pct":0},"statements":{"total":97,"covered":0,"skipped":0,"pct":0},"branches":{"total":0,"covered":0,"skipped":0,"pct":100}}
,"D:\\Bizplus4u_Projects\\sms\\backend\\src\\api\\v1\\routes\\inventory.routes.js": {"lines":{"total":13,"covered":0,"skipped":0,"pct":0},"functions":{"total":0,"covered":0,"skipped":0,"pct":100},"statements":{"total":13,"covered":0,"skipped":0,"pct":0},"branches":{"total":0,"covered":0,"skipped":0,"pct":100}}
,"D:\\Bizplus4u_Projects\\sms\\backend\\src\\api\\v1\\routes\\leave.routes.js": {"lines":{"total":19,"covered":0,"skipped":0,"pct":0},"functions":{"total":0,"covered":0,"skipped":0,"pct":100},"statements":{"total":19,"covered":0,"skipped":0,"pct":0},"branches":{"total":0,"covered":0,"skipped":0,"pct":100}}
,"D:\\Bizplus4u_Projects\\sms\\backend\\src\\api\\v1\\routes\\library-settings.routes.js": {"lines":{"total":14,"covered":0,"skipped":0,"pct":0},"functions":{"total":0,"covered":0,"skipped":0,"pct":100},"statements":{"total":14,"covered":0,"skipped":0,"pct":0},"branches":{"total":0,"covered":0,"skipped":0,"pct":100}}
,"D:\\Bizplus4u_Projects\\sms\\backend\\src\\api\\v1\\routes\\library-transaction.routes.js": {"lines":{"total":17,"covered":0,"skipped":0,"pct":0},"functions":{"total":0,"covered":0,"skipped":0,"pct":100},"statements":{"total":17,"covered":0,"skipped":0,"pct":0},"branches":{"total":0,"covered":0,"skipped":0,"pct":100}}
,"D:\\Bizplus4u_Projects\\sms\\backend\\src\\api\\v1\\routes\\mark.routes.js": {"lines":{"total":15,"covered":0,"skipped":0,"pct":0},"functions":{"total":0,"covered":0,"skipped":0,"pct":100},"statements":{"total":15,"covered":0,"skipped":0,"pct":0},"branches":{"total":0,"covered":0,"skipped":0,"pct":100}}
,"D:\\Bizplus4u_Projects\\sms\\backend\\src\\api\\v1\\routes\\parent-portal.routes.js": {"lines":{"total":11,"covered":0,"skipped":0,"pct":0},"functions":{"total":0,"covered":0,"skipped":0,"pct":100},"statements":{"total":11,"covered":0,"skipped":0,"pct":0},"branches":{"total":0,"covered":0,"skipped":0,"pct":100}}
,"D:\\Bizplus4u_Projects\\sms\\backend\\src\\api\\v1\\routes\\parent.routes.js": {"lines":{"total":17,"covered":0,"skipped":0,"pct":0},"functions":{"total":0,"covered":0,"skipped":0,"pct":100},"statements":{"total":17,"covered":0,"skipped":0,"pct":0},"branches":{"total":0,"covered":0,"skipped":0,"pct":100}}
,"D:\\Bizplus4u_Projects\\sms\\backend\\src\\api\\v1\\routes\\permission.routes.js": {"lines":{"total":11,"covered":0,"skipped":0,"pct":0},"functions":{"total":0,"covered":0,"skipped":0,"pct":100},"statements":{"total":11,"covered":0,"skipped":0,"pct":0},"branches":{"total":0,"covered":0,"skipped":0,"pct":100}}
,"D:\\Bizplus4u_Projects\\sms\\backend\\src\\api\\v1\\routes\\report.routes.js": {"lines":{"total":13,"covered":0,"skipped":0,"pct":0},"functions":{"total":0,"covered":0,"skipped":0,"pct":100},"statements":{"total":13,"covered":0,"skipped":0,"pct":0},"branches":{"total":0,"covered":0,"skipped":0,"pct":100}}
,"D:\\Bizplus4u_Projects\\sms\\backend\\src\\api\\v1\\routes\\role.routes.js": {"lines":{"total":13,"covered":0,"skipped":0,"pct":0},"functions":{"total":0,"covered":0,"skipped":0,"pct":100},"statements":{"total":13,"covered":0,"skipped":0,"pct":0},"branches":{"total":0,"covered":0,"skipped":0,"pct":100}}
,"D:\\Bizplus4u_Projects\\sms\\backend\\src\\api\\v1\\routes\\school.routes.js": {"lines":{"total":23,"covered":0,"skipped":0,"pct":0},"functions":{"total":0,"covered":0,"skipped":0,"pct":100},"statements":{"total":23,"covered":0,"skipped":0,"pct":0},"branches":{"total":0,"covered":0,"skipped":0,"pct":100}}
,"D:\\Bizplus4u_Projects\\sms\\backend\\src\\api\\v1\\routes\\section.routes.js": {"lines":{"total":13,"covered":0,"skipped":0,"pct":0},"functions":{"total":0,"covered":0,"skipped":0,"pct":100},"statements":{"total":13,"covered":0,"skipped":0,"pct":0},"branches":{"total":0,"covered":0,"skipped":0,"pct":100}}
,"D:\\Bizplus4u_Projects\\sms\\backend\\src\\api\\v1\\routes\\session-hour.routes.js": {"lines":{"total":13,"covered":0,"skipped":0,"pct":0},"functions":{"total":0,"covered":0,"skipped":0,"pct":100},"statements":{"total":13,"covered":0,"skipped":0,"pct":0},"branches":{"total":0,"covered":0,"skipped":0,"pct":100}}
,"D:\\Bizplus4u_Projects\\sms\\backend\\src\\api\\v1\\routes\\student-exit.routes.js": {"lines":{"total":16,"covered":0,"skipped":0,"pct":0},"functions":{"total":0,"covered":0,"skipped":0,"pct":100},"statements":{"total":16,"covered":0,"skipped":0,"pct":0},"branches":{"total":0,"covered":0,"skipped":0,"pct":100}}
,"D:\\Bizplus4u_Projects\\sms\\backend\\src\\api\\v1\\routes\\student-portal.routes.js": {"lines":{"total":8,"covered":0,"skipped":0,"pct":0},"functions":{"total":0,"covered":0,"skipped":0,"pct":100},"statements":{"total":8,"covered":0,"skipped":0,"pct":0},"branches":{"total":0,"covered":0,"skipped":0,"pct":100}}
,"D:\\Bizplus4u_Projects\\sms\\backend\\src\\api\\v1\\routes\\student.routes.js": {"lines":{"total":23,"covered":0,"skipped":0,"pct":0},"functions":{"total":0,"covered":0,"skipped":0,"pct":100},"statements":{"total":23,"covered":0,"skipped":0,"pct":0},"branches":{"total":0,"covered":0,"skipped":0,"pct":100}}
,"D:\\Bizplus4u_Projects\\sms\\backend\\src\\api\\v1\\routes\\subject.routes.js": {"lines":{"total":13,"covered":0,"skipped":0,"pct":0},"functions":{"total":0,"covered":0,"skipped":0,"pct":100},"statements":{"total":13,"covered":0,"skipped":0,"pct":0},"branches":{"total":0,"covered":0,"skipped":0,"pct":100}}
,"D:\\Bizplus4u_Projects\\sms\\backend\\src\\api\\v1\\routes\\subscription.routes.js": {"lines":{"total":6,"covered":0,"skipped":0,"pct":0},"functions":{"total":0,"covered":0,"skipped":0,"pct":100},"statements":{"total":6,"covered":0,"skipped":0,"pct":0},"branches":{"total":0,"covered":0,"skipped":0,"pct":100}}
,"D:\\Bizplus4u_Projects\\sms\\backend\\src\\api\\v1\\routes\\teacher-portal.routes.js": {"lines":{"total":7,"covered":0,"skipped":0,"pct":0},"functions":{"total":0,"covered":0,"skipped":0,"pct":100},"statements":{"total":7,"covered":0,"skipped":0,"pct":0},"branches":{"total":0,"covered":0,"skipped":0,"pct":100}}
,"D:\\Bizplus4u_Projects\\sms\\backend\\src\\api\\v1\\routes\\teacher.routes.js": {"lines":{"total":16,"covered":0,"skipped":0,"pct":0},"functions":{"total":0,"covered":0,"skipped":0,"pct":100},"statements":{"total":16,"covered":0,"skipped":0,"pct":0},"branches":{"total":0,"covered":0,"skipped":0,"pct":100}}
,"D:\\Bizplus4u_Projects\\sms\\backend\\src\\api\\v1\\routes\\timetable.routes.js": {"lines":{"total":13,"covered":0,"skipped":0,"pct":0},"functions":{"total":0,"covered":0,"skipped":0,"pct":100},"statements":{"total":13,"covered":0,"skipped":0,"pct":0},"branches":{"total":0,"covered":0,"skipped":0,"pct":100}}
,"D:\\Bizplus4u_Projects\\sms\\backend\\src\\api\\v1\\routes\\transport.routes.js": {"lines":{"total":32,"covered":0,"skipped":0,"pct":0},"functions":{"total":0,"covered":0,"skipped":0,"pct":100},"statements":{"total":32,"covered":0,"skipped":0,"pct":0},"branches":{"total":0,"covered":0,"skipped":0,"pct":100}}
,"D:\\Bizplus4u_Projects\\sms\\backend\\src\\api\\v1\\routes\\upload.routes.js": {"lines":{"total":8,"covered":0,"skipped":0,"pct":0},"functions":{"total":0,"covered":0,"skipped":0,"pct":100},"statements":{"total":8,"covered":0,"skipped":0,"pct":0},"branches":{"total":0,"covered":0,"skipped":0,"pct":100}}
,"D:\\Bizplus4u_Projects\\sms\\backend\\src\\api\\v1\\routes\\user.routes.js": {"lines":{"total":9,"covered":0,"skipped":0,"pct":0},"functions":{"total":0,"covered":0,"skipped":0,"pct":100},"statements":{"total":9,"covered":0,"skipped":0,"pct":0},"branches":{"total":0,"covered":0,"skipped":0,"pct":100}}
,"D:\\Bizplus4u_Projects\\sms\\backend\\src\\api\\v1\\services\\academic-year.service.js": {"lines":{"total":169,"covered":31,"skipped":0,"pct":18.34},"functions":{"total":24,"covered":7,"skipped":0,"pct":29.16},"statements":{"total":172,"covered":31,"skipped":0,"pct":18.02},"branches":{"total":158,"covered":14,"skipped":0,"pct":8.86}}
,"D:\\Bizplus4u_Projects\\sms\\backend\\src\\api\\v1\\services\\achievement.service.js": {"lines":{"total":28,"covered":0,"skipped":0,"pct":0},"functions":{"total":6,"covered":0,"skipped":0,"pct":0},"statements":{"total":30,"covered":0,"skipped":0,"pct":0},"branches":{"total":38,"covered":0,"skipped":0,"pct":0}}
,"D:\\Bizplus4u_Projects\\sms\\backend\\src\\api\\v1\\services\\assignment.service.js": {"lines":{"total":178,"covered":117,"skipped":0,"pct":65.73},"functions":{"total":33,"covered":24,"skipped":0,"pct":72.72},"statements":{"total":185,"covered":119,"skipped":0,"pct":64.32},"branches":{"total":224,"covered":112,"skipped":0,"pct":50}}
,"D:\\Bizplus4u_Projects\\sms\\backend\\src\\api\\v1\\services\\attendance.service.js": {"lines":{"total":54,"covered":0,"skipped":0,"pct":0},"functions":{"total":4,"covered":0,"skipped":0,"pct":0},"statements":{"total":55,"covered":0,"skipped":0,"pct":0},"branches":{"total":45,"covered":0,"skipped":0,"pct":0}}
,"D:\\Bizplus4u_Projects\\sms\\backend\\src\\api\\v1\\services\\auth.service.js": {"lines":{"total":154,"covered":42,"skipped":0,"pct":27.27},"functions":{"total":14,"covered":8,"skipped":0,"pct":57.14},"statements":{"total":155,"covered":43,"skipped":0,"pct":27.74},"branches":{"total":94,"covered":19,"skipped":0,"pct":20.21}}
,"D:\\Bizplus4u_Projects\\sms\\backend\\src\\api\\v1\\services\\book.service.js": {"lines":{"total":30,"covered":0,"skipped":0,"pct":0},"functions":{"total":10,"covered":0,"skipped":0,"pct":0},"statements":{"total":30,"covered":0,"skipped":0,"pct":0},"branches":{"total":19,"covered":0,"skipped":0,"pct":0}}
,"D:\\Bizplus4u_Projects\\sms\\backend\\src\\api\\v1\\services\\class-timetable.service.js": {"lines":{"total":77,"covered":0,"skipped":0,"pct":0},"functions":{"total":10,"covered":0,"skipped":0,"pct":0},"statements":{"total":77,"covered":0,"skipped":0,"pct":0},"branches":{"total":75,"covered":0,"skipped":0,"pct":0}}
,"D:\\Bizplus4u_Projects\\sms\\backend\\src\\api\\v1\\services\\class.service.js": {"lines":{"total":56,"covered":35,"skipped":0,"pct":62.5},"functions":{"total":11,"covered":10,"skipped":0,"pct":90.9},"statements":{"total":56,"covered":35,"skipped":0,"pct":62.5},"branches":{"total":61,"covered":19,"skipped":0,"pct":31.14}}
,"D:\\Bizplus4u_Projects\\sms\\backend\\src\\api\\v1\\services\\communication.service.js": {"lines":{"total":438,"covered":280,"skipped":0,"pct":63.92},"functions":{"total":55,"covered":40,"skipped":0,"pct":72.72},"statements":{"total":452,"covered":291,"skipped":0,"pct":64.38},"branches":{"total":459,"covered":184,"skipped":0,"pct":40.08}}
,"D:\\Bizplus4u_Projects\\sms\\backend\\src\\api\\v1\\services\\contact.service.js": {"lines":{"total":8,"covered":0,"skipped":0,"pct":0},"functions":{"total":1,"covered":0,"skipped":0,"pct":0},"statements":{"total":8,"covered":0,"skipped":0,"pct":0},"branches":{"total":4,"covered":0,"skipped":0,"pct":0}}
,"D:\\Bizplus4u_Projects\\sms\\backend\\src\\api\\v1\\services\\dashboard.service.js": {"lines":{"total":13,"covered":8,"skipped":0,"pct":61.53},"functions":{"total":4,"covered":3,"skipped":0,"pct":75},"statements":{"total":13,"covered":8,"skipped":0,"pct":61.53},"branches":{"total":6,"covered":3,"skipped":0,"pct":50}}
,"D:\\Bizplus4u_Projects\\sms\\backend\\src\\api\\v1\\services\\employee.service.js": {"lines":{"total":20,"covered":0,"skipped":0,"pct":0},"functions":{"total":5,"covered":0,"skipped":0,"pct":0},"statements":{"total":21,"covered":0,"skipped":0,"pct":0},"branches":{"total":26,"covered":0,"skipped":0,"pct":0}}
,"D:\\Bizplus4u_Projects\\sms\\backend\\src\\api\\v1\\services\\exam-schedule.service.js": {"lines":{"total":150,"covered":105,"skipped":0,"pct":70},"functions":{"total":13,"covered":12,"skipped":0,"pct":92.3},"statements":{"total":151,"covered":105,"skipped":0,"pct":69.53},"branches":{"total":128,"covered":69,"skipped":0,"pct":53.9}}
,"D:\\Bizplus4u_Projects\\sms\\backend\\src\\api\\v1\\services\\exam.service.js": {"lines":{"total":24,"covered":23,"skipped":0,"pct":95.83},"functions":{"total":3,"covered":3,"skipped":0,"pct":100},"statements":{"total":24,"covered":23,"skipped":0,"pct":95.83},"branches":{"total":24,"covered":18,"skipped":0,"pct":75}}
,"D:\\Bizplus4u_Projects\\sms\\backend\\src\\api\\v1\\services\\expense.service.js": {"lines":{"total":6,"covered":0,"skipped":0,"pct":0},"functions":{"total":3,"covered":0,"skipped":0,"pct":0},"statements":{"total":6,"covered":0,"skipped":0,"pct":0},"branches":{"total":3,"covered":0,"skipped":0,"pct":0}}
,"D:\\Bizplus4u_Projects\\sms\\backend\\src\\api\\v1\\services\\fee-term.service.js": {"lines":{"total":100,"covered":0,"skipped":0,"pct":0},"functions":{"total":7,"covered":0,"skipped":0,"pct":0},"statements":{"total":100,"covered":0,"skipped":0,"pct":0},"branches":{"total":116,"covered":0,"skipped":0,"pct":0}}
,"D:\\Bizplus4u_Projects\\sms\\backend\\src\\api\\v1\\services\\fee.service.js": {"lines":{"total":82,"covered":0,"skipped":0,"pct":0},"functions":{"total":11,"covered":0,"skipped":0,"pct":0},"statements":{"total":82,"covered":0,"skipped":0,"pct":0},"branches":{"total":140,"covered":0,"skipped":0,"pct":0}}
,"D:\\Bizplus4u_Projects\\sms\\backend\\src\\api\\v1\\services\\holiday.service.js": {"lines":{"total":22,"covered":0,"skipped":0,"pct":0},"functions":{"total":4,"covered":0,"skipped":0,"pct":0},"statements":{"total":22,"covered":0,"skipped":0,"pct":0},"branches":{"total":10,"covered":0,"skipped":0,"pct":0}}
,"D:\\Bizplus4u_Projects\\sms\\backend\\src\\api\\v1\\services\\hostel.service.js": {"lines":{"total":5,"covered":0,"skipped":0,"pct":0},"functions":{"total":3,"covered":0,"skipped":0,"pct":0},"statements":{"total":5,"covered":0,"skipped":0,"pct":0},"branches":{"total":0,"covered":0,"skipped":0,"pct":100}}
,"D:\\Bizplus4u_Projects\\sms\\backend\\src\\api\\v1\\services\\inventory.service.js": {"lines":{"total":8,"covered":0,"skipped":0,"pct":0},"functions":{"total":5,"covered":0,"skipped":0,"pct":0},"statements":{"total":8,"covered":0,"skipped":0,"pct":0},"branches":{"total":8,"covered":0,"skipped":0,"pct":0}}
,"D:\\Bizplus4u_Projects\\sms\\backend\\src\\api\\v1\\services\\leave.service.js": {"lines":{"total":398,"covered":138,"skipped":0,"pct":34.67},"functions":{"total":69,"covered":29,"skipped":0,"pct":42.02},"statements":{"total":407,"covered":145,"skipped":0,"pct":35.62},"branches":{"total":473,"covered":91,"skipped":0,"pct":19.23}}
,"D:\\Bizplus4u_Projects\\sms\\backend\\src\\api\\v1\\services\\library-settings.service.js": {"lines":{"total":8,"covered":0,"skipped":0,"pct":0},"functions":{"total":6,"covered":0,"skipped":0,"pct":0},"statements":{"total":8,"covered":0,"skipped":0,"pct":0},"branches":{"total":6,"covered":0,"skipped":0,"pct":0}}
,"D:\\Bizplus4u_Projects\\sms\\backend\\src\\api\\v1\\services\\library-transaction.service.js": {"lines":{"total":50,"covered":0,"skipped":0,"pct":0},"functions":{"total":10,"covered":0,"skipped":0,"pct":0},"statements":{"total":51,"covered":0,"skipped":0,"pct":0},"branches":{"total":33,"covered":0,"skipped":0,"pct":0}}
,"D:\\Bizplus4u_Projects\\sms\\backend\\src\\api\\v1\\services\\mark.service.js": {"lines":{"total":59,"covered":0,"skipped":0,"pct":0},"functions":{"total":10,"covered":0,"skipped":0,"pct":0},"statements":{"total":60,"covered":0,"skipped":0,"pct":0},"branches":{"total":69,"covered":0,"skipped":0,"pct":0}}
,"D:\\Bizplus4u_Projects\\sms\\backend\\src\\api\\v1\\services\\parent-dashboard.service.js": {"lines":{"total":53,"covered":49,"skipped":0,"pct":92.45},"functions":{"total":17,"covered":15,"skipped":0,"pct":88.23},"statements":{"total":62,"covered":53,"skipped":0,"pct":85.48},"branches":{"total":110,"covered":53,"skipped":0,"pct":48.18}}
,"D:\\Bizplus4u_Projects\\sms\\backend\\src\\api\\v1\\services\\parent.service.js": {"lines":{"total":43,"covered":40,"skipped":0,"pct":93.02},"functions":{"total":11,"covered":10,"skipped":0,"pct":90.9},"statements":{"total":43,"covered":40,"skipped":0,"pct":93.02},"branches":{"total":106,"covered":85,"skipped":0,"pct":80.18}}
,"D:\\Bizplus4u_Projects\\sms\\backend\\src\\api\\v1\\services\\permission.service.js": {"lines":{"total":18,"covered":4,"skipped":0,"pct":22.22},"functions":{"total":3,"covered":0,"skipped":0,"pct":0},"statements":{"total":18,"covered":4,"skipped":0,"pct":22.22},"branches":{"total":6,"covered":0,"skipped":0,"pct":0}}
,"D:\\Bizplus4u_Projects\\sms\\backend\\src\\api\\v1\\services\\photo-storage.service.js": {"lines":{"total":80,"covered":0,"skipped":0,"pct":0},"functions":{"total":15,"covered":0,"skipped":0,"pct":0},"statements":{"total":81,"covered":0,"skipped":0,"pct":0},"branches":{"total":67,"covered":0,"skipped":0,"pct":0}}
,"D:\\Bizplus4u_Projects\\sms\\backend\\src\\api\\v1\\services\\report.service.js": {"lines":{"total":7,"covered":6,"skipped":0,"pct":85.71},"functions":{"total":5,"covered":4,"skipped":0,"pct":80},"statements":{"total":7,"covered":6,"skipped":0,"pct":85.71},"branches":{"total":5,"covered":1,"skipped":0,"pct":20}}
,"D:\\Bizplus4u_Projects\\sms\\backend\\src\\api\\v1\\services\\role.service.js": {"lines":{"total":37,"covered":3,"skipped":0,"pct":8.1},"functions":{"total":5,"covered":0,"skipped":0,"pct":0},"statements":{"total":38,"covered":3,"skipped":0,"pct":7.89},"branches":{"total":26,"covered":0,"skipped":0,"pct":0}}
,"D:\\Bizplus4u_Projects\\sms\\backend\\src\\api\\v1\\services\\school.service.js": {"lines":{"total":781,"covered":78,"skipped":0,"pct":9.98},"functions":{"total":51,"covered":6,"skipped":0,"pct":11.76},"statements":{"total":828,"covered":87,"skipped":0,"pct":10.5},"branches":{"total":624,"covered":5,"skipped":0,"pct":0.8}}
,"D:\\Bizplus4u_Projects\\sms\\backend\\src\\api\\v1\\services\\section.service.js": {"lines":{"total":67,"covered":0,"skipped":0,"pct":0},"functions":{"total":8,"covered":0,"skipped":0,"pct":0},"statements":{"total":68,"covered":0,"skipped":0,"pct":0},"branches":{"total":52,"covered":0,"skipped":0,"pct":0}}
,"D:\\Bizplus4u_Projects\\sms\\backend\\src\\api\\v1\\services\\session-hour.service.js": {"lines":{"total":79,"covered":0,"skipped":0,"pct":0},"functions":{"total":7,"covered":0,"skipped":0,"pct":0},"statements":{"total":79,"covered":0,"skipped":0,"pct":0},"branches":{"total":91,"covered":0,"skipped":0,"pct":0}}
,"D:\\Bizplus4u_Projects\\sms\\backend\\src\\api\\v1\\services\\student-dashboard.service.js": {"lines":{"total":43,"covered":29,"skipped":0,"pct":67.44},"functions":{"total":18,"covered":10,"skipped":0,"pct":55.55},"statements":{"total":56,"covered":35,"skipped":0,"pct":62.5},"branches":{"total":84,"covered":39,"skipped":0,"pct":46.42}}
,"D:\\Bizplus4u_Projects\\sms\\backend\\src\\api\\v1\\services\\student-exit.service.js": {"lines":{"total":90,"covered":0,"skipped":0,"pct":0},"functions":{"total":15,"covered":0,"skipped":0,"pct":0},"statements":{"total":103,"covered":0,"skipped":0,"pct":0},"branches":{"total":78,"covered":0,"skipped":0,"pct":0}}
,"D:\\Bizplus4u_Projects\\sms\\backend\\src\\api\\v1\\services\\student.service.js": {"lines":{"total":242,"covered":117,"skipped":0,"pct":48.34},"functions":{"total":38,"covered":23,"skipped":0,"pct":60.52},"statements":{"total":249,"covered":120,"skipped":0,"pct":48.19},"branches":{"total":300,"covered":125,"skipped":0,"pct":41.66}}
,"D:\\Bizplus4u_Projects\\sms\\backend\\src\\api\\v1\\services\\subscription.service.js": {"lines":{"total":15,"covered":0,"skipped":0,"pct":0},"functions":{"total":1,"covered":0,"skipped":0,"pct":0},"statements":{"total":15,"covered":0,"skipped":0,"pct":0},"branches":{"total":10,"covered":0,"skipped":0,"pct":0}}
,"D:\\Bizplus4u_Projects\\sms\\backend\\src\\api\\v1\\services\\teacher-dashboard.service.js": {"lines":{"total":46,"covered":42,"skipped":0,"pct":91.3},"functions":{"total":12,"covered":12,"skipped":0,"pct":100},"statements":{"total":56,"covered":46,"skipped":0,"pct":82.14},"branches":{"total":81,"covered":37,"skipped":0,"pct":45.67}}
,"D:\\Bizplus4u_Projects\\sms\\backend\\src\\api\\v1\\services\\teacher.service.js": {"lines":{"total":65,"covered":55,"skipped":0,"pct":84.61},"functions":{"total":11,"covered":11,"skipped":0,"pct":100},"statements":{"total":65,"covered":55,"skipped":0,"pct":84.61},"branches":{"total":124,"covered":77,"skipped":0,"pct":62.09}}
,"D:\\Bizplus4u_Projects\\sms\\backend\\src\\api\\v1\\services\\timetable.service.js": {"lines":{"total":10,"covered":0,"skipped":0,"pct":0},"functions":{"total":3,"covered":0,"skipped":0,"pct":0},"statements":{"total":10,"covered":0,"skipped":0,"pct":0},"branches":{"total":17,"covered":0,"skipped":0,"pct":0}}
,"D:\\Bizplus4u_Projects\\sms\\backend\\src\\api\\v1\\services\\transport.service.js": {"lines":{"total":97,"covered":13,"skipped":0,"pct":13.4},"functions":{"total":26,"covered":5,"skipped":0,"pct":19.23},"statements":{"total":117,"covered":13,"skipped":0,"pct":11.11},"branches":{"total":56,"covered":0,"skipped":0,"pct":0}}
,"D:\\Bizplus4u_Projects\\sms\\backend\\src\\api\\v1\\utils\\context.js": {"lines":{"total":21,"covered":18,"skipped":0,"pct":85.71},"functions":{"total":5,"covered":4,"skipped":0,"pct":80},"statements":{"total":22,"covered":19,"skipped":0,"pct":86.36},"branches":{"total":17,"covered":14,"skipped":0,"pct":82.35}}
,"D:\\Bizplus4u_Projects\\sms\\backend\\src\\api\\v1\\utils\\fine-calculator.js": {"lines":{"total":35,"covered":0,"skipped":0,"pct":0},"functions":{"total":5,"covered":0,"skipped":0,"pct":0},"statements":{"total":41,"covered":0,"skipped":0,"pct":0},"branches":{"total":23,"covered":0,"skipped":0,"pct":0}}
,"D:\\Bizplus4u_Projects\\sms\\backend\\src\\api\\v1\\utils\\resource-counter.js": {"lines":{"total":16,"covered":0,"skipped":0,"pct":0},"functions":{"total":6,"covered":0,"skipped":0,"pct":0},"statements":{"total":16,"covered":0,"skipped":0,"pct":0},"branches":{"total":4,"covered":0,"skipped":0,"pct":0}}
,"D:\\Bizplus4u_Projects\\sms\\backend\\src\\api\\v1\\validators\\academic-year.validator.js": {"lines":{"total":8,"covered":0,"skipped":0,"pct":0},"functions":{"total":0,"covered":0,"skipped":0,"pct":100},"statements":{"total":8,"covered":0,"skipped":0,"pct":0},"branches":{"total":0,"covered":0,"skipped":0,"pct":100}}
,"D:\\Bizplus4u_Projects\\sms\\backend\\src\\api\\v1\\validators\\assignment.validator.js": {"lines":{"total":13,"covered":0,"skipped":0,"pct":0},"functions":{"total":2,"covered":0,"skipped":0,"pct":0},"statements":{"total":13,"covered":0,"skipped":0,"pct":0},"branches":{"total":10,"covered":0,"skipped":0,"pct":0}}
,"D:\\Bizplus4u_Projects\\sms\\backend\\src\\api\\v1\\validators\\attendance.validator.js": {"lines":{"total":18,"covered":0,"skipped":0,"pct":0},"functions":{"total":1,"covered":0,"skipped":0,"pct":0},"statements":{"total":18,"covered":0,"skipped":0,"pct":0},"branches":{"total":21,"covered":0,"skipped":0,"pct":0}}
,"D:\\Bizplus4u_Projects\\sms\\backend\\src\\api\\v1\\validators\\auth.validator.js": {"lines":{"total":7,"covered":0,"skipped":0,"pct":0},"functions":{"total":0,"covered":0,"skipped":0,"pct":100},"statements":{"total":7,"covered":0,"skipped":0,"pct":0},"branches":{"total":0,"covered":0,"skipped":0,"pct":100}}
,"D:\\Bizplus4u_Projects\\sms\\backend\\src\\api\\v1\\validators\\book.validator.js": {"lines":{"total":11,"covered":0,"skipped":0,"pct":0},"functions":{"total":0,"covered":0,"skipped":0,"pct":100},"statements":{"total":11,"covered":0,"skipped":0,"pct":0},"branches":{"total":0,"covered":0,"skipped":0,"pct":100}}
,"D:\\Bizplus4u_Projects\\sms\\backend\\src\\api\\v1\\validators\\class-timetable.validator.js": {"lines":{"total":9,"covered":0,"skipped":0,"pct":0},"functions":{"total":0,"covered":0,"skipped":0,"pct":100},"statements":{"total":9,"covered":0,"skipped":0,"pct":0},"branches":{"total":0,"covered":0,"skipped":0,"pct":100}}
,"D:\\Bizplus4u_Projects\\sms\\backend\\src\\api\\v1\\validators\\class.validator.js": {"lines":{"total":7,"covered":0,"skipped":0,"pct":0},"functions":{"total":0,"covered":0,"skipped":0,"pct":100},"statements":{"total":7,"covered":0,"skipped":0,"pct":0},"branches":{"total":0,"covered":0,"skipped":0,"pct":100}}
,"D:\\Bizplus4u_Projects\\sms\\backend\\src\\api\\v1\\validators\\communication.validator.js": {"lines":{"total":14,"covered":0,"skipped":0,"pct":0},"functions":{"total":1,"covered":0,"skipped":0,"pct":0},"statements":{"total":14,"covered":0,"skipped":0,"pct":0},"branches":{"total":4,"covered":0,"skipped":0,"pct":0}}
,"D:\\Bizplus4u_Projects\\sms\\backend\\src\\api\\v1\\validators\\contact.validator.js": {"lines":{"total":3,"covered":0,"skipped":0,"pct":0},"functions":{"total":0,"covered":0,"skipped":0,"pct":100},"statements":{"total":3,"covered":0,"skipped":0,"pct":0},"branches":{"total":0,"covered":0,"skipped":0,"pct":100}}
,"D:\\Bizplus4u_Projects\\sms\\backend\\src\\api\\v1\\validators\\dashboard.validator.js": {"lines":{"total":4,"covered":0,"skipped":0,"pct":0},"functions":{"total":0,"covered":0,"skipped":0,"pct":100},"statements":{"total":4,"covered":0,"skipped":0,"pct":0},"branches":{"total":0,"covered":0,"skipped":0,"pct":100}}
,"D:\\Bizplus4u_Projects\\sms\\backend\\src\\api\\v1\\validators\\employee.validator.js": {"lines":{"total":21,"covered":0,"skipped":0,"pct":0},"functions":{"total":3,"covered":0,"skipped":0,"pct":0},"statements":{"total":21,"covered":0,"skipped":0,"pct":0},"branches":{"total":14,"covered":0,"skipped":0,"pct":0}}
,"D:\\Bizplus4u_Projects\\sms\\backend\\src\\api\\v1\\validators\\exam-schedule.validator.js": {"lines":{"total":5,"covered":0,"skipped":0,"pct":0},"functions":{"total":0,"covered":0,"skipped":0,"pct":100},"statements":{"total":5,"covered":0,"skipped":0,"pct":0},"branches":{"total":0,"covered":0,"skipped":0,"pct":100}}
,"D:\\Bizplus4u_Projects\\sms\\backend\\src\\api\\v1\\validators\\exam.validator.js": {"lines":{"total":3,"covered":0,"skipped":0,"pct":0},"functions":{"total":0,"covered":0,"skipped":0,"pct":100},"statements":{"total":3,"covered":0,"skipped":0,"pct":0},"branches":{"total":0,"covered":0,"skipped":0,"pct":100}}
,"D:\\Bizplus4u_Projects\\sms\\backend\\src\\api\\v1\\validators\\expense.validator.js": {"lines":{"total":5,"covered":0,"skipped":0,"pct":0},"functions":{"total":0,"covered":0,"skipped":0,"pct":100},"statements":{"total":5,"covered":0,"skipped":0,"pct":0},"branches":{"total":0,"covered":0,"skipped":0,"pct":100}}
,"D:\\Bizplus4u_Projects\\sms\\backend\\src\\api\\v1\\validators\\fee-structure.validator.js": {"lines":{"total":5,"covered":0,"skipped":0,"pct":0},"functions":{"total":0,"covered":0,"skipped":0,"pct":100},"statements":{"total":5,"covered":0,"skipped":0,"pct":0},"branches":{"total":0,"covered":0,"skipped":0,"pct":100}}
,"D:\\Bizplus4u_Projects\\sms\\backend\\src\\api\\v1\\validators\\fee-term.validator.js": {"lines":{"total":6,"covered":0,"skipped":0,"pct":0},"functions":{"total":0,"covered":0,"skipped":0,"pct":100},"statements":{"total":6,"covered":0,"skipped":0,"pct":0},"branches":{"total":0,"covered":0,"skipped":0,"pct":100}}
,"D:\\Bizplus4u_Projects\\sms\\backend\\src\\api\\v1\\validators\\fee.validator.js": {"lines":{"total":13,"covered":0,"skipped":0,"pct":0},"functions":{"total":2,"covered":0,"skipped":0,"pct":0},"statements":{"total":14,"covered":0,"skipped":0,"pct":0},"branches":{"total":10,"covered":0,"skipped":0,"pct":0}}
,"D:\\Bizplus4u_Projects\\sms\\backend\\src\\api\\v1\\validators\\holiday.validator.js": {"lines":{"total":7,"covered":0,"skipped":0,"pct":0},"functions":{"total":1,"covered":0,"skipped":0,"pct":0},"statements":{"total":7,"covered":0,"skipped":0,"pct":0},"branches":{"total":2,"covered":0,"skipped":0,"pct":0}}
,"D:\\Bizplus4u_Projects\\sms\\backend\\src\\api\\v1\\validators\\hostel.validator.js": {"lines":{"total":4,"covered":0,"skipped":0,"pct":0},"functions":{"total":0,"covered":0,"skipped":0,"pct":100},"statements":{"total":4,"covered":0,"skipped":0,"pct":0},"branches":{"total":0,"covered":0,"skipped":0,"pct":100}}
,"D:\\Bizplus4u_Projects\\sms\\backend\\src\\api\\v1\\validators\\inventory.validator.js": {"lines":{"total":6,"covered":0,"skipped":0,"pct":0},"functions":{"total":0,"covered":0,"skipped":0,"pct":100},"statements":{"total":6,"covered":0,"skipped":0,"pct":0},"branches":{"total":0,"covered":0,"skipped":0,"pct":100}}
,"D:\\Bizplus4u_Projects\\sms\\backend\\src\\api\\v1\\validators\\leave.validator.js": {"lines":{"total":26,"covered":0,"skipped":0,"pct":0},"functions":{"total":3,"covered":0,"skipped":0,"pct":0},"statements":{"total":26,"covered":0,"skipped":0,"pct":0},"branches":{"total":16,"covered":0,"skipped":0,"pct":0}}
,"D:\\Bizplus4u_Projects\\sms\\backend\\src\\api\\v1\\validators\\library-settings.validator.js": {"lines":{"total":6,"covered":0,"skipped":0,"pct":0},"functions":{"total":0,"covered":0,"skipped":0,"pct":100},"statements":{"total":6,"covered":0,"skipped":0,"pct":0},"branches":{"total":0,"covered":0,"skipped":0,"pct":100}}
,"D:\\Bizplus4u_Projects\\sms\\backend\\src\\api\\v1\\validators\\library-transaction.validator.js": {"lines":{"total":9,"covered":0,"skipped":0,"pct":0},"functions":{"total":0,"covered":0,"skipped":0,"pct":100},"statements":{"total":9,"covered":0,"skipped":0,"pct":0},"branches":{"total":0,"covered":0,"skipped":0,"pct":100}}
,"D:\\Bizplus4u_Projects\\sms\\backend\\src\\api\\v1\\validators\\mark.validator.js": {"lines":{"total":9,"covered":0,"skipped":0,"pct":0},"functions":{"total":0,"covered":0,"skipped":0,"pct":100},"statements":{"total":9,"covered":0,"skipped":0,"pct":0},"branches":{"total":0,"covered":0,"skipped":0,"pct":100}}
,"D:\\Bizplus4u_Projects\\sms\\backend\\src\\api\\v1\\validators\\parent.validator.js": {"lines":{"total":57,"covered":0,"skipped":0,"pct":0},"functions":{"total":7,"covered":0,"skipped":0,"pct":0},"statements":{"total":57,"covered":0,"skipped":0,"pct":0},"branches":{"total":51,"covered":0,"skipped":0,"pct":0}}
,"D:\\Bizplus4u_Projects\\sms\\backend\\src\\api\\v1\\validators\\permission.validator.js": {"lines":{"total":4,"covered":0,"skipped":0,"pct":0},"functions":{"total":0,"covered":0,"skipped":0,"pct":100},"statements":{"total":4,"covered":0,"skipped":0,"pct":0},"branches":{"total":0,"covered":0,"skipped":0,"pct":100}}
,"D:\\Bizplus4u_Projects\\sms\\backend\\src\\api\\v1\\validators\\report.validator.js": {"lines":{"total":3,"covered":0,"skipped":0,"pct":0},"functions":{"total":0,"covered":0,"skipped":0,"pct":100},"statements":{"total":3,"covered":0,"skipped":0,"pct":0},"branches":{"total":0,"covered":0,"skipped":0,"pct":100}}
,"D:\\Bizplus4u_Projects\\sms\\backend\\src\\api\\v1\\validators\\role.validator.js": {"lines":{"total":5,"covered":0,"skipped":0,"pct":0},"functions":{"total":0,"covered":0,"skipped":0,"pct":100},"statements":{"total":5,"covered":0,"skipped":0,"pct":0},"branches":{"total":0,"covered":0,"skipped":0,"pct":100}}
,"D:\\Bizplus4u_Projects\\sms\\backend\\src\\api\\v1\\validators\\school.validator.js": {"lines":{"total":27,"covered":0,"skipped":0,"pct":0},"functions":{"total":2,"covered":0,"skipped":0,"pct":0},"statements":{"total":27,"covered":0,"skipped":0,"pct":0},"branches":{"total":16,"covered":0,"skipped":0,"pct":0}}
,"D:\\Bizplus4u_Projects\\sms\\backend\\src\\api\\v1\\validators\\section.validator.js": {"lines":{"total":7,"covered":0,"skipped":0,"pct":0},"functions":{"total":0,"covered":0,"skipped":0,"pct":100},"statements":{"total":7,"covered":0,"skipped":0,"pct":0},"branches":{"total":0,"covered":0,"skipped":0,"pct":100}}
,"D:\\Bizplus4u_Projects\\sms\\backend\\src\\api\\v1\\validators\\session-hour.validator.js": {"lines":{"total":6,"covered":0,"skipped":0,"pct":0},"functions":{"total":0,"covered":0,"skipped":0,"pct":100},"statements":{"total":6,"covered":0,"skipped":0,"pct":0},"branches":{"total":0,"covered":0,"skipped":0,"pct":100}}
,"D:\\Bizplus4u_Projects\\sms\\backend\\src\\api\\v1\\validators\\student-exit.validator.js": {"lines":{"total":8,"covered":0,"skipped":0,"pct":0},"functions":{"total":0,"covered":0,"skipped":0,"pct":100},"statements":{"total":8,"covered":0,"skipped":0,"pct":0},"branches":{"total":0,"covered":0,"skipped":0,"pct":100}}
,"D:\\Bizplus4u_Projects\\sms\\backend\\src\\api\\v1\\validators\\student.validator.js": {"lines":{"total":21,"covered":15,"skipped":0,"pct":71.42},"functions":{"total":3,"covered":1,"skipped":0,"pct":33.33},"statements":{"total":21,"covered":15,"skipped":0,"pct":71.42},"branches":{"total":8,"covered":4,"skipped":0,"pct":50}}
,"D:\\Bizplus4u_Projects\\sms\\backend\\src\\api\\v1\\validators\\subject.validator.js": {"lines":{"total":6,"covered":0,"skipped":0,"pct":0},"functions":{"total":0,"covered":0,"skipped":0,"pct":100},"statements":{"total":6,"covered":0,"skipped":0,"pct":0},"branches":{"total":0,"covered":0,"skipped":0,"pct":100}}
,"D:\\Bizplus4u_Projects\\sms\\backend\\src\\api\\v1\\validators\\teacher.validator.js": {"lines":{"total":21,"covered":0,"skipped":0,"pct":0},"functions":{"total":3,"covered":0,"skipped":0,"pct":0},"statements":{"total":21,"covered":0,"skipped":0,"pct":0},"branches":{"total":14,"covered":0,"skipped":0,"pct":0}}
,"D:\\Bizplus4u_Projects\\sms\\backend\\src\\api\\v1\\validators\\timetable.validator.js": {"lines":{"total":3,"covered":0,"skipped":0,"pct":0},"functions":{"total":0,"covered":0,"skipped":0,"pct":100},"statements":{"total":3,"covered":0,"skipped":0,"pct":0},"branches":{"total":0,"covered":0,"skipped":0,"pct":100}}
,"D:\\Bizplus4u_Projects\\sms\\backend\\src\\api\\v1\\validators\\transport.validator.js": {"lines":{"total":19,"covered":0,"skipped":0,"pct":0},"functions":{"total":0,"covered":0,"skipped":0,"pct":100},"statements":{"total":19,"covered":0,"skipped":0,"pct":0},"branches":{"total":0,"covered":0,"skipped":0,"pct":100}}
,"D:\\Bizplus4u_Projects\\sms\\backend\\src\\api\\v1\\validators\\user.validator.js": {"lines":{"total":3,"covered":0,"skipped":0,"pct":0},"functions":{"total":0,"covered":0,"skipped":0,"pct":100},"statements":{"total":3,"covered":0,"skipped":0,"pct":0},"branches":{"total":0,"covered":0,"skipped":0,"pct":100}}
,"D:\\Bizplus4u_Projects\\sms\\backend\\src\\middleware\\auth.middleware.js": {"lines":{"total":68,"covered":57,"skipped":0,"pct":83.82},"functions":{"total":11,"covered":7,"skipped":0,"pct":63.63},"statements":{"total":74,"covered":59,"skipped":0,"pct":79.72},"branches":{"total":54,"covered":38,"skipped":0,"pct":70.37}}
,"D:\\Bizplus4u_Projects\\sms\\backend\\src\\middleware\\error.middleware.js": {"lines":{"total":51,"covered":13,"skipped":0,"pct":25.49},"functions":{"total":7,"covered":3,"skipped":0,"pct":42.85},"statements":{"total":53,"covered":13,"skipped":0,"pct":24.52},"branches":{"total":51,"covered":1,"skipped":0,"pct":1.96}}
,"D:\\Bizplus4u_Projects\\sms\\backend\\src\\middleware\\payload-normalizer.middleware.js": {"lines":{"total":42,"covered":36,"skipped":0,"pct":85.71},"functions":{"total":5,"covered":5,"skipped":0,"pct":100},"statements":{"total":42,"covered":36,"skipped":0,"pct":85.71},"branches":{"total":31,"covered":21,"skipped":0,"pct":67.74}}
,"D:\\Bizplus4u_Projects\\sms\\backend\\src\\middleware\\photo-upload.middleware.js": {"lines":{"total":38,"covered":0,"skipped":0,"pct":0},"functions":{"total":5,"covered":0,"skipped":0,"pct":0},"statements":{"total":39,"covered":0,"skipped":0,"pct":0},"branches":{"total":12,"covered":0,"skipped":0,"pct":0}}
,"D:\\Bizplus4u_Projects\\sms\\backend\\src\\middleware\\rbac.middleware.js": {"lines":{"total":71,"covered":67,"skipped":0,"pct":94.36},"functions":{"total":16,"covered":16,"skipped":0,"pct":100},"statements":{"total":80,"covered":74,"skipped":0,"pct":92.5},"branches":{"total":64,"covered":51,"skipped":0,"pct":79.68}}
,"D:\\Bizplus4u_Projects\\sms\\backend\\src\\middleware\\role.middleware.js": {"lines":{"total":2,"covered":2,"skipped":0,"pct":100},"functions":{"total":0,"covered":0,"skipped":0,"pct":100},"statements":{"total":2,"covered":2,"skipped":0,"pct":100},"branches":{"total":0,"covered":0,"skipped":0,"pct":100}}
,"D:\\Bizplus4u_Projects\\sms\\backend\\src\\middleware\\trial-limits.middleware.js": {"lines":{"total":59,"covered":0,"skipped":0,"pct":0},"functions":{"total":6,"covered":0,"skipped":0,"pct":0},"statements":{"total":69,"covered":0,"skipped":0,"pct":0},"branches":{"total":30,"covered":0,"skipped":0,"pct":0}}
,"D:\\Bizplus4u_Projects\\sms\\backend\\src\\middleware\\validation.middleware.js": {"lines":{"total":9,"covered":0,"skipped":0,"pct":0},"functions":{"total":2,"covered":0,"skipped":0,"pct":0},"statements":{"total":10,"covered":0,"skipped":0,"pct":0},"branches":{"total":4,"covered":0,"skipped":0,"pct":0}}
,"D:\\Bizplus4u_Projects\\sms\\backend\\src\\utils\\errors.js": {"lines":{"total":13,"covered":0,"skipped":0,"pct":0},"functions":{"total":7,"covered":0,"skipped":0,"pct":0},"statements":{"total":13,"covered":0,"skipped":0,"pct":0},"branches":{"total":7,"covered":0,"skipped":0,"pct":0}}
,"D:\\Bizplus4u_Projects\\sms\\backend\\src\\utils\\logger.js": {"lines":{"total":17,"covered":0,"skipped":0,"pct":0},"functions":{"total":7,"covered":0,"skipped":0,"pct":0},"statements":{"total":17,"covered":0,"skipped":0,"pct":0},"branches":{"total":4,"covered":0,"skipped":0,"pct":0}}
,"D:\\Bizplus4u_Projects\\sms\\backend\\src\\utils\\response.js": {"lines":{"total":19,"covered":0,"skipped":0,"pct":0},"functions":{"total":9,"covered":0,"skipped":0,"pct":0},"statements":{"total":19,"covered":0,"skipped":0,"pct":0},"branches":{"total":13,"covered":0,"skipped":0,"pct":0}}
,"D:\\Bizplus4u_Projects\\sms\\backend\\src\\utils\\email\\smtp-mailer.js": {"lines":{"total":43,"covered":0,"skipped":0,"pct":0},"functions":{"total":8,"covered":0,"skipped":0,"pct":0},"statements":{"total":43,"covered":0,"skipped":0,"pct":0},"branches":{"total":35,"covered":0,"skipped":0,"pct":0}}
,"D:\\Bizplus4u_Projects\\sms\\backend\\src\\utils\\pdf\\certificate-generator.js": {"lines":{"total":137,"covered":0,"skipped":0,"pct":0},"functions":{"total":16,"covered":0,"skipped":0,"pct":0},"statements":{"total":149,"covered":0,"skipped":0,"pct":0},"branches":{"total":90,"covered":0,"skipped":0,"pct":0}}
,"D:\\Bizplus4u_Projects\\sms\\backend\\src\\utils\\pdf\\fee-receipt-generator.js": {"lines":{"total":45,"covered":0,"skipped":0,"pct":0},"functions":{"total":8,"covered":0,"skipped":0,"pct":0},"statements":{"total":47,"covered":0,"skipped":0,"pct":0},"branches":{"total":32,"covered":0,"skipped":0,"pct":0}}
}
