{"total": {"lines":{"total":10843,"covered":118,"skipped":0,"pct":1.08},"statements":{"total":11292,"covered":125,"skipped":0,"pct":1.1},"functions":{"total":1585,"covered":15,"skipped":0,"pct":0.94},"branches":{"total":8372,"covered":98,"skipped":0,"pct":1.17},"branchesTrue":{"total":0,"covered":0,"skipped":0,"pct":100}}
,"D:\\Bizplus4u_Projects\\sms\\Sms-integrated\\sms-backend\\src\\api\\v1\\config\\report-permissions.matrix.js": {"lines":{"total":9,"covered":0,"skipped":0,"pct":0},"functions":{"total":2,"covered":0,"skipped":0,"pct":0},"statements":{"total":10,"covered":0,"skipped":0,"pct":0},"branches":{"total":4,"covered":0,"skipped":0,"pct":0}}
,"D:\\Bizplus4u_Projects\\sms\\Sms-integrated\\sms-backend\\src\\api\\v1\\controllers\\academic-year.controller.js": {"lines":{"total":36,"covered":0,"skipped":0,"pct":0},"functions":{"total":7,"covered":0,"skipped":0,"pct":0},"statements":{"total":36,"covered":0,"skipped":0,"pct":0},"branches":{"total":2,"covered":0,"skipped":0,"pct":0}}
,"D:\\Bizplus4u_Projects\\sms\\Sms-integrated\\sms-backend\\src\\api\\v1\\controllers\\achievement.controller.js": {"lines":{"total":24,"covered":0,"skipped":0,"pct":0},"functions":{"total":3,"covered":0,"skipped":0,"pct":0},"statements":{"total":24,"covered":0,"skipped":0,"pct":0},"branches":{"total":18,"covered":0,"skipped":0,"pct":0}}
,"D:\\Bizplus4u_Projects\\sms\\Sms-integrated\\sms-backend\\src\\api\\v1\\controllers\\assignment.controller.js": {"lines":{"total":23,"covered":0,"skipped":0,"pct":0},"functions":{"total":6,"covered":0,"skipped":0,"pct":0},"statements":{"total":24,"covered":0,"skipped":0,"pct":0},"branches":{"total":3,"covered":0,"skipped":0,"pct":0}}
,"D:\\Bizplus4u_Projects\\sms\\Sms-integrated\\sms-backend\\src\\api\\v1\\controllers\\attendance.controller.js": {"lines":{"total":30,"covered":0,"skipped":0,"pct":0},"functions":{"total":5,"covered":0,"skipped":0,"pct":0},"statements":{"total":31,"covered":0,"skipped":0,"pct":0},"branches":{"total":31,"covered":0,"skipped":0,"pct":0}}
,"D:\\Bizplus4u_Projects\\sms\\Sms-integrated\\sms-backend\\src\\api\\v1\\controllers\\auth.controller.js": {"lines":{"total":47,"covered":0,"skipped":0,"pct":0},"functions":{"total":10,"covered":0,"skipped":0,"pct":0},"statements":{"total":47,"covered":0,"skipped":0,"pct":0},"branches":{"total":4,"covered":0,"skipped":0,"pct":0}}
,"D:\\Bizplus4u_Projects\\sms\\Sms-integrated\\sms-backend\\src\\api\\v1\\controllers\\book.controller.js": {"lines":{"total":37,"covered":0,"skipped":0,"pct":0},"functions":{"total":11,"covered":0,"skipped":0,"pct":0},"statements":{"total":38,"covered":0,"skipped":0,"pct":0},"branches":{"total":2,"covered":0,"skipped":0,"pct":0}}
,"D:\\Bizplus4u_Projects\\sms\\Sms-integrated\\sms-backend\\src\\api\\v1\\controllers\\class-timetable.controller.js": {"lines":{"total":40,"covered":0,"skipped":0,"pct":0},"functions":{"total":8,"covered":0,"skipped":0,"pct":0},"statements":{"total":40,"covered":0,"skipped":0,"pct":0},"branches":{"total":0,"covered":0,"skipped":0,"pct":100}}
,"D:\\Bizplus4u_Projects\\sms\\Sms-integrated\\sms-backend\\src\\api\\v1\\controllers\\class.controller.js": {"lines":{"total":56,"covered":0,"skipped":0,"pct":0},"functions":{"total":11,"covered":0,"skipped":0,"pct":0},"statements":{"total":56,"covered":0,"skipped":0,"pct":0},"branches":{"total":4,"covered":0,"skipped":0,"pct":0}}
,"D:\\Bizplus4u_Projects\\sms\\Sms-integrated\\sms-backend\\src\\api\\v1\\controllers\\communication.controller.js": {"lines":{"total":60,"covered":0,"skipped":0,"pct":0},"functions":{"total":13,"covered":0,"skipped":0,"pct":0},"statements":{"total":61,"covered":0,"skipped":0,"pct":0},"branches":{"total":20,"covered":0,"skipped":0,"pct":0}}
,"D:\\Bizplus4u_Projects\\sms\\Sms-integrated\\sms-backend\\src\\api\\v1\\controllers\\contact.controller.js": {"lines":{"total":7,"covered":0,"skipped":0,"pct":0},"functions":{"total":1,"covered":0,"skipped":0,"pct":0},"statements":{"total":7,"covered":0,"skipped":0,"pct":0},"branches":{"total":2,"covered":0,"skipped":0,"pct":0}}
,"D:\\Bizplus4u_Projects\\sms\\Sms-integrated\\sms-backend\\src\\api\\v1\\controllers\\dashboard.controller.js": {"lines":{"total":22,"covered":0,"skipped":0,"pct":0},"functions":{"total":5,"covered":0,"skipped":0,"pct":0},"statements":{"total":22,"covered":0,"skipped":0,"pct":0},"branches":{"total":2,"covered":0,"skipped":0,"pct":0}}
,"D:\\Bizplus4u_Projects\\sms\\Sms-integrated\\sms-backend\\src\\api\\v1\\controllers\\employee-role.controller.js": {"lines":{"total":25,"covered":0,"skipped":0,"pct":0},"functions":{"total":5,"covered":0,"skipped":0,"pct":0},"statements":{"total":25,"covered":0,"skipped":0,"pct":0},"branches":{"total":11,"covered":0,"skipped":0,"pct":0}}
,"D:\\Bizplus4u_Projects\\sms\\Sms-integrated\\sms-backend\\src\\api\\v1\\controllers\\employee.controller.js": {"lines":{"total":50,"covered":0,"skipped":0,"pct":0},"functions":{"total":6,"covered":0,"skipped":0,"pct":0},"statements":{"total":50,"covered":0,"skipped":0,"pct":0},"branches":{"total":39,"covered":0,"skipped":0,"pct":0}}
,"D:\\Bizplus4u_Projects\\sms\\Sms-integrated\\sms-backend\\src\\api\\v1\\controllers\\exam-schedule.controller.js": {"lines":{"total":17,"covered":0,"skipped":0,"pct":0},"functions":{"total":3,"covered":0,"skipped":0,"pct":0},"statements":{"total":17,"covered":0,"skipped":0,"pct":0},"branches":{"total":2,"covered":0,"skipped":0,"pct":0}}
,"D:\\Bizplus4u_Projects\\sms\\Sms-integrated\\sms-backend\\src\\api\\v1\\controllers\\exam.controller.js": {"lines":{"total":9,"covered":0,"skipped":0,"pct":0},"functions":{"total":1,"covered":0,"skipped":0,"pct":0},"statements":{"total":9,"covered":0,"skipped":0,"pct":0},"branches":{"total":0,"covered":0,"skipped":0,"pct":100}}
,"D:\\Bizplus4u_Projects\\sms\\Sms-integrated\\sms-backend\\src\\api\\v1\\controllers\\expense.controller.js": {"lines":{"total":15,"covered":0,"skipped":0,"pct":0},"functions":{"total":4,"covered":0,"skipped":0,"pct":0},"statements":{"total":16,"covered":0,"skipped":0,"pct":0},"branches":{"total":2,"covered":0,"skipped":0,"pct":0}}
,"D:\\Bizplus4u_Projects\\sms\\Sms-integrated\\sms-backend\\src\\api\\v1\\controllers\\fee-term.controller.js": {"lines":{"total":21,"covered":0,"skipped":0,"pct":0},"functions":{"total":4,"covered":0,"skipped":0,"pct":0},"statements":{"total":21,"covered":0,"skipped":0,"pct":0},"branches":{"total":0,"covered":0,"skipped":0,"pct":100}}
,"D:\\Bizplus4u_Projects\\sms\\Sms-integrated\\sms-backend\\src\\api\\v1\\controllers\\fee.controller.js": {"lines":{"total":31,"covered":0,"skipped":0,"pct":0},"functions":{"total":8,"covered":0,"skipped":0,"pct":0},"statements":{"total":32,"covered":0,"skipped":0,"pct":0},"branches":{"total":4,"covered":0,"skipped":0,"pct":0}}
,"D:\\Bizplus4u_Projects\\sms\\Sms-integrated\\sms-backend\\src\\api\\v1\\controllers\\holiday.controller.js": {"lines":{"total":21,"covered":0,"skipped":0,"pct":0},"functions":{"total":3,"covered":0,"skipped":0,"pct":0},"statements":{"total":21,"covered":0,"skipped":0,"pct":0},"branches":{"total":2,"covered":0,"skipped":0,"pct":0}}
,"D:\\Bizplus4u_Projects\\sms\\Sms-integrated\\sms-backend\\src\\api\\v1\\controllers\\hostel.controller.js": {"lines":{"total":16,"covered":0,"skipped":0,"pct":0},"functions":{"total":3,"covered":0,"skipped":0,"pct":0},"statements":{"total":16,"covered":0,"skipped":0,"pct":0},"branches":{"total":6,"covered":0,"skipped":0,"pct":0}}
,"D:\\Bizplus4u_Projects\\sms\\Sms-integrated\\sms-backend\\src\\api\\v1\\controllers\\inventory.controller.js": {"lines":{"total":21,"covered":0,"skipped":0,"pct":0},"functions":{"total":6,"covered":0,"skipped":0,"pct":0},"statements":{"total":22,"covered":0,"skipped":0,"pct":0},"branches":{"total":2,"covered":0,"skipped":0,"pct":0}}
,"D:\\Bizplus4u_Projects\\sms\\Sms-integrated\\sms-backend\\src\\api\\v1\\controllers\\leave.controller.js": {"lines":{"total":49,"covered":0,"skipped":0,"pct":0},"functions":{"total":11,"covered":0,"skipped":0,"pct":0},"statements":{"total":49,"covered":0,"skipped":0,"pct":0},"branches":{"total":0,"covered":0,"skipped":0,"pct":100}}
,"D:\\Bizplus4u_Projects\\sms\\Sms-integrated\\sms-backend\\src\\api\\v1\\controllers\\library-settings.controller.js": {"lines":{"total":24,"covered":0,"skipped":0,"pct":0},"functions":{"total":7,"covered":0,"skipped":0,"pct":0},"statements":{"total":25,"covered":0,"skipped":0,"pct":0},"branches":{"total":0,"covered":0,"skipped":0,"pct":100}}
,"D:\\Bizplus4u_Projects\\sms\\Sms-integrated\\sms-backend\\src\\api\\v1\\controllers\\library-transaction.controller.js": {"lines":{"total":35,"covered":0,"skipped":0,"pct":0},"functions":{"total":10,"covered":0,"skipped":0,"pct":0},"statements":{"total":36,"covered":0,"skipped":0,"pct":0},"branches":{"total":4,"covered":0,"skipped":0,"pct":0}}
,"D:\\Bizplus4u_Projects\\sms\\Sms-integrated\\sms-backend\\src\\api\\v1\\controllers\\mark.controller.js": {"lines":{"total":46,"covered":0,"skipped":0,"pct":0},"functions":{"total":9,"covered":0,"skipped":0,"pct":0},"statements":{"total":46,"covered":0,"skipped":0,"pct":0},"branches":{"total":31,"covered":0,"skipped":0,"pct":0}}
,"D:\\Bizplus4u_Projects\\sms\\Sms-integrated\\sms-backend\\src\\api\\v1\\controllers\\parent-dashboard.controller.js": {"lines":{"total":40,"covered":0,"skipped":0,"pct":0},"functions":{"total":4,"covered":0,"skipped":0,"pct":0},"statements":{"total":41,"covered":0,"skipped":0,"pct":0},"branches":{"total":10,"covered":0,"skipped":0,"pct":0}}
,"D:\\Bizplus4u_Projects\\sms\\Sms-integrated\\sms-backend\\src\\api\\v1\\controllers\\parent.controller.js": {"lines":{"total":67,"covered":0,"skipped":0,"pct":0},"functions":{"total":8,"covered":0,"skipped":0,"pct":0},"statements":{"total":67,"covered":0,"skipped":0,"pct":0},"branches":{"total":35,"covered":0,"skipped":0,"pct":0}}
,"D:\\Bizplus4u_Projects\\sms\\Sms-integrated\\sms-backend\\src\\api\\v1\\controllers\\permission.controller.js": {"lines":{"total":16,"covered":0,"skipped":0,"pct":0},"functions":{"total":3,"covered":0,"skipped":0,"pct":0},"statements":{"total":16,"covered":0,"skipped":0,"pct":0},"branches":{"total":0,"covered":0,"skipped":0,"pct":100}}
,"D:\\Bizplus4u_Projects\\sms\\Sms-integrated\\sms-backend\\src\\api\\v1\\controllers\\report.controller.js": {"lines":{"total":21,"covered":0,"skipped":0,"pct":0},"functions":{"total":6,"covered":0,"skipped":0,"pct":0},"statements":{"total":22,"covered":0,"skipped":0,"pct":0},"branches":{"total":2,"covered":0,"skipped":0,"pct":0}}
,"D:\\Bizplus4u_Projects\\sms\\Sms-integrated\\sms-backend\\src\\api\\v1\\controllers\\role.controller.js": {"lines":{"total":24,"covered":0,"skipped":0,"pct":0},"functions":{"total":5,"covered":0,"skipped":0,"pct":0},"statements":{"total":24,"covered":0,"skipped":0,"pct":0},"branches":{"total":0,"covered":0,"skipped":0,"pct":100}}
,"D:\\Bizplus4u_Projects\\sms\\Sms-integrated\\sms-backend\\src\\api\\v1\\controllers\\school.controller.js": {"lines":{"total":83,"covered":0,"skipped":0,"pct":0},"functions":{"total":16,"covered":0,"skipped":0,"pct":0},"statements":{"total":84,"covered":0,"skipped":0,"pct":0},"branches":{"total":15,"covered":0,"skipped":0,"pct":0}}
,"D:\\Bizplus4u_Projects\\sms\\Sms-integrated\\sms-backend\\src\\api\\v1\\controllers\\section.controller.js": {"lines":{"total":30,"covered":0,"skipped":0,"pct":0},"functions":{"total":4,"covered":0,"skipped":0,"pct":0},"statements":{"total":30,"covered":0,"skipped":0,"pct":0},"branches":{"total":8,"covered":0,"skipped":0,"pct":0}}
,"D:\\Bizplus4u_Projects\\sms\\Sms-integrated\\sms-backend\\src\\api\\v1\\controllers\\session-hour.controller.js": {"lines":{"total":27,"covered":0,"skipped":0,"pct":0},"functions":{"total":5,"covered":0,"skipped":0,"pct":0},"statements":{"total":27,"covered":0,"skipped":0,"pct":0},"branches":{"total":2,"covered":0,"skipped":0,"pct":0}}
,"D:\\Bizplus4u_Projects\\sms\\Sms-integrated\\sms-backend\\src\\api\\v1\\controllers\\student-dashboard.controller.js": {"lines":{"total":18,"covered":0,"skipped":0,"pct":0},"functions":{"total":2,"covered":0,"skipped":0,"pct":0},"statements":{"total":18,"covered":0,"skipped":0,"pct":0},"branches":{"total":4,"covered":0,"skipped":0,"pct":0}}
,"D:\\Bizplus4u_Projects\\sms\\Sms-integrated\\sms-backend\\src\\api\\v1\\controllers\\student-exit.controller.js": {"lines":{"total":40,"covered":0,"skipped":0,"pct":0},"functions":{"total":7,"covered":0,"skipped":0,"pct":0},"statements":{"total":40,"covered":0,"skipped":0,"pct":0},"branches":{"total":0,"covered":0,"skipped":0,"pct":100}}
,"D:\\Bizplus4u_Projects\\sms\\Sms-integrated\\sms-backend\\src\\api\\v1\\controllers\\student.controller.js": {"lines":{"total":93,"covered":0,"skipped":0,"pct":0},"functions":{"total":13,"covered":0,"skipped":0,"pct":0},"statements":{"total":93,"covered":0,"skipped":0,"pct":0},"branches":{"total":31,"covered":0,"skipped":0,"pct":0}}
,"D:\\Bizplus4u_Projects\\sms\\Sms-integrated\\sms-backend\\src\\api\\v1\\controllers\\subscription.controller.js": {"lines":{"total":9,"covered":0,"skipped":0,"pct":0},"functions":{"total":1,"covered":0,"skipped":0,"pct":0},"statements":{"total":9,"covered":0,"skipped":0,"pct":0},"branches":{"total":0,"covered":0,"skipped":0,"pct":100}}
,"D:\\Bizplus4u_Projects\\sms\\Sms-integrated\\sms-backend\\src\\api\\v1\\controllers\\teacher-dashboard.controller.js": {"lines":{"total":8,"covered":0,"skipped":0,"pct":0},"functions":{"total":1,"covered":0,"skipped":0,"pct":0},"statements":{"total":8,"covered":0,"skipped":0,"pct":0},"branches":{"total":0,"covered":0,"skipped":0,"pct":100}}
,"D:\\Bizplus4u_Projects\\sms\\Sms-integrated\\sms-backend\\src\\api\\v1\\controllers\\teacher.controller.js": {"lines":{"total":65,"covered":0,"skipped":0,"pct":0},"functions":{"total":6,"covered":0,"skipped":0,"pct":0},"statements":{"total":65,"covered":0,"skipped":0,"pct":0},"branches":{"total":33,"covered":0,"skipped":0,"pct":0}}
,"D:\\Bizplus4u_Projects\\sms\\Sms-integrated\\sms-backend\\src\\api\\v1\\controllers\\timetable.controller.js": {"lines":{"total":14,"covered":0,"skipped":0,"pct":0},"functions":{"total":3,"covered":0,"skipped":0,"pct":0},"statements":{"total":14,"covered":0,"skipped":0,"pct":0},"branches":{"total":0,"covered":0,"skipped":0,"pct":100}}
,"D:\\Bizplus4u_Projects\\sms\\Sms-integrated\\sms-backend\\src\\api\\v1\\controllers\\transport.controller.js": {"lines":{"total":101,"covered":0,"skipped":0,"pct":0},"functions":{"total":25,"covered":0,"skipped":0,"pct":0},"statements":{"total":101,"covered":0,"skipped":0,"pct":0},"branches":{"total":3,"covered":0,"skipped":0,"pct":0}}
,"D:\\Bizplus4u_Projects\\sms\\Sms-integrated\\sms-backend\\src\\api\\v1\\controllers\\upload.controller.js": {"lines":{"total":55,"covered":0,"skipped":0,"pct":0},"functions":{"total":5,"covered":0,"skipped":0,"pct":0},"statements":{"total":55,"covered":0,"skipped":0,"pct":0},"branches":{"total":43,"covered":0,"skipped":0,"pct":0}}
,"D:\\Bizplus4u_Projects\\sms\\Sms-integrated\\sms-backend\\src\\api\\v1\\controllers\\user.controller.js": {"lines":{"total":7,"covered":0,"skipped":0,"pct":0},"functions":{"total":1,"covered":0,"skipped":0,"pct":0},"statements":{"total":7,"covered":0,"skipped":0,"pct":0},"branches":{"total":0,"covered":0,"skipped":0,"pct":100}}
,"D:\\Bizplus4u_Projects\\sms\\Sms-integrated\\sms-backend\\src\\api\\v1\\dto\\contact-request.dto.js": {"lines":{"total":8,"covered":0,"skipped":0,"pct":0},"functions":{"total":2,"covered":0,"skipped":0,"pct":0},"statements":{"total":8,"covered":0,"skipped":0,"pct":0},"branches":{"total":5,"covered":0,"skipped":0,"pct":0}}
,"D:\\Bizplus4u_Projects\\sms\\Sms-integrated\\sms-backend\\src\\api\\v1\\repositories\\academic-year.repository.js": {"lines":{"total":42,"covered":0,"skipped":0,"pct":0},"functions":{"total":7,"covered":0,"skipped":0,"pct":0},"statements":{"total":42,"covered":0,"skipped":0,"pct":0},"branches":{"total":32,"covered":0,"skipped":0,"pct":0}}
,"D:\\Bizplus4u_Projects\\sms\\Sms-integrated\\sms-backend\\src\\api\\v1\\repositories\\achievement.repository.js": {"lines":{"total":18,"covered":0,"skipped":0,"pct":0},"functions":{"total":6,"covered":0,"skipped":0,"pct":0},"statements":{"total":20,"covered":0,"skipped":0,"pct":0},"branches":{"total":14,"covered":0,"skipped":0,"pct":0}}
,"D:\\Bizplus4u_Projects\\sms\\Sms-integrated\\sms-backend\\src\\api\\v1\\repositories\\assignment.repository.js": {"lines":{"total":75,"covered":0,"skipped":0,"pct":0},"functions":{"total":24,"covered":0,"skipped":0,"pct":0},"statements":{"total":76,"covered":0,"skipped":0,"pct":0},"branches":{"total":45,"covered":0,"skipped":0,"pct":0}}
,"D:\\Bizplus4u_Projects\\sms\\Sms-integrated\\sms-backend\\src\\api\\v1\\repositories\\attendance.repository.js": {"lines":{"total":104,"covered":0,"skipped":0,"pct":0},"functions":{"total":18,"covered":0,"skipped":0,"pct":0},"statements":{"total":110,"covered":0,"skipped":0,"pct":0},"branches":{"total":75,"covered":0,"skipped":0,"pct":0}}
,"D:\\Bizplus4u_Projects\\sms\\Sms-integrated\\sms-backend\\src\\api\\v1\\repositories\\book-copy.repository.js": {"lines":{"total":66,"covered":0,"skipped":0,"pct":0},"functions":{"total":12,"covered":0,"skipped":0,"pct":0},"statements":{"total":74,"covered":0,"skipped":0,"pct":0},"branches":{"total":62,"covered":0,"skipped":0,"pct":0}}
,"D:\\Bizplus4u_Projects\\sms\\Sms-integrated\\sms-backend\\src\\api\\v1\\repositories\\book.repository.js": {"lines":{"total":76,"covered":0,"skipped":0,"pct":0},"functions":{"total":8,"covered":0,"skipped":0,"pct":0},"statements":{"total":81,"covered":0,"skipped":0,"pct":0},"branches":{"total":53,"covered":0,"skipped":0,"pct":0}}
,"D:\\Bizplus4u_Projects\\sms\\Sms-integrated\\sms-backend\\src\\api\\v1\\repositories\\class-timetable.repository.js": {"lines":{"total":62,"covered":0,"skipped":0,"pct":0},"functions":{"total":13,"covered":0,"skipped":0,"pct":0},"statements":{"total":64,"covered":0,"skipped":0,"pct":0},"branches":{"total":38,"covered":0,"skipped":0,"pct":0}}
,"D:\\Bizplus4u_Projects\\sms\\Sms-integrated\\sms-backend\\src\\api\\v1\\repositories\\class.repository.js": {"lines":{"total":76,"covered":0,"skipped":0,"pct":0},"functions":{"total":11,"covered":0,"skipped":0,"pct":0},"statements":{"total":86,"covered":0,"skipped":0,"pct":0},"branches":{"total":64,"covered":0,"skipped":0,"pct":0}}
,"D:\\Bizplus4u_Projects\\sms\\Sms-integrated\\sms-backend\\src\\api\\v1\\repositories\\dashboard.repository.js": {"lines":{"total":166,"covered":0,"skipped":0,"pct":0},"functions":{"total":16,"covered":0,"skipped":0,"pct":0},"statements":{"total":168,"covered":0,"skipped":0,"pct":0},"branches":{"total":143,"covered":0,"skipped":0,"pct":0}}
,"D:\\Bizplus4u_Projects\\sms\\Sms-integrated\\sms-backend\\src\\api\\v1\\repositories\\employee-role.repository.js": {"lines":{"total":23,"covered":0,"skipped":0,"pct":0},"functions":{"total":5,"covered":0,"skipped":0,"pct":0},"statements":{"total":27,"covered":0,"skipped":0,"pct":0},"branches":{"total":12,"covered":0,"skipped":0,"pct":0}}
,"D:\\Bizplus4u_Projects\\sms\\Sms-integrated\\sms-backend\\src\\api\\v1\\repositories\\employee.repository.js": {"lines":{"total":77,"covered":0,"skipped":0,"pct":0},"functions":{"total":15,"covered":0,"skipped":0,"pct":0},"statements":{"total":103,"covered":0,"skipped":0,"pct":0},"branches":{"total":74,"covered":0,"skipped":0,"pct":0}}
,"D:\\Bizplus4u_Projects\\sms\\Sms-integrated\\sms-backend\\src\\api\\v1\\repositories\\exam-schedule.repository.js": {"lines":{"total":97,"covered":0,"skipped":0,"pct":0},"functions":{"total":18,"covered":0,"skipped":0,"pct":0},"statements":{"total":97,"covered":0,"skipped":0,"pct":0},"branches":{"total":105,"covered":0,"skipped":0,"pct":0}}
,"D:\\Bizplus4u_Projects\\sms\\Sms-integrated\\sms-backend\\src\\api\\v1\\repositories\\exam.repository.js": {"lines":{"total":7,"covered":0,"skipped":0,"pct":0},"functions":{"total":2,"covered":0,"skipped":0,"pct":0},"statements":{"total":8,"covered":0,"skipped":0,"pct":0},"branches":{"total":6,"covered":0,"skipped":0,"pct":0}}
,"D:\\Bizplus4u_Projects\\sms\\Sms-integrated\\sms-backend\\src\\api\\v1\\repositories\\expense.repository.js": {"lines":{"total":104,"covered":0,"skipped":0,"pct":0},"functions":{"total":13,"covered":0,"skipped":0,"pct":0},"statements":{"total":107,"covered":0,"skipped":0,"pct":0},"branches":{"total":98,"covered":0,"skipped":0,"pct":0}}
,"D:\\Bizplus4u_Projects\\sms\\Sms-integrated\\sms-backend\\src\\api\\v1\\repositories\\fee-term.repository.js": {"lines":{"total":72,"covered":0,"skipped":0,"pct":0},"functions":{"total":6,"covered":0,"skipped":0,"pct":0},"statements":{"total":72,"covered":0,"skipped":0,"pct":0},"branches":{"total":42,"covered":0,"skipped":0,"pct":0}}
,"D:\\Bizplus4u_Projects\\sms\\Sms-integrated\\sms-backend\\src\\api\\v1\\repositories\\fee.repository.js": {"lines":{"total":422,"covered":0,"skipped":0,"pct":0},"functions":{"total":46,"covered":0,"skipped":0,"pct":0},"statements":{"total":433,"covered":0,"skipped":0,"pct":0},"branches":{"total":537,"covered":0,"skipped":0,"pct":0}}
,"D:\\Bizplus4u_Projects\\sms\\Sms-integrated\\sms-backend\\src\\api\\v1\\repositories\\holiday.repository.js": {"lines":{"total":8,"covered":0,"skipped":0,"pct":0},"functions":{"total":4,"covered":0,"skipped":0,"pct":0},"statements":{"total":9,"covered":0,"skipped":0,"pct":0},"branches":{"total":0,"covered":0,"skipped":0,"pct":100}}
,"D:\\Bizplus4u_Projects\\sms\\Sms-integrated\\sms-backend\\src\\api\\v1\\repositories\\hostel.repository.js": {"lines":{"total":9,"covered":0,"skipped":0,"pct":0},"functions":{"total":5,"covered":0,"skipped":0,"pct":0},"statements":{"total":10,"covered":0,"skipped":0,"pct":0},"branches":{"total":4,"covered":0,"skipped":0,"pct":0}}
,"D:\\Bizplus4u_Projects\\sms\\Sms-integrated\\sms-backend\\src\\api\\v1\\repositories\\inventory.repository.js": {"lines":{"total":87,"covered":0,"skipped":0,"pct":0},"functions":{"total":8,"covered":0,"skipped":0,"pct":0},"statements":{"total":87,"covered":0,"skipped":0,"pct":0},"branches":{"total":62,"covered":0,"skipped":0,"pct":0}}
,"D:\\Bizplus4u_Projects\\sms\\Sms-integrated\\sms-backend\\src\\api\\v1\\repositories\\leave-period-assignment.repository.js": {"lines":{"total":20,"covered":0,"skipped":0,"pct":0},"functions":{"total":3,"covered":0,"skipped":0,"pct":0},"statements":{"total":20,"covered":0,"skipped":0,"pct":0},"branches":{"total":24,"covered":0,"skipped":0,"pct":0}}
,"D:\\Bizplus4u_Projects\\sms\\Sms-integrated\\sms-backend\\src\\api\\v1\\repositories\\leave-policy.repository.js": {"lines":{"total":25,"covered":0,"skipped":0,"pct":0},"functions":{"total":5,"covered":0,"skipped":0,"pct":0},"statements":{"total":25,"covered":0,"skipped":0,"pct":0},"branches":{"total":19,"covered":0,"skipped":0,"pct":0}}
,"D:\\Bizplus4u_Projects\\sms\\Sms-integrated\\sms-backend\\src\\api\\v1\\repositories\\leave-request.repository.js": {"lines":{"total":50,"covered":0,"skipped":0,"pct":0},"functions":{"total":8,"covered":0,"skipped":0,"pct":0},"statements":{"total":50,"covered":0,"skipped":0,"pct":0},"branches":{"total":51,"covered":0,"skipped":0,"pct":0}}
,"D:\\Bizplus4u_Projects\\sms\\Sms-integrated\\sms-backend\\src\\api\\v1\\repositories\\library-dashboard.repository.js": {"lines":{"total":30,"covered":0,"skipped":0,"pct":0},"functions":{"total":14,"covered":0,"skipped":0,"pct":0},"statements":{"total":32,"covered":0,"skipped":0,"pct":0},"branches":{"total":10,"covered":0,"skipped":0,"pct":0}}
,"D:\\Bizplus4u_Projects\\sms\\Sms-integrated\\sms-backend\\src\\api\\v1\\repositories\\library-settings.repository.js": {"lines":{"total":50,"covered":0,"skipped":0,"pct":0},"functions":{"total":9,"covered":0,"skipped":0,"pct":0},"statements":{"total":55,"covered":0,"skipped":0,"pct":0},"branches":{"total":54,"covered":0,"skipped":0,"pct":0}}
,"D:\\Bizplus4u_Projects\\sms\\Sms-integrated\\sms-backend\\src\\api\\v1\\repositories\\library-transaction.repository.js": {"lines":{"total":90,"covered":0,"skipped":0,"pct":0},"functions":{"total":12,"covered":0,"skipped":0,"pct":0},"statements":{"total":92,"covered":0,"skipped":0,"pct":0},"branches":{"total":66,"covered":0,"skipped":0,"pct":0}}
,"D:\\Bizplus4u_Projects\\sms\\Sms-integrated\\sms-backend\\src\\api\\v1\\repositories\\mark.repository.js": {"lines":{"total":82,"covered":0,"skipped":0,"pct":0},"functions":{"total":13,"covered":0,"skipped":0,"pct":0},"statements":{"total":89,"covered":0,"skipped":0,"pct":0},"branches":{"total":99,"covered":0,"skipped":0,"pct":0}}
,"D:\\Bizplus4u_Projects\\sms\\Sms-integrated\\sms-backend\\src\\api\\v1\\repositories\\parent-dashboard.repository.js": {"lines":{"total":90,"covered":0,"skipped":0,"pct":0},"functions":{"total":12,"covered":0,"skipped":0,"pct":0},"statements":{"total":104,"covered":0,"skipped":0,"pct":0},"branches":{"total":114,"covered":0,"skipped":0,"pct":0}}
,"D:\\Bizplus4u_Projects\\sms\\Sms-integrated\\sms-backend\\src\\api\\v1\\repositories\\parent.repository.js": {"lines":{"total":327,"covered":0,"skipped":0,"pct":0},"functions":{"total":50,"covered":0,"skipped":0,"pct":0},"statements":{"total":353,"covered":0,"skipped":0,"pct":0},"branches":{"total":267,"covered":0,"skipped":0,"pct":0}}
,"D:\\Bizplus4u_Projects\\sms\\Sms-integrated\\sms-backend\\src\\api\\v1\\repositories\\permission.repository.js": {"lines":{"total":12,"covered":0,"skipped":0,"pct":0},"functions":{"total":6,"covered":0,"skipped":0,"pct":0},"statements":{"total":14,"covered":0,"skipped":0,"pct":0},"branches":{"total":2,"covered":0,"skipped":0,"pct":0}}
,"D:\\Bizplus4u_Projects\\sms\\Sms-integrated\\sms-backend\\src\\api\\v1\\repositories\\report.repository.js": {"lines":{"total":103,"covered":0,"skipped":0,"pct":0},"functions":{"total":12,"covered":0,"skipped":0,"pct":0},"statements":{"total":110,"covered":0,"skipped":0,"pct":0},"branches":{"total":102,"covered":0,"skipped":0,"pct":0}}
,"D:\\Bizplus4u_Projects\\sms\\Sms-integrated\\sms-backend\\src\\api\\v1\\repositories\\role.repository.js": {"lines":{"total":14,"covered":0,"skipped":0,"pct":0},"functions":{"total":6,"covered":0,"skipped":0,"pct":0},"statements":{"total":16,"covered":0,"skipped":0,"pct":0},"branches":{"total":4,"covered":0,"skipped":0,"pct":0}}
,"D:\\Bizplus4u_Projects\\sms\\Sms-integrated\\sms-backend\\src\\api\\v1\\repositories\\school.repository.js": {"lines":{"total":70,"covered":0,"skipped":0,"pct":0},"functions":{"total":19,"covered":0,"skipped":0,"pct":0},"statements":{"total":74,"covered":0,"skipped":0,"pct":0},"branches":{"total":39,"covered":0,"skipped":0,"pct":0}}
,"D:\\Bizplus4u_Projects\\sms\\Sms-integrated\\sms-backend\\src\\api\\v1\\repositories\\section.repository.js": {"lines":{"total":17,"covered":0,"skipped":0,"pct":0},"functions":{"total":6,"covered":0,"skipped":0,"pct":0},"statements":{"total":17,"covered":0,"skipped":0,"pct":0},"branches":{"total":4,"covered":0,"skipped":0,"pct":0}}
,"D:\\Bizplus4u_Projects\\sms\\Sms-integrated\\sms-backend\\src\\api\\v1\\repositories\\session-hour.repository.js": {"lines":{"total":39,"covered":0,"skipped":0,"pct":0},"functions":{"total":6,"covered":0,"skipped":0,"pct":0},"statements":{"total":39,"covered":0,"skipped":0,"pct":0},"branches":{"total":21,"covered":0,"skipped":0,"pct":0}}
,"D:\\Bizplus4u_Projects\\sms\\Sms-integrated\\sms-backend\\src\\api\\v1\\repositories\\student-dashboard.repository.js": {"lines":{"total":34,"covered":0,"skipped":0,"pct":0},"functions":{"total":6,"covered":0,"skipped":0,"pct":0},"statements":{"total":40,"covered":0,"skipped":0,"pct":0},"branches":{"total":37,"covered":0,"skipped":0,"pct":0}}
,"D:\\Bizplus4u_Projects\\sms\\Sms-integrated\\sms-backend\\src\\api\\v1\\repositories\\student-exit.repository.js": {"lines":{"total":39,"covered":0,"skipped":0,"pct":0},"functions":{"total":11,"covered":0,"skipped":0,"pct":0},"statements":{"total":44,"covered":0,"skipped":0,"pct":0},"branches":{"total":28,"covered":0,"skipped":0,"pct":0}}
,"D:\\Bizplus4u_Projects\\sms\\Sms-integrated\\sms-backend\\src\\api\\v1\\repositories\\student-transport.repository.js": {"lines":{"total":68,"covered":0,"skipped":0,"pct":0},"functions":{"total":11,"covered":0,"skipped":0,"pct":0},"statements":{"total":72,"covered":0,"skipped":0,"pct":0},"branches":{"total":61,"covered":0,"skipped":0,"pct":0}}
,"D:\\Bizplus4u_Projects\\sms\\Sms-integrated\\sms-backend\\src\\api\\v1\\repositories\\student.repository.js": {"lines":{"total":201,"covered":0,"skipped":0,"pct":0},"functions":{"total":36,"covered":0,"skipped":0,"pct":0},"statements":{"total":207,"covered":0,"skipped":0,"pct":0},"branches":{"total":198,"covered":0,"skipped":0,"pct":0}}
,"D:\\Bizplus4u_Projects\\sms\\Sms-integrated\\sms-backend\\src\\api\\v1\\repositories\\teacher-dashboard.repository.js": {"lines":{"total":42,"covered":0,"skipped":0,"pct":0},"functions":{"total":6,"covered":0,"skipped":0,"pct":0},"statements":{"total":49,"covered":0,"skipped":0,"pct":0},"branches":{"total":40,"covered":0,"skipped":0,"pct":0}}
,"D:\\Bizplus4u_Projects\\sms\\Sms-integrated\\sms-backend\\src\\api\\v1\\repositories\\teacher.repository.js": {"lines":{"total":78,"covered":0,"skipped":0,"pct":0},"functions":{"total":7,"covered":0,"skipped":0,"pct":0},"statements":{"total":79,"covered":0,"skipped":0,"pct":0},"branches":{"total":56,"covered":0,"skipped":0,"pct":0}}
,"D:\\Bizplus4u_Projects\\sms\\Sms-integrated\\sms-backend\\src\\api\\v1\\repositories\\timetable.repository.js": {"lines":{"total":46,"covered":0,"skipped":0,"pct":0},"functions":{"total":6,"covered":0,"skipped":0,"pct":0},"statements":{"total":47,"covered":0,"skipped":0,"pct":0},"branches":{"total":31,"covered":0,"skipped":0,"pct":0}}
,"D:\\Bizplus4u_Projects\\sms\\Sms-integrated\\sms-backend\\src\\api\\v1\\repositories\\transport-route.repository.js": {"lines":{"total":54,"covered":0,"skipped":0,"pct":0},"functions":{"total":11,"covered":0,"skipped":0,"pct":0},"statements":{"total":59,"covered":0,"skipped":0,"pct":0},"branches":{"total":49,"covered":0,"skipped":0,"pct":0}}
,"D:\\Bizplus4u_Projects\\sms\\Sms-integrated\\sms-backend\\src\\api\\v1\\repositories\\transport-stop.repository.js": {"lines":{"total":57,"covered":0,"skipped":0,"pct":0},"functions":{"total":9,"covered":0,"skipped":0,"pct":0},"statements":{"total":64,"covered":0,"skipped":0,"pct":0},"branches":{"total":56,"covered":0,"skipped":0,"pct":0}}
,"D:\\Bizplus4u_Projects\\sms\\Sms-integrated\\sms-backend\\src\\api\\v1\\repositories\\transport-vehicle.repository.js": {"lines":{"total":198,"covered":0,"skipped":0,"pct":0},"functions":{"total":30,"covered":0,"skipped":0,"pct":0},"statements":{"total":216,"covered":0,"skipped":0,"pct":0},"branches":{"total":211,"covered":0,"skipped":0,"pct":0}}
,"D:\\Bizplus4u_Projects\\sms\\Sms-integrated\\sms-backend\\src\\api\\v1\\repositories\\transport.repository.js": {"lines":{"total":39,"covered":0,"skipped":0,"pct":0},"functions":{"total":7,"covered":0,"skipped":0,"pct":0},"statements":{"total":39,"covered":0,"skipped":0,"pct":0},"branches":{"total":27,"covered":0,"skipped":0,"pct":0}}
,"D:\\Bizplus4u_Projects\\sms\\Sms-integrated\\sms-backend\\src\\api\\v1\\repositories\\user.repository.js": {"lines":{"total":5,"covered":0,"skipped":0,"pct":0},"functions":{"total":2,"covered":0,"skipped":0,"pct":0},"statements":{"total":6,"covered":0,"skipped":0,"pct":0},"branches":{"total":0,"covered":0,"skipped":0,"pct":100}}
,"D:\\Bizplus4u_Projects\\sms\\Sms-integrated\\sms-backend\\src\\api\\v1\\repositories\\helpers\\schema.utils.js": {"lines":{"total":41,"covered":0,"skipped":0,"pct":0},"functions":{"total":7,"covered":0,"skipped":0,"pct":0},"statements":{"total":41,"covered":0,"skipped":0,"pct":0},"branches":{"total":21,"covered":0,"skipped":0,"pct":0}}
,"D:\\Bizplus4u_Projects\\sms\\Sms-integrated\\sms-backend\\src\\api\\v1\\repositories\\helpers\\scope-filters.js": {"lines":{"total":14,"covered":0,"skipped":0,"pct":0},"functions":{"total":1,"covered":0,"skipped":0,"pct":0},"statements":{"total":14,"covered":0,"skipped":0,"pct":0},"branches":{"total":16,"covered":0,"skipped":0,"pct":0}}
,"D:\\Bizplus4u_Projects\\sms\\Sms-integrated\\sms-backend\\src\\api\\v1\\routes\\academic-year.routes.js": {"lines":{"total":15,"covered":0,"skipped":0,"pct":0},"functions":{"total":0,"covered":0,"skipped":0,"pct":100},"statements":{"total":15,"covered":0,"skipped":0,"pct":0},"branches":{"total":0,"covered":0,"skipped":0,"pct":100}}
,"D:\\Bizplus4u_Projects\\sms\\Sms-integrated\\sms-backend\\src\\api\\v1\\routes\\achievement.routes.js": {"lines":{"total":8,"covered":0,"skipped":0,"pct":0},"functions":{"total":0,"covered":0,"skipped":0,"pct":100},"statements":{"total":8,"covered":0,"skipped":0,"pct":0},"branches":{"total":0,"covered":0,"skipped":0,"pct":100}}
,"D:\\Bizplus4u_Projects\\sms\\Sms-integrated\\sms-backend\\src\\api\\v1\\routes\\assignment.routes.js": {"lines":{"total":13,"covered":0,"skipped":0,"pct":0},"functions":{"total":0,"covered":0,"skipped":0,"pct":100},"statements":{"total":13,"covered":0,"skipped":0,"pct":0},"branches":{"total":0,"covered":0,"skipped":0,"pct":100}}
,"D:\\Bizplus4u_Projects\\sms\\Sms-integrated\\sms-backend\\src\\api\\v1\\routes\\attendance.routes.js": {"lines":{"total":11,"covered":0,"skipped":0,"pct":0},"functions":{"total":0,"covered":0,"skipped":0,"pct":100},"statements":{"total":11,"covered":0,"skipped":0,"pct":0},"branches":{"total":0,"covered":0,"skipped":0,"pct":100}}
,"D:\\Bizplus4u_Projects\\sms\\Sms-integrated\\sms-backend\\src\\api\\v1\\routes\\auth.routes.js": {"lines":{"total":17,"covered":0,"skipped":0,"pct":0},"functions":{"total":0,"covered":0,"skipped":0,"pct":100},"statements":{"total":17,"covered":0,"skipped":0,"pct":0},"branches":{"total":0,"covered":0,"skipped":0,"pct":100}}
,"D:\\Bizplus4u_Projects\\sms\\Sms-integrated\\sms-backend\\src\\api\\v1\\routes\\book.routes.js": {"lines":{"total":19,"covered":0,"skipped":0,"pct":0},"functions":{"total":0,"covered":0,"skipped":0,"pct":100},"statements":{"total":19,"covered":0,"skipped":0,"pct":0},"branches":{"total":0,"covered":0,"skipped":0,"pct":100}}
,"D:\\Bizplus4u_Projects\\sms\\Sms-integrated\\sms-backend\\src\\api\\v1\\routes\\class-timetable.routes.js": {"lines":{"total":16,"covered":0,"skipped":0,"pct":0},"functions":{"total":0,"covered":0,"skipped":0,"pct":100},"statements":{"total":16,"covered":0,"skipped":0,"pct":0},"branches":{"total":0,"covered":0,"skipped":0,"pct":100}}
,"D:\\Bizplus4u_Projects\\sms\\Sms-integrated\\sms-backend\\src\\api\\v1\\routes\\class.routes.js": {"lines":{"total":15,"covered":0,"skipped":0,"pct":0},"functions":{"total":0,"covered":0,"skipped":0,"pct":100},"statements":{"total":15,"covered":0,"skipped":0,"pct":0},"branches":{"total":0,"covered":0,"skipped":0,"pct":100}}
,"D:\\Bizplus4u_Projects\\sms\\Sms-integrated\\sms-backend\\src\\api\\v1\\routes\\communication.routes.js": {"lines":{"total":20,"covered":0,"skipped":0,"pct":0},"functions":{"total":0,"covered":0,"skipped":0,"pct":100},"statements":{"total":20,"covered":0,"skipped":0,"pct":0},"branches":{"total":0,"covered":0,"skipped":0,"pct":100}}
,"D:\\Bizplus4u_Projects\\sms\\Sms-integrated\\sms-backend\\src\\api\\v1\\routes\\contact.routes.js": {"lines":{"total":9,"covered":0,"skipped":0,"pct":0},"functions":{"total":0,"covered":0,"skipped":0,"pct":100},"statements":{"total":9,"covered":0,"skipped":0,"pct":0},"branches":{"total":0,"covered":0,"skipped":0,"pct":100}}
,"D:\\Bizplus4u_Projects\\sms\\Sms-integrated\\sms-backend\\src\\api\\v1\\routes\\dashboard.routes.js": {"lines":{"total":12,"covered":0,"skipped":0,"pct":0},"functions":{"total":0,"covered":0,"skipped":0,"pct":100},"statements":{"total":12,"covered":0,"skipped":0,"pct":0},"branches":{"total":0,"covered":0,"skipped":0,"pct":100}}
,"D:\\Bizplus4u_Projects\\sms\\Sms-integrated\\sms-backend\\src\\api\\v1\\routes\\employee.routes.js": {"lines":{"total":21,"covered":0,"skipped":0,"pct":0},"functions":{"total":0,"covered":0,"skipped":0,"pct":100},"statements":{"total":21,"covered":0,"skipped":0,"pct":0},"branches":{"total":0,"covered":0,"skipped":0,"pct":100}}
,"D:\\Bizplus4u_Projects\\sms\\Sms-integrated\\sms-backend\\src\\api\\v1\\routes\\exam-schedule.routes.js": {"lines":{"total":11,"covered":0,"skipped":0,"pct":0},"functions":{"total":0,"covered":0,"skipped":0,"pct":100},"statements":{"total":11,"covered":0,"skipped":0,"pct":0},"branches":{"total":0,"covered":0,"skipped":0,"pct":100}}
,"D:\\Bizplus4u_Projects\\sms\\Sms-integrated\\sms-backend\\src\\api\\v1\\routes\\exam.routes.js": {"lines":{"total":9,"covered":0,"skipped":0,"pct":0},"functions":{"total":0,"covered":0,"skipped":0,"pct":100},"statements":{"total":9,"covered":0,"skipped":0,"pct":0},"branches":{"total":0,"covered":0,"skipped":0,"pct":100}}
,"D:\\Bizplus4u_Projects\\sms\\Sms-integrated\\sms-backend\\src\\api\\v1\\routes\\expense-legacy.routes.js": {"lines":{"total":9,"covered":0,"skipped":0,"pct":0},"functions":{"total":0,"covered":0,"skipped":0,"pct":100},"statements":{"total":9,"covered":0,"skipped":0,"pct":0},"branches":{"total":0,"covered":0,"skipped":0,"pct":100}}
,"D:\\Bizplus4u_Projects\\sms\\Sms-integrated\\sms-backend\\src\\api\\v1\\routes\\expense.routes.js": {"lines":{"total":11,"covered":0,"skipped":0,"pct":0},"functions":{"total":0,"covered":0,"skipped":0,"pct":100},"statements":{"total":11,"covered":0,"skipped":0,"pct":0},"branches":{"total":0,"covered":0,"skipped":0,"pct":100}}
,"D:\\Bizplus4u_Projects\\sms\\Sms-integrated\\sms-backend\\src\\api\\v1\\routes\\fee-structure.routes.js": {"lines":{"total":13,"covered":0,"skipped":0,"pct":0},"functions":{"total":1,"covered":0,"skipped":0,"pct":0},"statements":{"total":13,"covered":0,"skipped":0,"pct":0},"branches":{"total":0,"covered":0,"skipped":0,"pct":100}}
,"D:\\Bizplus4u_Projects\\sms\\Sms-integrated\\sms-backend\\src\\api\\v1\\routes\\fee-term.routes.js": {"lines":{"total":12,"covered":0,"skipped":0,"pct":0},"functions":{"total":0,"covered":0,"skipped":0,"pct":100},"statements":{"total":12,"covered":0,"skipped":0,"pct":0},"branches":{"total":0,"covered":0,"skipped":0,"pct":100}}
,"D:\\Bizplus4u_Projects\\sms\\Sms-integrated\\sms-backend\\src\\api\\v1\\routes\\fee.routes.js": {"lines":{"total":12,"covered":0,"skipped":0,"pct":0},"functions":{"total":0,"covered":0,"skipped":0,"pct":100},"statements":{"total":12,"covered":0,"skipped":0,"pct":0},"branches":{"total":0,"covered":0,"skipped":0,"pct":100}}
,"D:\\Bizplus4u_Projects\\sms\\Sms-integrated\\sms-backend\\src\\api\\v1\\routes\\holiday.routes.js": {"lines":{"total":11,"covered":0,"skipped":0,"pct":0},"functions":{"total":0,"covered":0,"skipped":0,"pct":100},"statements":{"total":11,"covered":0,"skipped":0,"pct":0},"branches":{"total":0,"covered":0,"skipped":0,"pct":100}}
,"D:\\Bizplus4u_Projects\\sms\\Sms-integrated\\sms-backend\\src\\api\\v1\\routes\\hostel.routes.js": {"lines":{"total":11,"covered":0,"skipped":0,"pct":0},"functions":{"total":0,"covered":0,"skipped":0,"pct":100},"statements":{"total":11,"covered":0,"skipped":0,"pct":0},"branches":{"total":0,"covered":0,"skipped":0,"pct":100}}
,"D:\\Bizplus4u_Projects\\sms\\Sms-integrated\\sms-backend\\src\\api\\v1\\routes\\index.js": {"lines":{"total":97,"covered":0,"skipped":0,"pct":0},"functions":{"total":2,"covered":0,"skipped":0,"pct":0},"statements":{"total":97,"covered":0,"skipped":0,"pct":0},"branches":{"total":0,"covered":0,"skipped":0,"pct":100}}
,"D:\\Bizplus4u_Projects\\sms\\Sms-integrated\\sms-backend\\src\\api\\v1\\routes\\inventory.routes.js": {"lines":{"total":13,"covered":0,"skipped":0,"pct":0},"functions":{"total":0,"covered":0,"skipped":0,"pct":100},"statements":{"total":13,"covered":0,"skipped":0,"pct":0},"branches":{"total":0,"covered":0,"skipped":0,"pct":100}}
,"D:\\Bizplus4u_Projects\\sms\\Sms-integrated\\sms-backend\\src\\api\\v1\\routes\\leave.routes.js": {"lines":{"total":19,"covered":0,"skipped":0,"pct":0},"functions":{"total":0,"covered":0,"skipped":0,"pct":100},"statements":{"total":19,"covered":0,"skipped":0,"pct":0},"branches":{"total":0,"covered":0,"skipped":0,"pct":100}}
,"D:\\Bizplus4u_Projects\\sms\\Sms-integrated\\sms-backend\\src\\api\\v1\\routes\\library-settings.routes.js": {"lines":{"total":14,"covered":0,"skipped":0,"pct":0},"functions":{"total":0,"covered":0,"skipped":0,"pct":100},"statements":{"total":14,"covered":0,"skipped":0,"pct":0},"branches":{"total":0,"covered":0,"skipped":0,"pct":100}}
,"D:\\Bizplus4u_Projects\\sms\\Sms-integrated\\sms-backend\\src\\api\\v1\\routes\\library-transaction.routes.js": {"lines":{"total":17,"covered":0,"skipped":0,"pct":0},"functions":{"total":0,"covered":0,"skipped":0,"pct":100},"statements":{"total":17,"covered":0,"skipped":0,"pct":0},"branches":{"total":0,"covered":0,"skipped":0,"pct":100}}
,"D:\\Bizplus4u_Projects\\sms\\Sms-integrated\\sms-backend\\src\\api\\v1\\routes\\mark.routes.js": {"lines":{"total":15,"covered":0,"skipped":0,"pct":0},"functions":{"total":0,"covered":0,"skipped":0,"pct":100},"statements":{"total":15,"covered":0,"skipped":0,"pct":0},"branches":{"total":0,"covered":0,"skipped":0,"pct":100}}
,"D:\\Bizplus4u_Projects\\sms\\Sms-integrated\\sms-backend\\src\\api\\v1\\routes\\parent-portal.routes.js": {"lines":{"total":11,"covered":0,"skipped":0,"pct":0},"functions":{"total":0,"covered":0,"skipped":0,"pct":100},"statements":{"total":11,"covered":0,"skipped":0,"pct":0},"branches":{"total":0,"covered":0,"skipped":0,"pct":100}}
,"D:\\Bizplus4u_Projects\\sms\\Sms-integrated\\sms-backend\\src\\api\\v1\\routes\\parent.routes.js": {"lines":{"total":17,"covered":0,"skipped":0,"pct":0},"functions":{"total":0,"covered":0,"skipped":0,"pct":100},"statements":{"total":17,"covered":0,"skipped":0,"pct":0},"branches":{"total":0,"covered":0,"skipped":0,"pct":100}}
,"D:\\Bizplus4u_Projects\\sms\\Sms-integrated\\sms-backend\\src\\api\\v1\\routes\\permission.routes.js": {"lines":{"total":11,"covered":0,"skipped":0,"pct":0},"functions":{"total":0,"covered":0,"skipped":0,"pct":100},"statements":{"total":11,"covered":0,"skipped":0,"pct":0},"branches":{"total":0,"covered":0,"skipped":0,"pct":100}}
,"D:\\Bizplus4u_Projects\\sms\\Sms-integrated\\sms-backend\\src\\api\\v1\\routes\\report.routes.js": {"lines":{"total":13,"covered":0,"skipped":0,"pct":0},"functions":{"total":0,"covered":0,"skipped":0,"pct":100},"statements":{"total":13,"covered":0,"skipped":0,"pct":0},"branches":{"total":0,"covered":0,"skipped":0,"pct":100}}
,"D:\\Bizplus4u_Projects\\sms\\Sms-integrated\\sms-backend\\src\\api\\v1\\routes\\role.routes.js": {"lines":{"total":13,"covered":0,"skipped":0,"pct":0},"functions":{"total":0,"covered":0,"skipped":0,"pct":100},"statements":{"total":13,"covered":0,"skipped":0,"pct":0},"branches":{"total":0,"covered":0,"skipped":0,"pct":100}}
,"D:\\Bizplus4u_Projects\\sms\\Sms-integrated\\sms-backend\\src\\api\\v1\\routes\\school.routes.js": {"lines":{"total":23,"covered":0,"skipped":0,"pct":0},"functions":{"total":0,"covered":0,"skipped":0,"pct":100},"statements":{"total":23,"covered":0,"skipped":0,"pct":0},"branches":{"total":0,"covered":0,"skipped":0,"pct":100}}
,"D:\\Bizplus4u_Projects\\sms\\Sms-integrated\\sms-backend\\src\\api\\v1\\routes\\section.routes.js": {"lines":{"total":13,"covered":0,"skipped":0,"pct":0},"functions":{"total":0,"covered":0,"skipped":0,"pct":100},"statements":{"total":13,"covered":0,"skipped":0,"pct":0},"branches":{"total":0,"covered":0,"skipped":0,"pct":100}}
,"D:\\Bizplus4u_Projects\\sms\\Sms-integrated\\sms-backend\\src\\api\\v1\\routes\\session-hour.routes.js": {"lines":{"total":13,"covered":0,"skipped":0,"pct":0},"functions":{"total":0,"covered":0,"skipped":0,"pct":100},"statements":{"total":13,"covered":0,"skipped":0,"pct":0},"branches":{"total":0,"covered":0,"skipped":0,"pct":100}}
,"D:\\Bizplus4u_Projects\\sms\\Sms-integrated\\sms-backend\\src\\api\\v1\\routes\\student-exit.routes.js": {"lines":{"total":16,"covered":0,"skipped":0,"pct":0},"functions":{"total":0,"covered":0,"skipped":0,"pct":100},"statements":{"total":16,"covered":0,"skipped":0,"pct":0},"branches":{"total":0,"covered":0,"skipped":0,"pct":100}}
,"D:\\Bizplus4u_Projects\\sms\\Sms-integrated\\sms-backend\\src\\api\\v1\\routes\\student-portal.routes.js": {"lines":{"total":8,"covered":0,"skipped":0,"pct":0},"functions":{"total":0,"covered":0,"skipped":0,"pct":100},"statements":{"total":8,"covered":0,"skipped":0,"pct":0},"branches":{"total":0,"covered":0,"skipped":0,"pct":100}}
,"D:\\Bizplus4u_Projects\\sms\\Sms-integrated\\sms-backend\\src\\api\\v1\\routes\\student.routes.js": {"lines":{"total":23,"covered":0,"skipped":0,"pct":0},"functions":{"total":0,"covered":0,"skipped":0,"pct":100},"statements":{"total":23,"covered":0,"skipped":0,"pct":0},"branches":{"total":0,"covered":0,"skipped":0,"pct":100}}
,"D:\\Bizplus4u_Projects\\sms\\Sms-integrated\\sms-backend\\src\\api\\v1\\routes\\subject.routes.js": {"lines":{"total":13,"covered":0,"skipped":0,"pct":0},"functions":{"total":0,"covered":0,"skipped":0,"pct":100},"statements":{"total":13,"covered":0,"skipped":0,"pct":0},"branches":{"total":0,"covered":0,"skipped":0,"pct":100}}
,"D:\\Bizplus4u_Projects\\sms\\Sms-integrated\\sms-backend\\src\\api\\v1\\routes\\subscription.routes.js": {"lines":{"total":6,"covered":0,"skipped":0,"pct":0},"functions":{"total":0,"covered":0,"skipped":0,"pct":100},"statements":{"total":6,"covered":0,"skipped":0,"pct":0},"branches":{"total":0,"covered":0,"skipped":0,"pct":100}}
,"D:\\Bizplus4u_Projects\\sms\\Sms-integrated\\sms-backend\\src\\api\\v1\\routes\\teacher-portal.routes.js": {"lines":{"total":7,"covered":0,"skipped":0,"pct":0},"functions":{"total":0,"covered":0,"skipped":0,"pct":100},"statements":{"total":7,"covered":0,"skipped":0,"pct":0},"branches":{"total":0,"covered":0,"skipped":0,"pct":100}}
,"D:\\Bizplus4u_Projects\\sms\\Sms-integrated\\sms-backend\\src\\api\\v1\\routes\\teacher.routes.js": {"lines":{"total":16,"covered":0,"skipped":0,"pct":0},"functions":{"total":0,"covered":0,"skipped":0,"pct":100},"statements":{"total":16,"covered":0,"skipped":0,"pct":0},"branches":{"total":0,"covered":0,"skipped":0,"pct":100}}
,"D:\\Bizplus4u_Projects\\sms\\Sms-integrated\\sms-backend\\src\\api\\v1\\routes\\timetable.routes.js": {"lines":{"total":13,"covered":0,"skipped":0,"pct":0},"functions":{"total":0,"covered":0,"skipped":0,"pct":100},"statements":{"total":13,"covered":0,"skipped":0,"pct":0},"branches":{"total":0,"covered":0,"skipped":0,"pct":100}}
,"D:\\Bizplus4u_Projects\\sms\\Sms-integrated\\sms-backend\\src\\api\\v1\\routes\\transport.routes.js": {"lines":{"total":32,"covered":0,"skipped":0,"pct":0},"functions":{"total":0,"covered":0,"skipped":0,"pct":100},"statements":{"total":32,"covered":0,"skipped":0,"pct":0},"branches":{"total":0,"covered":0,"skipped":0,"pct":100}}
,"D:\\Bizplus4u_Projects\\sms\\Sms-integrated\\sms-backend\\src\\api\\v1\\routes\\upload.routes.js": {"lines":{"total":8,"covered":0,"skipped":0,"pct":0},"functions":{"total":0,"covered":0,"skipped":0,"pct":100},"statements":{"total":8,"covered":0,"skipped":0,"pct":0},"branches":{"total":0,"covered":0,"skipped":0,"pct":100}}
,"D:\\Bizplus4u_Projects\\sms\\Sms-integrated\\sms-backend\\src\\api\\v1\\routes\\user.routes.js": {"lines":{"total":9,"covered":0,"skipped":0,"pct":0},"functions":{"total":0,"covered":0,"skipped":0,"pct":100},"statements":{"total":9,"covered":0,"skipped":0,"pct":0},"branches":{"total":0,"covered":0,"skipped":0,"pct":100}}
,"D:\\Bizplus4u_Projects\\sms\\Sms-integrated\\sms-backend\\src\\api\\v1\\services\\academic-year.service.js": {"lines":{"total":169,"covered":0,"skipped":0,"pct":0},"functions":{"total":24,"covered":0,"skipped":0,"pct":0},"statements":{"total":172,"covered":0,"skipped":0,"pct":0},"branches":{"total":158,"covered":0,"skipped":0,"pct":0}}
,"D:\\Bizplus4u_Projects\\sms\\Sms-integrated\\sms-backend\\src\\api\\v1\\services\\achievement.service.js": {"lines":{"total":28,"covered":0,"skipped":0,"pct":0},"functions":{"total":6,"covered":0,"skipped":0,"pct":0},"statements":{"total":30,"covered":0,"skipped":0,"pct":0},"branches":{"total":38,"covered":0,"skipped":0,"pct":0}}
,"D:\\Bizplus4u_Projects\\sms\\Sms-integrated\\sms-backend\\src\\api\\v1\\services\\assignment.service.js": {"lines":{"total":178,"covered":0,"skipped":0,"pct":0},"functions":{"total":33,"covered":0,"skipped":0,"pct":0},"statements":{"total":185,"covered":0,"skipped":0,"pct":0},"branches":{"total":224,"covered":0,"skipped":0,"pct":0}}
,"D:\\Bizplus4u_Projects\\sms\\Sms-integrated\\sms-backend\\src\\api\\v1\\services\\attendance.service.js": {"lines":{"total":54,"covered":0,"skipped":0,"pct":0},"functions":{"total":4,"covered":0,"skipped":0,"pct":0},"statements":{"total":55,"covered":0,"skipped":0,"pct":0},"branches":{"total":45,"covered":0,"skipped":0,"pct":0}}
,"D:\\Bizplus4u_Projects\\sms\\Sms-integrated\\sms-backend\\src\\api\\v1\\services\\auth.service.js": {"lines":{"total":170,"covered":0,"skipped":0,"pct":0},"functions":{"total":14,"covered":0,"skipped":0,"pct":0},"statements":{"total":173,"covered":0,"skipped":0,"pct":0},"branches":{"total":114,"covered":0,"skipped":0,"pct":0}}
,"D:\\Bizplus4u_Projects\\sms\\Sms-integrated\\sms-backend\\src\\api\\v1\\services\\book.service.js": {"lines":{"total":30,"covered":0,"skipped":0,"pct":0},"functions":{"total":10,"covered":0,"skipped":0,"pct":0},"statements":{"total":30,"covered":0,"skipped":0,"pct":0},"branches":{"total":19,"covered":0,"skipped":0,"pct":0}}
,"D:\\Bizplus4u_Projects\\sms\\Sms-integrated\\sms-backend\\src\\api\\v1\\services\\class-timetable.service.js": {"lines":{"total":77,"covered":0,"skipped":0,"pct":0},"functions":{"total":10,"covered":0,"skipped":0,"pct":0},"statements":{"total":77,"covered":0,"skipped":0,"pct":0},"branches":{"total":75,"covered":0,"skipped":0,"pct":0}}
,"D:\\Bizplus4u_Projects\\sms\\Sms-integrated\\sms-backend\\src\\api\\v1\\services\\class.service.js": {"lines":{"total":56,"covered":0,"skipped":0,"pct":0},"functions":{"total":11,"covered":0,"skipped":0,"pct":0},"statements":{"total":56,"covered":0,"skipped":0,"pct":0},"branches":{"total":61,"covered":0,"skipped":0,"pct":0}}
,"D:\\Bizplus4u_Projects\\sms\\Sms-integrated\\sms-backend\\src\\api\\v1\\services\\communication.service.js": {"lines":{"total":438,"covered":0,"skipped":0,"pct":0},"functions":{"total":55,"covered":0,"skipped":0,"pct":0},"statements":{"total":452,"covered":0,"skipped":0,"pct":0},"branches":{"total":459,"covered":0,"skipped":0,"pct":0}}
,"D:\\Bizplus4u_Projects\\sms\\Sms-integrated\\sms-backend\\src\\api\\v1\\services\\contact.service.js": {"lines":{"total":8,"covered":0,"skipped":0,"pct":0},"functions":{"total":1,"covered":0,"skipped":0,"pct":0},"statements":{"total":8,"covered":0,"skipped":0,"pct":0},"branches":{"total":4,"covered":0,"skipped":0,"pct":0}}
,"D:\\Bizplus4u_Projects\\sms\\Sms-integrated\\sms-backend\\src\\api\\v1\\services\\dashboard.service.js": {"lines":{"total":13,"covered":0,"skipped":0,"pct":0},"functions":{"total":4,"covered":0,"skipped":0,"pct":0},"statements":{"total":13,"covered":0,"skipped":0,"pct":0},"branches":{"total":6,"covered":0,"skipped":0,"pct":0}}
,"D:\\Bizplus4u_Projects\\sms\\Sms-integrated\\sms-backend\\src\\api\\v1\\services\\employee-role.service.js": {"lines":{"total":9,"covered":0,"skipped":0,"pct":0},"functions":{"total":8,"covered":0,"skipped":0,"pct":0},"statements":{"total":10,"covered":0,"skipped":0,"pct":0},"branches":{"total":0,"covered":0,"skipped":0,"pct":100}}
,"D:\\Bizplus4u_Projects\\sms\\Sms-integrated\\sms-backend\\src\\api\\v1\\services\\employee.service.js": {"lines":{"total":20,"covered":0,"skipped":0,"pct":0},"functions":{"total":5,"covered":0,"skipped":0,"pct":0},"statements":{"total":21,"covered":0,"skipped":0,"pct":0},"branches":{"total":26,"covered":0,"skipped":0,"pct":0}}
,"D:\\Bizplus4u_Projects\\sms\\Sms-integrated\\sms-backend\\src\\api\\v1\\services\\exam-schedule.service.js": {"lines":{"total":150,"covered":0,"skipped":0,"pct":0},"functions":{"total":13,"covered":0,"skipped":0,"pct":0},"statements":{"total":151,"covered":0,"skipped":0,"pct":0},"branches":{"total":128,"covered":0,"skipped":0,"pct":0}}
,"D:\\Bizplus4u_Projects\\sms\\Sms-integrated\\sms-backend\\src\\api\\v1\\services\\exam.service.js": {"lines":{"total":24,"covered":0,"skipped":0,"pct":0},"functions":{"total":3,"covered":0,"skipped":0,"pct":0},"statements":{"total":24,"covered":0,"skipped":0,"pct":0},"branches":{"total":24,"covered":0,"skipped":0,"pct":0}}
,"D:\\Bizplus4u_Projects\\sms\\Sms-integrated\\sms-backend\\src\\api\\v1\\services\\expense.service.js": {"lines":{"total":6,"covered":0,"skipped":0,"pct":0},"functions":{"total":3,"covered":0,"skipped":0,"pct":0},"statements":{"total":6,"covered":0,"skipped":0,"pct":0},"branches":{"total":4,"covered":0,"skipped":0,"pct":0}}
,"D:\\Bizplus4u_Projects\\sms\\Sms-integrated\\sms-backend\\src\\api\\v1\\services\\fee-term.service.js": {"lines":{"total":100,"covered":0,"skipped":0,"pct":0},"functions":{"total":7,"covered":0,"skipped":0,"pct":0},"statements":{"total":100,"covered":0,"skipped":0,"pct":0},"branches":{"total":116,"covered":0,"skipped":0,"pct":0}}
,"D:\\Bizplus4u_Projects\\sms\\Sms-integrated\\sms-backend\\src\\api\\v1\\services\\fee.service.js": {"lines":{"total":82,"covered":0,"skipped":0,"pct":0},"functions":{"total":11,"covered":0,"skipped":0,"pct":0},"statements":{"total":82,"covered":0,"skipped":0,"pct":0},"branches":{"total":140,"covered":0,"skipped":0,"pct":0}}
,"D:\\Bizplus4u_Projects\\sms\\Sms-integrated\\sms-backend\\src\\api\\v1\\services\\holiday.service.js": {"lines":{"total":22,"covered":0,"skipped":0,"pct":0},"functions":{"total":4,"covered":0,"skipped":0,"pct":0},"statements":{"total":22,"covered":0,"skipped":0,"pct":0},"branches":{"total":10,"covered":0,"skipped":0,"pct":0}}
,"D:\\Bizplus4u_Projects\\sms\\Sms-integrated\\sms-backend\\src\\api\\v1\\services\\hostel.service.js": {"lines":{"total":5,"covered":0,"skipped":0,"pct":0},"functions":{"total":3,"covered":0,"skipped":0,"pct":0},"statements":{"total":5,"covered":0,"skipped":0,"pct":0},"branches":{"total":0,"covered":0,"skipped":0,"pct":100}}
,"D:\\Bizplus4u_Projects\\sms\\Sms-integrated\\sms-backend\\src\\api\\v1\\services\\inventory.service.js": {"lines":{"total":8,"covered":0,"skipped":0,"pct":0},"functions":{"total":5,"covered":0,"skipped":0,"pct":0},"statements":{"total":8,"covered":0,"skipped":0,"pct":0},"branches":{"total":8,"covered":0,"skipped":0,"pct":0}}
,"D:\\Bizplus4u_Projects\\sms\\Sms-integrated\\sms-backend\\src\\api\\v1\\services\\leave.service.js": {"lines":{"total":398,"covered":0,"skipped":0,"pct":0},"functions":{"total":69,"covered":0,"skipped":0,"pct":0},"statements":{"total":407,"covered":0,"skipped":0,"pct":0},"branches":{"total":473,"covered":0,"skipped":0,"pct":0}}
,"D:\\Bizplus4u_Projects\\sms\\Sms-integrated\\sms-backend\\src\\api\\v1\\services\\library-settings.service.js": {"lines":{"total":8,"covered":0,"skipped":0,"pct":0},"functions":{"total":6,"covered":0,"skipped":0,"pct":0},"statements":{"total":8,"covered":0,"skipped":0,"pct":0},"branches":{"total":6,"covered":0,"skipped":0,"pct":0}}
,"D:\\Bizplus4u_Projects\\sms\\Sms-integrated\\sms-backend\\src\\api\\v1\\services\\library-transaction.service.js": {"lines":{"total":50,"covered":0,"skipped":0,"pct":0},"functions":{"total":10,"covered":0,"skipped":0,"pct":0},"statements":{"total":51,"covered":0,"skipped":0,"pct":0},"branches":{"total":33,"covered":0,"skipped":0,"pct":0}}
,"D:\\Bizplus4u_Projects\\sms\\Sms-integrated\\sms-backend\\src\\api\\v1\\services\\mark.service.js": {"lines":{"total":59,"covered":0,"skipped":0,"pct":0},"functions":{"total":10,"covered":0,"skipped":0,"pct":0},"statements":{"total":60,"covered":0,"skipped":0,"pct":0},"branches":{"total":69,"covered":0,"skipped":0,"pct":0}}
,"D:\\Bizplus4u_Projects\\sms\\Sms-integrated\\sms-backend\\src\\api\\v1\\services\\parent-dashboard.service.js": {"lines":{"total":53,"covered":0,"skipped":0,"pct":0},"functions":{"total":17,"covered":0,"skipped":0,"pct":0},"statements":{"total":62,"covered":0,"skipped":0,"pct":0},"branches":{"total":110,"covered":0,"skipped":0,"pct":0}}
,"D:\\Bizplus4u_Projects\\sms\\Sms-integrated\\sms-backend\\src\\api\\v1\\services\\parent.service.js": {"lines":{"total":43,"covered":0,"skipped":0,"pct":0},"functions":{"total":11,"covered":0,"skipped":0,"pct":0},"statements":{"total":43,"covered":0,"skipped":0,"pct":0},"branches":{"total":106,"covered":0,"skipped":0,"pct":0}}
,"D:\\Bizplus4u_Projects\\sms\\Sms-integrated\\sms-backend\\src\\api\\v1\\services\\permission.service.js": {"lines":{"total":18,"covered":0,"skipped":0,"pct":0},"functions":{"total":3,"covered":0,"skipped":0,"pct":0},"statements":{"total":18,"covered":0,"skipped":0,"pct":0},"branches":{"total":6,"covered":0,"skipped":0,"pct":0}}
,"D:\\Bizplus4u_Projects\\sms\\Sms-integrated\\sms-backend\\src\\api\\v1\\services\\photo-storage.service.js": {"lines":{"total":80,"covered":0,"skipped":0,"pct":0},"functions":{"total":15,"covered":0,"skipped":0,"pct":0},"statements":{"total":81,"covered":0,"skipped":0,"pct":0},"branches":{"total":67,"covered":0,"skipped":0,"pct":0}}
,"D:\\Bizplus4u_Projects\\sms\\Sms-integrated\\sms-backend\\src\\api\\v1\\services\\report.service.js": {"lines":{"total":7,"covered":0,"skipped":0,"pct":0},"functions":{"total":5,"covered":0,"skipped":0,"pct":0},"statements":{"total":7,"covered":0,"skipped":0,"pct":0},"branches":{"total":5,"covered":0,"skipped":0,"pct":0}}
,"D:\\Bizplus4u_Projects\\sms\\Sms-integrated\\sms-backend\\src\\api\\v1\\services\\role.service.js": {"lines":{"total":37,"covered":0,"skipped":0,"pct":0},"functions":{"total":5,"covered":0,"skipped":0,"pct":0},"statements":{"total":38,"covered":0,"skipped":0,"pct":0},"branches":{"total":26,"covered":0,"skipped":0,"pct":0}}
,"D:\\Bizplus4u_Projects\\sms\\Sms-integrated\\sms-backend\\src\\api\\v1\\services\\school.service.js": {"lines":{"total":781,"covered":0,"skipped":0,"pct":0},"functions":{"total":51,"covered":0,"skipped":0,"pct":0},"statements":{"total":828,"covered":0,"skipped":0,"pct":0},"branches":{"total":638,"covered":0,"skipped":0,"pct":0}}
,"D:\\Bizplus4u_Projects\\sms\\Sms-integrated\\sms-backend\\src\\api\\v1\\services\\section.service.js": {"lines":{"total":67,"covered":0,"skipped":0,"pct":0},"functions":{"total":8,"covered":0,"skipped":0,"pct":0},"statements":{"total":68,"covered":0,"skipped":0,"pct":0},"branches":{"total":52,"covered":0,"skipped":0,"pct":0}}
,"D:\\Bizplus4u_Projects\\sms\\Sms-integrated\\sms-backend\\src\\api\\v1\\services\\session-hour.service.js": {"lines":{"total":79,"covered":0,"skipped":0,"pct":0},"functions":{"total":7,"covered":0,"skipped":0,"pct":0},"statements":{"total":79,"covered":0,"skipped":0,"pct":0},"branches":{"total":91,"covered":0,"skipped":0,"pct":0}}
,"D:\\Bizplus4u_Projects\\sms\\Sms-integrated\\sms-backend\\src\\api\\v1\\services\\student-dashboard.service.js": {"lines":{"total":43,"covered":0,"skipped":0,"pct":0},"functions":{"total":18,"covered":0,"skipped":0,"pct":0},"statements":{"total":56,"covered":0,"skipped":0,"pct":0},"branches":{"total":84,"covered":0,"skipped":0,"pct":0}}
,"D:\\Bizplus4u_Projects\\sms\\Sms-integrated\\sms-backend\\src\\api\\v1\\services\\student-exit.service.js": {"lines":{"total":90,"covered":0,"skipped":0,"pct":0},"functions":{"total":15,"covered":0,"skipped":0,"pct":0},"statements":{"total":103,"covered":0,"skipped":0,"pct":0},"branches":{"total":78,"covered":0,"skipped":0,"pct":0}}
,"D:\\Bizplus4u_Projects\\sms\\Sms-integrated\\sms-backend\\src\\api\\v1\\services\\student.service.js": {"lines":{"total":242,"covered":0,"skipped":0,"pct":0},"functions":{"total":38,"covered":0,"skipped":0,"pct":0},"statements":{"total":249,"covered":0,"skipped":0,"pct":0},"branches":{"total":300,"covered":0,"skipped":0,"pct":0}}
,"D:\\Bizplus4u_Projects\\sms\\Sms-integrated\\sms-backend\\src\\api\\v1\\services\\subscription.service.js": {"lines":{"total":15,"covered":0,"skipped":0,"pct":0},"functions":{"total":1,"covered":0,"skipped":0,"pct":0},"statements":{"total":15,"covered":0,"skipped":0,"pct":0},"branches":{"total":10,"covered":0,"skipped":0,"pct":0}}
,"D:\\Bizplus4u_Projects\\sms\\Sms-integrated\\sms-backend\\src\\api\\v1\\services\\teacher-dashboard.service.js": {"lines":{"total":46,"covered":0,"skipped":0,"pct":0},"functions":{"total":12,"covered":0,"skipped":0,"pct":0},"statements":{"total":56,"covered":0,"skipped":0,"pct":0},"branches":{"total":81,"covered":0,"skipped":0,"pct":0}}
,"D:\\Bizplus4u_Projects\\sms\\Sms-integrated\\sms-backend\\src\\api\\v1\\services\\teacher.service.js": {"lines":{"total":65,"covered":0,"skipped":0,"pct":0},"functions":{"total":11,"covered":0,"skipped":0,"pct":0},"statements":{"total":65,"covered":0,"skipped":0,"pct":0},"branches":{"total":124,"covered":0,"skipped":0,"pct":0}}
,"D:\\Bizplus4u_Projects\\sms\\Sms-integrated\\sms-backend\\src\\api\\v1\\services\\timetable.service.js": {"lines":{"total":10,"covered":0,"skipped":0,"pct":0},"functions":{"total":3,"covered":0,"skipped":0,"pct":0},"statements":{"total":10,"covered":0,"skipped":0,"pct":0},"branches":{"total":17,"covered":0,"skipped":0,"pct":0}}
,"D:\\Bizplus4u_Projects\\sms\\Sms-integrated\\sms-backend\\src\\api\\v1\\services\\transport.service.js": {"lines":{"total":97,"covered":0,"skipped":0,"pct":0},"functions":{"total":26,"covered":0,"skipped":0,"pct":0},"statements":{"total":117,"covered":0,"skipped":0,"pct":0},"branches":{"total":56,"covered":0,"skipped":0,"pct":0}}
,"D:\\Bizplus4u_Projects\\sms\\Sms-integrated\\sms-backend\\src\\api\\v1\\utils\\context.js": {"lines":{"total":33,"covered":0,"skipped":0,"pct":0},"functions":{"total":7,"covered":0,"skipped":0,"pct":0},"statements":{"total":34,"covered":0,"skipped":0,"pct":0},"branches":{"total":29,"covered":0,"skipped":0,"pct":0}}
,"D:\\Bizplus4u_Projects\\sms\\Sms-integrated\\sms-backend\\src\\api\\v1\\utils\\fine-calculator.js": {"lines":{"total":35,"covered":0,"skipped":0,"pct":0},"functions":{"total":5,"covered":0,"skipped":0,"pct":0},"statements":{"total":41,"covered":0,"skipped":0,"pct":0},"branches":{"total":23,"covered":0,"skipped":0,"pct":0}}
,"D:\\Bizplus4u_Projects\\sms\\Sms-integrated\\sms-backend\\src\\api\\v1\\utils\\resource-counter.js": {"lines":{"total":16,"covered":0,"skipped":0,"pct":0},"functions":{"total":6,"covered":0,"skipped":0,"pct":0},"statements":{"total":16,"covered":0,"skipped":0,"pct":0},"branches":{"total":4,"covered":0,"skipped":0,"pct":0}}
,"D:\\Bizplus4u_Projects\\sms\\Sms-integrated\\sms-backend\\src\\api\\v1\\validators\\academic-year.validator.js": {"lines":{"total":8,"covered":0,"skipped":0,"pct":0},"functions":{"total":0,"covered":0,"skipped":0,"pct":100},"statements":{"total":8,"covered":0,"skipped":0,"pct":0},"branches":{"total":0,"covered":0,"skipped":0,"pct":100}}
,"D:\\Bizplus4u_Projects\\sms\\Sms-integrated\\sms-backend\\src\\api\\v1\\validators\\assignment.validator.js": {"lines":{"total":13,"covered":0,"skipped":0,"pct":0},"functions":{"total":2,"covered":0,"skipped":0,"pct":0},"statements":{"total":13,"covered":0,"skipped":0,"pct":0},"branches":{"total":10,"covered":0,"skipped":0,"pct":0}}
,"D:\\Bizplus4u_Projects\\sms\\Sms-integrated\\sms-backend\\src\\api\\v1\\validators\\attendance.validator.js": {"lines":{"total":18,"covered":0,"skipped":0,"pct":0},"functions":{"total":1,"covered":0,"skipped":0,"pct":0},"statements":{"total":18,"covered":0,"skipped":0,"pct":0},"branches":{"total":21,"covered":0,"skipped":0,"pct":0}}
,"D:\\Bizplus4u_Projects\\sms\\Sms-integrated\\sms-backend\\src\\api\\v1\\validators\\auth.validator.js": {"lines":{"total":7,"covered":0,"skipped":0,"pct":0},"functions":{"total":0,"covered":0,"skipped":0,"pct":100},"statements":{"total":7,"covered":0,"skipped":0,"pct":0},"branches":{"total":0,"covered":0,"skipped":0,"pct":100}}
,"D:\\Bizplus4u_Projects\\sms\\Sms-integrated\\sms-backend\\src\\api\\v1\\validators\\book.validator.js": {"lines":{"total":11,"covered":0,"skipped":0,"pct":0},"functions":{"total":0,"covered":0,"skipped":0,"pct":100},"statements":{"total":11,"covered":0,"skipped":0,"pct":0},"branches":{"total":0,"covered":0,"skipped":0,"pct":100}}
,"D:\\Bizplus4u_Projects\\sms\\Sms-integrated\\sms-backend\\src\\api\\v1\\validators\\class-timetable.validator.js": {"lines":{"total":9,"covered":0,"skipped":0,"pct":0},"functions":{"total":0,"covered":0,"skipped":0,"pct":100},"statements":{"total":9,"covered":0,"skipped":0,"pct":0},"branches":{"total":0,"covered":0,"skipped":0,"pct":100}}
,"D:\\Bizplus4u_Projects\\sms\\Sms-integrated\\sms-backend\\src\\api\\v1\\validators\\class.validator.js": {"lines":{"total":7,"covered":0,"skipped":0,"pct":0},"functions":{"total":0,"covered":0,"skipped":0,"pct":100},"statements":{"total":7,"covered":0,"skipped":0,"pct":0},"branches":{"total":0,"covered":0,"skipped":0,"pct":100}}
,"D:\\Bizplus4u_Projects\\sms\\Sms-integrated\\sms-backend\\src\\api\\v1\\validators\\communication.validator.js": {"lines":{"total":14,"covered":0,"skipped":0,"pct":0},"functions":{"total":1,"covered":0,"skipped":0,"pct":0},"statements":{"total":14,"covered":0,"skipped":0,"pct":0},"branches":{"total":4,"covered":0,"skipped":0,"pct":0}}
,"D:\\Bizplus4u_Projects\\sms\\Sms-integrated\\sms-backend\\src\\api\\v1\\validators\\contact.validator.js": {"lines":{"total":3,"covered":0,"skipped":0,"pct":0},"functions":{"total":0,"covered":0,"skipped":0,"pct":100},"statements":{"total":3,"covered":0,"skipped":0,"pct":0},"branches":{"total":0,"covered":0,"skipped":0,"pct":100}}
,"D:\\Bizplus4u_Projects\\sms\\Sms-integrated\\sms-backend\\src\\api\\v1\\validators\\dashboard.validator.js": {"lines":{"total":4,"covered":0,"skipped":0,"pct":0},"functions":{"total":0,"covered":0,"skipped":0,"pct":100},"statements":{"total":4,"covered":0,"skipped":0,"pct":0},"branches":{"total":0,"covered":0,"skipped":0,"pct":100}}
,"D:\\Bizplus4u_Projects\\sms\\Sms-integrated\\sms-backend\\src\\api\\v1\\validators\\employee.validator.js": {"lines":{"total":21,"covered":0,"skipped":0,"pct":0},"functions":{"total":3,"covered":0,"skipped":0,"pct":0},"statements":{"total":21,"covered":0,"skipped":0,"pct":0},"branches":{"total":14,"covered":0,"skipped":0,"pct":0}}
,"D:\\Bizplus4u_Projects\\sms\\Sms-integrated\\sms-backend\\src\\api\\v1\\validators\\exam-schedule.validator.js": {"lines":{"total":5,"covered":0,"skipped":0,"pct":0},"functions":{"total":0,"covered":0,"skipped":0,"pct":100},"statements":{"total":5,"covered":0,"skipped":0,"pct":0},"branches":{"total":0,"covered":0,"skipped":0,"pct":100}}
,"D:\\Bizplus4u_Projects\\sms\\Sms-integrated\\sms-backend\\src\\api\\v1\\validators\\exam.validator.js": {"lines":{"total":3,"covered":0,"skipped":0,"pct":0},"functions":{"total":0,"covered":0,"skipped":0,"pct":100},"statements":{"total":3,"covered":0,"skipped":0,"pct":0},"branches":{"total":0,"covered":0,"skipped":0,"pct":100}}
,"D:\\Bizplus4u_Projects\\sms\\Sms-integrated\\sms-backend\\src\\api\\v1\\validators\\expense.validator.js": {"lines":{"total":5,"covered":0,"skipped":0,"pct":0},"functions":{"total":0,"covered":0,"skipped":0,"pct":100},"statements":{"total":5,"covered":0,"skipped":0,"pct":0},"branches":{"total":0,"covered":0,"skipped":0,"pct":100}}
,"D:\\Bizplus4u_Projects\\sms\\Sms-integrated\\sms-backend\\src\\api\\v1\\validators\\fee-structure.validator.js": {"lines":{"total":5,"covered":0,"skipped":0,"pct":0},"functions":{"total":0,"covered":0,"skipped":0,"pct":100},"statements":{"total":5,"covered":0,"skipped":0,"pct":0},"branches":{"total":0,"covered":0,"skipped":0,"pct":100}}
,"D:\\Bizplus4u_Projects\\sms\\Sms-integrated\\sms-backend\\src\\api\\v1\\validators\\fee-term.validator.js": {"lines":{"total":6,"covered":0,"skipped":0,"pct":0},"functions":{"total":0,"covered":0,"skipped":0,"pct":100},"statements":{"total":6,"covered":0,"skipped":0,"pct":0},"branches":{"total":0,"covered":0,"skipped":0,"pct":100}}
,"D:\\Bizplus4u_Projects\\sms\\Sms-integrated\\sms-backend\\src\\api\\v1\\validators\\fee.validator.js": {"lines":{"total":13,"covered":0,"skipped":0,"pct":0},"functions":{"total":2,"covered":0,"skipped":0,"pct":0},"statements":{"total":14,"covered":0,"skipped":0,"pct":0},"branches":{"total":10,"covered":0,"skipped":0,"pct":0}}
,"D:\\Bizplus4u_Projects\\sms\\Sms-integrated\\sms-backend\\src\\api\\v1\\validators\\holiday.validator.js": {"lines":{"total":7,"covered":0,"skipped":0,"pct":0},"functions":{"total":1,"covered":0,"skipped":0,"pct":0},"statements":{"total":7,"covered":0,"skipped":0,"pct":0},"branches":{"total":2,"covered":0,"skipped":0,"pct":0}}
,"D:\\Bizplus4u_Projects\\sms\\Sms-integrated\\sms-backend\\src\\api\\v1\\validators\\hostel.validator.js": {"lines":{"total":4,"covered":0,"skipped":0,"pct":0},"functions":{"total":0,"covered":0,"skipped":0,"pct":100},"statements":{"total":4,"covered":0,"skipped":0,"pct":0},"branches":{"total":0,"covered":0,"skipped":0,"pct":100}}
,"D:\\Bizplus4u_Projects\\sms\\Sms-integrated\\sms-backend\\src\\api\\v1\\validators\\inventory.validator.js": {"lines":{"total":6,"covered":0,"skipped":0,"pct":0},"functions":{"total":0,"covered":0,"skipped":0,"pct":100},"statements":{"total":6,"covered":0,"skipped":0,"pct":0},"branches":{"total":0,"covered":0,"skipped":0,"pct":100}}
,"D:\\Bizplus4u_Projects\\sms\\Sms-integrated\\sms-backend\\src\\api\\v1\\validators\\leave.validator.js": {"lines":{"total":26,"covered":0,"skipped":0,"pct":0},"functions":{"total":3,"covered":0,"skipped":0,"pct":0},"statements":{"total":26,"covered":0,"skipped":0,"pct":0},"branches":{"total":16,"covered":0,"skipped":0,"pct":0}}
,"D:\\Bizplus4u_Projects\\sms\\Sms-integrated\\sms-backend\\src\\api\\v1\\validators\\library-settings.validator.js": {"lines":{"total":6,"covered":0,"skipped":0,"pct":0},"functions":{"total":0,"covered":0,"skipped":0,"pct":100},"statements":{"total":6,"covered":0,"skipped":0,"pct":0},"branches":{"total":0,"covered":0,"skipped":0,"pct":100}}
,"D:\\Bizplus4u_Projects\\sms\\Sms-integrated\\sms-backend\\src\\api\\v1\\validators\\library-transaction.validator.js": {"lines":{"total":9,"covered":0,"skipped":0,"pct":0},"functions":{"total":0,"covered":0,"skipped":0,"pct":100},"statements":{"total":9,"covered":0,"skipped":0,"pct":0},"branches":{"total":0,"covered":0,"skipped":0,"pct":100}}
,"D:\\Bizplus4u_Projects\\sms\\Sms-integrated\\sms-backend\\src\\api\\v1\\validators\\mark.validator.js": {"lines":{"total":9,"covered":0,"skipped":0,"pct":0},"functions":{"total":0,"covered":0,"skipped":0,"pct":100},"statements":{"total":9,"covered":0,"skipped":0,"pct":0},"branches":{"total":0,"covered":0,"skipped":0,"pct":100}}
,"D:\\Bizplus4u_Projects\\sms\\Sms-integrated\\sms-backend\\src\\api\\v1\\validators\\parent.validator.js": {"lines":{"total":57,"covered":0,"skipped":0,"pct":0},"functions":{"total":7,"covered":0,"skipped":0,"pct":0},"statements":{"total":57,"covered":0,"skipped":0,"pct":0},"branches":{"total":51,"covered":0,"skipped":0,"pct":0}}
,"D:\\Bizplus4u_Projects\\sms\\Sms-integrated\\sms-backend\\src\\api\\v1\\validators\\permission.validator.js": {"lines":{"total":4,"covered":0,"skipped":0,"pct":0},"functions":{"total":0,"covered":0,"skipped":0,"pct":100},"statements":{"total":4,"covered":0,"skipped":0,"pct":0},"branches":{"total":0,"covered":0,"skipped":0,"pct":100}}
,"D:\\Bizplus4u_Projects\\sms\\Sms-integrated\\sms-backend\\src\\api\\v1\\validators\\report.validator.js": {"lines":{"total":3,"covered":0,"skipped":0,"pct":0},"functions":{"total":0,"covered":0,"skipped":0,"pct":100},"statements":{"total":3,"covered":0,"skipped":0,"pct":0},"branches":{"total":0,"covered":0,"skipped":0,"pct":100}}
,"D:\\Bizplus4u_Projects\\sms\\Sms-integrated\\sms-backend\\src\\api\\v1\\validators\\role.validator.js": {"lines":{"total":5,"covered":0,"skipped":0,"pct":0},"functions":{"total":0,"covered":0,"skipped":0,"pct":100},"statements":{"total":5,"covered":0,"skipped":0,"pct":0},"branches":{"total":0,"covered":0,"skipped":0,"pct":100}}
,"D:\\Bizplus4u_Projects\\sms\\Sms-integrated\\sms-backend\\src\\api\\v1\\validators\\school.validator.js": {"lines":{"total":27,"covered":0,"skipped":0,"pct":0},"functions":{"total":2,"covered":0,"skipped":0,"pct":0},"statements":{"total":27,"covered":0,"skipped":0,"pct":0},"branches":{"total":16,"covered":0,"skipped":0,"pct":0}}
,"D:\\Bizplus4u_Projects\\sms\\Sms-integrated\\sms-backend\\src\\api\\v1\\validators\\section.validator.js": {"lines":{"total":7,"covered":0,"skipped":0,"pct":0},"functions":{"total":0,"covered":0,"skipped":0,"pct":100},"statements":{"total":7,"covered":0,"skipped":0,"pct":0},"branches":{"total":0,"covered":0,"skipped":0,"pct":100}}
,"D:\\Bizplus4u_Projects\\sms\\Sms-integrated\\sms-backend\\src\\api\\v1\\validators\\session-hour.validator.js": {"lines":{"total":6,"covered":0,"skipped":0,"pct":0},"functions":{"total":0,"covered":0,"skipped":0,"pct":100},"statements":{"total":6,"covered":0,"skipped":0,"pct":0},"branches":{"total":0,"covered":0,"skipped":0,"pct":100}}
,"D:\\Bizplus4u_Projects\\sms\\Sms-integrated\\sms-backend\\src\\api\\v1\\validators\\student-exit.validator.js": {"lines":{"total":8,"covered":0,"skipped":0,"pct":0},"functions":{"total":0,"covered":0,"skipped":0,"pct":100},"statements":{"total":8,"covered":0,"skipped":0,"pct":0},"branches":{"total":0,"covered":0,"skipped":0,"pct":100}}
,"D:\\Bizplus4u_Projects\\sms\\Sms-integrated\\sms-backend\\src\\api\\v1\\validators\\student.validator.js": {"lines":{"total":21,"covered":0,"skipped":0,"pct":0},"functions":{"total":3,"covered":0,"skipped":0,"pct":0},"statements":{"total":21,"covered":0,"skipped":0,"pct":0},"branches":{"total":8,"covered":0,"skipped":0,"pct":0}}
,"D:\\Bizplus4u_Projects\\sms\\Sms-integrated\\sms-backend\\src\\api\\v1\\validators\\subject.validator.js": {"lines":{"total":6,"covered":0,"skipped":0,"pct":0},"functions":{"total":0,"covered":0,"skipped":0,"pct":100},"statements":{"total":6,"covered":0,"skipped":0,"pct":0},"branches":{"total":0,"covered":0,"skipped":0,"pct":100}}
,"D:\\Bizplus4u_Projects\\sms\\Sms-integrated\\sms-backend\\src\\api\\v1\\validators\\teacher.validator.js": {"lines":{"total":21,"covered":0,"skipped":0,"pct":0},"functions":{"total":3,"covered":0,"skipped":0,"pct":0},"statements":{"total":21,"covered":0,"skipped":0,"pct":0},"branches":{"total":14,"covered":0,"skipped":0,"pct":0}}
,"D:\\Bizplus4u_Projects\\sms\\Sms-integrated\\sms-backend\\src\\api\\v1\\validators\\timetable.validator.js": {"lines":{"total":3,"covered":0,"skipped":0,"pct":0},"functions":{"total":0,"covered":0,"skipped":0,"pct":100},"statements":{"total":3,"covered":0,"skipped":0,"pct":0},"branches":{"total":0,"covered":0,"skipped":0,"pct":100}}
,"D:\\Bizplus4u_Projects\\sms\\Sms-integrated\\sms-backend\\src\\api\\v1\\validators\\transport.validator.js": {"lines":{"total":19,"covered":0,"skipped":0,"pct":0},"functions":{"total":0,"covered":0,"skipped":0,"pct":100},"statements":{"total":19,"covered":0,"skipped":0,"pct":0},"branches":{"total":0,"covered":0,"skipped":0,"pct":100}}
,"D:\\Bizplus4u_Projects\\sms\\Sms-integrated\\sms-backend\\src\\api\\v1\\validators\\user.validator.js": {"lines":{"total":3,"covered":0,"skipped":0,"pct":0},"functions":{"total":0,"covered":0,"skipped":0,"pct":100},"statements":{"total":3,"covered":0,"skipped":0,"pct":0},"branches":{"total":0,"covered":0,"skipped":0,"pct":100}}
,"D:\\Bizplus4u_Projects\\sms\\Sms-integrated\\sms-backend\\src\\middleware\\auth.middleware.js": {"lines":{"total":115,"covered":105,"skipped":0,"pct":91.3},"functions":{"total":15,"covered":13,"skipped":0,"pct":86.66},"statements":{"total":124,"covered":112,"skipped":0,"pct":90.32},"branches":{"total":118,"covered":93,"skipped":0,"pct":78.81}}
,"D:\\Bizplus4u_Projects\\sms\\Sms-integrated\\sms-backend\\src\\middleware\\error.middleware.js": {"lines":{"total":51,"covered":0,"skipped":0,"pct":0},"functions":{"total":7,"covered":0,"skipped":0,"pct":0},"statements":{"total":53,"covered":0,"skipped":0,"pct":0},"branches":{"total":51,"covered":0,"skipped":0,"pct":0}}
,"D:\\Bizplus4u_Projects\\sms\\Sms-integrated\\sms-backend\\src\\middleware\\payload-normalizer.middleware.js": {"lines":{"total":42,"covered":0,"skipped":0,"pct":0},"functions":{"total":5,"covered":0,"skipped":0,"pct":0},"statements":{"total":42,"covered":0,"skipped":0,"pct":0},"branches":{"total":31,"covered":0,"skipped":0,"pct":0}}
,"D:\\Bizplus4u_Projects\\sms\\Sms-integrated\\sms-backend\\src\\middleware\\photo-upload.middleware.js": {"lines":{"total":38,"covered":0,"skipped":0,"pct":0},"functions":{"total":5,"covered":0,"skipped":0,"pct":0},"statements":{"total":39,"covered":0,"skipped":0,"pct":0},"branches":{"total":12,"covered":0,"skipped":0,"pct":0}}
,"D:\\Bizplus4u_Projects\\sms\\Sms-integrated\\sms-backend\\src\\middleware\\rbac.middleware.js": {"lines":{"total":71,"covered":0,"skipped":0,"pct":0},"functions":{"total":16,"covered":0,"skipped":0,"pct":0},"statements":{"total":80,"covered":0,"skipped":0,"pct":0},"branches":{"total":64,"covered":0,"skipped":0,"pct":0}}
,"D:\\Bizplus4u_Projects\\sms\\Sms-integrated\\sms-backend\\src\\middleware\\role.middleware.js": {"lines":{"total":2,"covered":0,"skipped":0,"pct":0},"functions":{"total":0,"covered":0,"skipped":0,"pct":100},"statements":{"total":2,"covered":0,"skipped":0,"pct":0},"branches":{"total":0,"covered":0,"skipped":0,"pct":100}}
,"D:\\Bizplus4u_Projects\\sms\\Sms-integrated\\sms-backend\\src\\middleware\\trial-limits.middleware.js": {"lines":{"total":59,"covered":0,"skipped":0,"pct":0},"functions":{"total":6,"covered":0,"skipped":0,"pct":0},"statements":{"total":69,"covered":0,"skipped":0,"pct":0},"branches":{"total":30,"covered":0,"skipped":0,"pct":0}}
,"D:\\Bizplus4u_Projects\\sms\\Sms-integrated\\sms-backend\\src\\middleware\\validation.middleware.js": {"lines":{"total":9,"covered":0,"skipped":0,"pct":0},"functions":{"total":2,"covered":0,"skipped":0,"pct":0},"statements":{"total":10,"covered":0,"skipped":0,"pct":0},"branches":{"total":4,"covered":0,"skipped":0,"pct":0}}
,"D:\\Bizplus4u_Projects\\sms\\Sms-integrated\\sms-backend\\src\\utils\\auth-metrics.js": {"lines":{"total":16,"covered":13,"skipped":0,"pct":81.25},"functions":{"total":3,"covered":2,"skipped":0,"pct":66.66},"statements":{"total":17,"covered":13,"skipped":0,"pct":76.47},"branches":{"total":9,"covered":5,"skipped":0,"pct":55.55}}
,"D:\\Bizplus4u_Projects\\sms\\Sms-integrated\\sms-backend\\src\\utils\\errors.js": {"lines":{"total":13,"covered":0,"skipped":0,"pct":0},"functions":{"total":7,"covered":0,"skipped":0,"pct":0},"statements":{"total":13,"covered":0,"skipped":0,"pct":0},"branches":{"total":7,"covered":0,"skipped":0,"pct":0}}
,"D:\\Bizplus4u_Projects\\sms\\Sms-integrated\\sms-backend\\src\\utils\\logger.js": {"lines":{"total":17,"covered":0,"skipped":0,"pct":0},"functions":{"total":7,"covered":0,"skipped":0,"pct":0},"statements":{"total":17,"covered":0,"skipped":0,"pct":0},"branches":{"total":4,"covered":0,"skipped":0,"pct":0}}
,"D:\\Bizplus4u_Projects\\sms\\Sms-integrated\\sms-backend\\src\\utils\\response.js": {"lines":{"total":19,"covered":0,"skipped":0,"pct":0},"functions":{"total":9,"covered":0,"skipped":0,"pct":0},"statements":{"total":19,"covered":0,"skipped":0,"pct":0},"branches":{"total":13,"covered":0,"skipped":0,"pct":0}}
,"D:\\Bizplus4u_Projects\\sms\\Sms-integrated\\sms-backend\\src\\utils\\email\\smtp-mailer.js": {"lines":{"total":43,"covered":0,"skipped":0,"pct":0},"functions":{"total":8,"covered":0,"skipped":0,"pct":0},"statements":{"total":43,"covered":0,"skipped":0,"pct":0},"branches":{"total":35,"covered":0,"skipped":0,"pct":0}}
,"D:\\Bizplus4u_Projects\\sms\\Sms-integrated\\sms-backend\\src\\utils\\pdf\\certificate-generator.js": {"lines":{"total":137,"covered":0,"skipped":0,"pct":0},"functions":{"total":16,"covered":0,"skipped":0,"pct":0},"statements":{"total":149,"covered":0,"skipped":0,"pct":0},"branches":{"total":90,"covered":0,"skipped":0,"pct":0}}
,"D:\\Bizplus4u_Projects\\sms\\Sms-integrated\\sms-backend\\src\\utils\\pdf\\fee-receipt-generator.js": {"lines":{"total":45,"covered":0,"skipped":0,"pct":0},"functions":{"total":8,"covered":0,"skipped":0,"pct":0},"statements":{"total":47,"covered":0,"skipped":0,"pct":0},"branches":{"total":32,"covered":0,"skipped":0,"pct":0}}
}
