TN:
SF:src\api\v1\config\report-permissions.matrix.js
FN:55,(anonymous_0)
FN:66,(anonymous_1)
FNF:2
FNH:0
FNDA:0,(anonymous_0)
FNDA:0,(anonymous_1)
DA:13,0
DA:55,0
DA:56,0
DA:57,0
DA:58,0
DA:66,0
DA:67,0
DA:68,0
DA:71,0
LF:9
LH:0
BRDA:57,0,0,0
BRDA:57,0,1,0
BRDA:68,1,0,0
BRDA:68,1,1,0
BRF:4
BRH:0
end_of_record
TN:
SF:src\api\v1\controllers\academic-year.controller.js
FN:7,(anonymous_0)
FN:22,(anonymous_1)
FN:28,(anonymous_2)
FN:34,(anonymous_3)
FN:40,(anonymous_4)
FN:46,(anonymous_5)
FN:52,(anonymous_6)
FNF:7
FNH:0
FNDA:0,(anonymous_0)
FNDA:0,(anonymous_1)
FNDA:0,(anonymous_2)
FNDA:0,(anonymous_3)
FNDA:0,(anonymous_4)
FNDA:0,(anonymous_5)
FNDA:0,(anonymous_6)
DA:1,0
DA:2,0
DA:3,0
DA:4,0
DA:7,0
DA:8,0
DA:13,0
DA:14,0
DA:17,0
DA:18,0
DA:19,0
DA:22,0
DA:23,0
DA:24,0
DA:25,0
DA:28,0
DA:29,0
DA:30,0
DA:31,0
DA:34,0
DA:35,0
DA:36,0
DA:37,0
DA:40,0
DA:41,0
DA:42,0
DA:43,0
DA:46,0
DA:47,0
DA:48,0
DA:49,0
DA:52,0
DA:53,0
DA:54,0
DA:58,0
DA:62,0
LF:36
LH:0
BRDA:13,0,0,0
BRDA:13,0,1,0
BRF:2
BRH:0
end_of_record
TN:
SF:src\api\v1\controllers\achievement.controller.js
FN:11,(anonymous_0)
FN:33,(anonymous_1)
FN:46,(anonymous_2)
FNF:3
FNH:0
FNDA:0,(anonymous_0)
FNDA:0,(anonymous_1)
FNDA:0,(anonymous_2)
DA:1,0
DA:2,0
DA:3,0
DA:4,0
DA:11,0
DA:12,0
DA:13,0
DA:14,0
DA:22,0
DA:23,0
DA:25,0
DA:26,0
DA:33,0
DA:34,0
DA:35,0
DA:36,0
DA:38,0
DA:39,0
DA:46,0
DA:47,0
DA:48,0
DA:50,0
DA:61,0
DA:65,0
LF:24
LH:0
BRDA:13,0,0,0
BRDA:13,0,1,0
BRDA:22,1,0,0
BRDA:22,1,1,0
BRDA:23,2,0,0
BRDA:23,2,1,0
BRDA:35,3,0,0
BRDA:35,3,1,0
BRDA:36,4,0,0
BRDA:36,4,1,0
BRDA:54,5,0,0
BRDA:54,5,1,0
BRDA:55,6,0,0
BRDA:55,6,1,0
BRDA:56,7,0,0
BRDA:56,7,1,0
BRDA:58,8,0,0
BRDA:58,8,1,0
BRF:18
BRH:0
end_of_record
TN:
SF:src\api\v1\controllers\assignment.controller.js
FN:7,(anonymous_0)
FN:13,(anonymous_1)
FN:28,(anonymous_2)
FN:40,(anonymous_3)
FN:63,(anonymous_4)
FN:87,(anonymous_5)
FNF:6
FNH:0
FNDA:0,(anonymous_0)
FNDA:0,(anonymous_1)
FNDA:0,(anonymous_2)
FNDA:0,(anonymous_3)
FNDA:0,(anonymous_4)
FNDA:0,(anonymous_5)
DA:1,0
DA:2,0
DA:3,0
DA:4,0
DA:7,0
DA:13,0
DA:14,0
DA:15,0
DA:25,0
DA:28,0
DA:29,0
DA:30,0
DA:37,0
DA:40,0
DA:41,0
DA:60,0
DA:63,0
DA:64,0
DA:84,0
DA:87,0
DA:88,0
DA:94,0
DA:98,0
LF:23
LH:0
BRDA:10,0,0,0
BRDA:10,0,1,0
BRDA:10,0,2,0
BRF:3
BRH:0
end_of_record
TN:
SF:src\api\v1\controllers\attendance.controller.js
FN:6,(anonymous_0)
FN:16,(anonymous_1)
FN:25,(anonymous_2)
FN:36,(anonymous_3)
FN:60,(anonymous_4)
FNF:5
FNH:0
FNDA:0,(anonymous_0)
FNDA:0,(anonymous_1)
FNDA:0,(anonymous_2)
FNDA:0,(anonymous_3)
FNDA:0,(anonymous_4)
DA:1,0
DA:2,0
DA:3,0
DA:7,0
DA:8,0
DA:11,0
DA:12,0
DA:13,0
DA:17,0
DA:18,0
DA:21,0
DA:22,0
DA:25,0
DA:36,0
DA:37,0
DA:38,0
DA:39,0
DA:41,0
DA:43,0
DA:53,0
DA:60,0
DA:61,0
DA:62,0
DA:63,0
DA:75,0
DA:77,0
DA:78,0
DA:80,0
DA:92,0
DA:96,0
LF:30
LH:0
BRDA:7,0,0,0
BRDA:7,0,1,0
BRDA:7,1,0,0
BRDA:7,1,1,0
BRDA:12,2,0,0
BRDA:12,2,1,0
BRDA:17,3,0,0
BRDA:17,3,1,0
BRDA:17,4,0,0
BRDA:17,4,1,0
BRDA:21,5,0,0
BRDA:21,5,1,0
BRDA:21,6,0,0
BRDA:21,6,1,0
BRDA:27,7,0,0
BRDA:27,7,1,0
BRDA:37,8,0,0
BRDA:37,8,1,0
BRDA:50,9,0,0
BRDA:50,9,1,0
BRDA:61,10,0,0
BRDA:61,10,1,0
BRDA:63,11,0,0
BRDA:63,11,1,0
BRDA:63,11,2,0
BRDA:81,12,0,0
BRDA:81,12,1,0
BRDA:82,13,0,0
BRDA:82,13,1,0
BRDA:83,14,0,0
BRDA:83,14,1,0
BRF:31
BRH:0
end_of_record
TN:
SF:src\api\v1\controllers\auth.controller.js
FN:15,(anonymous_0)
FN:29,(anonymous_1)
FN:43,(anonymous_2)
FN:52,(anonymous_3)
FN:76,(anonymous_4)
FN:86,(anonymous_5)
FN:95,(anonymous_6)
FN:104,(anonymous_7)
FN:113,(anonymous_8)
FN:123,(anonymous_9)
FNF:10
FNH:0
FNDA:0,(anonymous_0)
FNDA:0,(anonymous_1)
FNDA:0,(anonymous_2)
FNDA:0,(anonymous_3)
FNDA:0,(anonymous_4)
FNDA:0,(anonymous_5)
FNDA:0,(anonymous_6)
FNDA:0,(anonymous_7)
FNDA:0,(anonymous_8)
FNDA:0,(anonymous_9)
DA:1,0
DA:2,0
DA:3,0
DA:4,0
DA:15,0
DA:16,0
DA:18,0
DA:23,0
DA:29,0
DA:30,0
DA:32,0
DA:37,0
DA:43,0
DA:44,0
DA:46,0
DA:52,0
DA:53,0
DA:54,0
DA:56,0
DA:57,0
DA:58,0
DA:63,0
DA:70,0
DA:76,0
DA:77,0
DA:78,0
DA:80,0
DA:86,0
DA:87,0
DA:89,0
DA:95,0
DA:96,0
DA:97,0
DA:98,0
DA:104,0
DA:105,0
DA:106,0
DA:107,0
DA:113,0
DA:114,0
DA:115,0
DA:116,0
DA:123,0
DA:134,0
DA:136,0
DA:151,0
DA:155,0
LF:47
LH:0
BRDA:66,0,0,0
BRDA:66,0,1,0
BRDA:67,1,0,0
BRDA:67,1,1,0
BRF:4
BRH:0
end_of_record
TN:
SF:src\api\v1\controllers\book.controller.js
FN:6,(anonymous_0)
FN:11,(anonymous_1)
FN:16,(anonymous_2)
FN:21,(anonymous_3)
FN:26,(anonymous_4)
FN:31,(anonymous_5)
FN:38,(anonymous_6)
FN:43,(anonymous_7)
FN:48,(anonymous_8)
FN:53,(anonymous_9)
FN:58,(anonymous_10)
FNF:11
FNH:0
FNDA:0,(anonymous_0)
FNDA:0,(anonymous_1)
FNDA:0,(anonymous_2)
FNDA:0,(anonymous_3)
FNDA:0,(anonymous_4)
FNDA:0,(anonymous_5)
FNDA:0,(anonymous_6)
FNDA:0,(anonymous_7)
FNDA:0,(anonymous_8)
FNDA:0,(anonymous_9)
FNDA:0,(anonymous_10)
DA:1,0
DA:2,0
DA:3,0
DA:4,0
DA:6,0
DA:11,0
DA:12,0
DA:13,0
DA:16,0
DA:17,0
DA:18,0
DA:21,0
DA:22,0
DA:23,0
DA:26,0
DA:27,0
DA:28,0
DA:31,0
DA:32,0
DA:33,0
DA:34,0
DA:38,0
DA:39,0
DA:40,0
DA:43,0
DA:44,0
DA:45,0
DA:48,0
DA:49,0
DA:50,0
DA:53,0
DA:54,0
DA:55,0
DA:58,0
DA:59,0
DA:60,0
DA:64,0
LF:37
LH:0
BRDA:32,0,0,0
BRDA:32,0,1,0
BRF:2
BRH:0
end_of_record
TN:
SF:src\api\v1\controllers\class-timetable.controller.js
FN:11,(anonymous_0)
FN:26,(anonymous_1)
FN:36,(anonymous_2)
FN:46,(anonymous_3)
FN:56,(anonymous_4)
FN:68,(anonymous_5)
FN:78,(anonymous_6)
FN:89,(anonymous_7)
FNF:8
FNH:0
FNDA:0,(anonymous_0)
FNDA:0,(anonymous_1)
FNDA:0,(anonymous_2)
FNDA:0,(anonymous_3)
FNDA:0,(anonymous_4)
FNDA:0,(anonymous_5)
FNDA:0,(anonymous_6)
FNDA:0,(anonymous_7)
DA:1,0
DA:2,0
DA:3,0
DA:4,0
DA:11,0
DA:12,0
DA:13,0
DA:18,0
DA:19,0
DA:26,0
DA:27,0
DA:28,0
DA:29,0
DA:36,0
DA:37,0
DA:38,0
DA:39,0
DA:46,0
DA:47,0
DA:48,0
DA:49,0
DA:56,0
DA:57,0
DA:58,0
DA:61,0
DA:68,0
DA:69,0
DA:70,0
DA:71,0
DA:78,0
DA:79,0
DA:80,0
DA:81,0
DA:82,0
DA:89,0
DA:90,0
DA:91,0
DA:92,0
DA:93,0
DA:97,0
LF:40
LH:0
BRF:0
BRH:0
end_of_record
TN:
SF:src\api\v1\controllers\class.controller.js
FN:7,(anonymous_0)
FN:19,(anonymous_1)
FN:38,(anonymous_2)
FN:44,(anonymous_3)
FN:50,(anonymous_4)
FN:56,(anonymous_5)
FN:64,(anonymous_6)
FN:76,(anonymous_7)
FN:82,(anonymous_8)
FN:88,(anonymous_9)
FN:94,(anonymous_10)
FNF:11
FNH:0
FNDA:0,(anonymous_0)
FNDA:0,(anonymous_1)
FNDA:0,(anonymous_2)
FNDA:0,(anonymous_3)
FNDA:0,(anonymous_4)
FNDA:0,(anonymous_5)
FNDA:0,(anonymous_6)
FNDA:0,(anonymous_7)
FNDA:0,(anonymous_8)
FNDA:0,(anonymous_9)
FNDA:0,(anonymous_10)
DA:1,0
DA:2,0
DA:3,0
DA:4,0
DA:7,0
DA:8,0
DA:9,0
DA:15,0
DA:16,0
DA:19,0
DA:20,0
DA:21,0
DA:22,0
DA:23,0
DA:25,0
DA:26,0
DA:29,0
DA:35,0
DA:38,0
DA:39,0
DA:40,0
DA:41,0
DA:44,0
DA:45,0
DA:46,0
DA:47,0
DA:50,0
DA:51,0
DA:52,0
DA:53,0
DA:56,0
DA:57,0
DA:58,0
DA:59,0
DA:64,0
DA:65,0
DA:66,0
DA:72,0
DA:73,0
DA:76,0
DA:77,0
DA:78,0
DA:79,0
DA:82,0
DA:83,0
DA:84,0
DA:85,0
DA:88,0
DA:89,0
DA:90,0
DA:91,0
DA:94,0
DA:95,0
DA:96,0
DA:97,0
DA:101,0
LF:56
LH:0
BRDA:25,0,0,0
BRDA:25,0,1,0
BRDA:70,1,0,0
BRDA:70,1,1,0
BRF:4
BRH:0
end_of_record
TN:
SF:src\api\v1\controllers\communication.controller.js
FN:6,(anonymous_0)
FN:25,(anonymous_1)
FN:30,(anonymous_2)
FN:42,(anonymous_3)
FN:52,(anonymous_4)
FN:64,(anonymous_5)
FN:77,(anonymous_6)
FN:89,(anonymous_7)
FN:104,(anonymous_8)
FN:119,(anonymous_9)
FN:129,(anonymous_10)
FN:140,(anonymous_11)
FN:152,(anonymous_12)
FNF:13
FNH:0
FNDA:0,(anonymous_0)
FNDA:0,(anonymous_1)
FNDA:0,(anonymous_2)
FNDA:0,(anonymous_3)
FNDA:0,(anonymous_4)
FNDA:0,(anonymous_5)
FNDA:0,(anonymous_6)
FNDA:0,(anonymous_7)
FNDA:0,(anonymous_8)
FNDA:0,(anonymous_9)
FNDA:0,(anonymous_10)
FNDA:0,(anonymous_11)
FNDA:0,(anonymous_12)
DA:1,0
DA:2,0
DA:3,0
DA:4,0
DA:6,0
DA:7,0
DA:8,0
DA:9,0
DA:10,0
DA:11,0
DA:14,0
DA:15,0
DA:16,0
DA:17,0
DA:21,0
DA:25,0
DA:30,0
DA:31,0
DA:32,0
DA:39,0
DA:42,0
DA:43,0
DA:44,0
DA:49,0
DA:52,0
DA:53,0
DA:54,0
DA:61,0
DA:64,0
DA:65,0
DA:66,0
DA:74,0
DA:77,0
DA:78,0
DA:79,0
DA:86,0
DA:89,0
DA:90,0
DA:91,0
DA:101,0
DA:104,0
DA:105,0
DA:106,0
DA:116,0
DA:119,0
DA:120,0
DA:121,0
DA:126,0
DA:129,0
DA:130,0
DA:131,0
DA:137,0
DA:140,0
DA:141,0
DA:142,0
DA:149,0
DA:152,0
DA:153,0
DA:158,0
DA:162,0
LF:60
LH:0
BRDA:6,0,0,0
BRDA:7,1,0,0
BRDA:7,1,1,0
BRDA:8,2,0,0
BRDA:8,2,1,0
BRDA:10,3,0,0
BRDA:10,3,1,0
BRDA:14,4,0,0
BRDA:14,4,1,0
BRDA:14,5,0,0
BRDA:14,5,1,0
BRDA:16,6,0,0
BRDA:16,6,1,0
BRDA:21,7,0,0
BRDA:21,7,1,0
BRDA:27,8,0,0
BRDA:27,8,1,0
BRDA:27,8,2,0
BRDA:86,9,0,0
BRDA:86,9,1,0
BRF:20
BRH:0
end_of_record
TN:
SF:src\api\v1\controllers\contact.controller.js
FN:6,(anonymous_0)
FNF:1
FNH:0
FNDA:0,(anonymous_0)
DA:1,0
DA:2,0
DA:3,0
DA:6,0
DA:7,0
DA:13,0
DA:17,0
LF:7
LH:0
BRDA:10,0,0,0
BRDA:10,0,1,0
BRF:2
BRH:0
end_of_record
TN:
SF:src\api\v1\controllers\dashboard.controller.js
FN:6,(anonymous_0)
FN:17,(anonymous_1)
FN:22,(anonymous_2)
FN:27,(anonymous_3)
FN:32,(anonymous_4)
FNF:5
FNH:0
FNDA:0,(anonymous_0)
FNDA:0,(anonymous_1)
FNDA:0,(anonymous_2)
FNDA:0,(anonymous_3)
FNDA:0,(anonymous_4)
DA:1,0
DA:2,0
DA:3,0
DA:4,0
DA:6,0
DA:7,0
DA:8,0
DA:10,0
DA:17,0
DA:18,0
DA:19,0
DA:22,0
DA:23,0
DA:24,0
DA:27,0
DA:28,0
DA:29,0
DA:32,0
DA:33,0
DA:34,0
DA:35,0
DA:39,0
LF:22
LH:0
BRDA:8,0,0,0
BRDA:8,0,1,0
BRF:2
BRH:0
end_of_record
TN:
SF:src\api\v1\controllers\employee-role.controller.js
FN:10,(anonymous_0)
FN:20,(anonymous_1)
FN:29,(anonymous_2)
FN:39,(anonymous_3)
FN:61,(anonymous_4)
FNF:5
FNH:0
FNDA:0,(anonymous_0)
FNDA:0,(anonymous_1)
FNDA:0,(anonymous_2)
FNDA:0,(anonymous_3)
FNDA:0,(anonymous_4)
DA:1,0
DA:2,0
DA:3,0
DA:10,0
DA:11,0
DA:12,0
DA:13,0
DA:20,0
DA:21,0
DA:22,0
DA:29,0
DA:30,0
DA:31,0
DA:39,0
DA:40,0
DA:41,0
DA:42,0
DA:44,0
DA:45,0
DA:48,0
DA:54,0
DA:61,0
DA:62,0
DA:63,0
DA:67,0
LF:25
LH:0
BRDA:11,0,0,0
BRDA:11,0,1,0
BRDA:40,1,0,0
BRDA:40,1,1,0
BRDA:41,2,0,0
BRDA:41,2,1,0
BRDA:44,3,0,0
BRDA:44,3,1,0
BRDA:44,4,0,0
BRDA:44,4,1,0
BRDA:44,4,2,0
BRF:11
BRH:0
end_of_record
TN:
SF:src\api\v1\controllers\employee.controller.js
FN:6,(anonymous_0)
FN:19,(anonymous_1)
FN:25,(anonymous_2)
FN:30,(anonymous_3)
FN:71,(anonymous_4)
FN:112,(anonymous_5)
FNF:6
FNH:5
FNDA:6,(anonymous_0)
FNDA:1,(anonymous_1)
FNDA:0,(anonymous_2)
FNDA:1,(anonymous_3)
FNDA:1,(anonymous_4)
FNDA:2,(anonymous_5)
DA:1,1
DA:2,1
DA:3,1
DA:4,1
DA:6,1
DA:7,6
DA:8,0
DA:11,6
DA:12,1
DA:15,5
DA:19,1
DA:20,1
DA:21,1
DA:22,1
DA:25,1
DA:26,0
DA:27,0
DA:30,1
DA:31,1
DA:32,1
DA:33,1
DA:34,1
DA:36,1
DA:37,1
DA:38,1
DA:40,1
DA:41,1
DA:47,1
DA:48,0
DA:55,1
DA:56,0
DA:63,1
DA:68,1
DA:71,1
DA:72,1
DA:77,1
DA:78,1
DA:79,1
DA:81,1
DA:82,0
DA:88,1
DA:89,0
DA:96,1
DA:97,0
DA:104,1
DA:109,1
DA:112,1
DA:113,2
DA:114,1
DA:118,1
LF:50
LH:42
BRDA:7,0,0,0
BRDA:7,0,1,6
BRDA:7,1,0,6
BRDA:7,1,1,0
BRDA:7,1,2,0
BRDA:11,2,0,1
BRDA:11,2,1,5
BRDA:11,3,0,6
BRDA:11,3,1,2
BRDA:20,4,0,1
BRDA:20,4,1,0
BRDA:31,5,0,1
BRDA:31,5,1,0
BRDA:32,6,0,1
BRDA:32,6,1,1
BRDA:33,7,0,1
BRDA:33,7,1,1
BRDA:34,8,0,1
BRDA:34,8,1,1
BRDA:40,9,0,1
BRDA:40,9,1,0
BRDA:40,10,0,1
BRDA:40,10,1,1
BRDA:47,11,0,0
BRDA:47,11,1,1
BRDA:47,12,0,1
BRDA:47,12,1,1
BRDA:55,13,0,0
BRDA:55,13,1,1
BRDA:55,14,0,1
BRDA:55,14,1,1
BRDA:72,15,0,1
BRDA:72,15,1,0
BRDA:81,16,0,0
BRDA:81,16,1,1
BRDA:88,17,0,0
BRDA:88,17,1,1
BRDA:96,18,0,0
BRDA:96,18,1,1
BRF:39
BRH:27
end_of_record
TN:
SF:src\api\v1\controllers\exam-schedule.controller.js
FN:7,(anonymous_0)
FN:24,(anonymous_1)
FN:30,(anonymous_2)
FNF:3
FNH:0
FNDA:0,(anonymous_0)
FNDA:0,(anonymous_1)
FNDA:0,(anonymous_2)
DA:1,0
DA:2,0
DA:3,0
DA:4,0
DA:7,0
DA:8,0
DA:9,0
DA:21,0
DA:24,0
DA:25,0
DA:26,0
DA:27,0
DA:30,0
DA:31,0
DA:32,0
DA:33,0
DA:37,0
LF:17
LH:0
BRDA:17,0,0,0
BRDA:17,0,1,0
BRF:2
BRH:0
end_of_record
TN:
SF:src\api\v1\controllers\exam.controller.js
FN:7,(anonymous_0)
FNF:1
FNH:0
FNDA:0,(anonymous_0)
DA:1,0
DA:2,0
DA:3,0
DA:4,0
DA:7,0
DA:8,0
DA:9,0
DA:14,0
DA:18,0
LF:9
LH:0
BRF:0
BRH:0
end_of_record
TN:
SF:src\api\v1\controllers\expense.controller.js
FN:6,(anonymous_0)
FN:12,(anonymous_1)
FN:17,(anonymous_2)
FN:22,(anonymous_3)
FNF:4
FNH:0
FNDA:0,(anonymous_0)
FNDA:0,(anonymous_1)
FNDA:0,(anonymous_2)
FNDA:0,(anonymous_3)
DA:1,0
DA:2,0
DA:3,0
DA:4,0
DA:6,0
DA:12,0
DA:13,0
DA:14,0
DA:17,0
DA:18,0
DA:19,0
DA:22,0
DA:23,0
DA:24,0
DA:28,0
LF:15
LH:0
BRDA:8,0,0,0
BRDA:8,0,1,0
BRF:2
BRH:0
end_of_record
TN:
SF:src\api\v1\controllers\fee-term.controller.js
FN:7,(anonymous_0)
FN:13,(anonymous_1)
FN:19,(anonymous_2)
FN:25,(anonymous_3)
FNF:4
FNH:0
FNDA:0,(anonymous_0)
FNDA:0,(anonymous_1)
FNDA:0,(anonymous_2)
FNDA:0,(anonymous_3)
DA:1,0
DA:2,0
DA:3,0
DA:4,0
DA:7,0
DA:8,0
DA:9,0
DA:10,0
DA:13,0
DA:14,0
DA:15,0
DA:16,0
DA:19,0
DA:20,0
DA:21,0
DA:22,0
DA:25,0
DA:26,0
DA:27,0
DA:28,0
DA:32,0
LF:21
LH:0
BRF:0
BRH:0
end_of_record
TN:
SF:src\api\v1\controllers\fee.controller.js
FN:6,(anonymous_0)
FN:15,(anonymous_1)
FN:20,(anonymous_2)
FN:25,(anonymous_3)
FN:38,(anonymous_4)
FN:44,(anonymous_5)
FN:49,(anonymous_6)
FN:54,(anonymous_7)
FNF:8
FNH:0
FNDA:0,(anonymous_0)
FNDA:0,(anonymous_1)
FNDA:0,(anonymous_2)
FNDA:0,(anonymous_3)
FNDA:0,(anonymous_4)
FNDA:0,(anonymous_5)
FNDA:0,(anonymous_6)
FNDA:0,(anonymous_7)
DA:1,0
DA:2,0
DA:3,0
DA:4,0
DA:6,0
DA:15,0
DA:16,0
DA:17,0
DA:20,0
DA:21,0
DA:22,0
DA:25,0
DA:26,0
DA:27,0
DA:29,0
DA:35,0
DA:38,0
DA:39,0
DA:40,0
DA:41,0
DA:44,0
DA:45,0
DA:46,0
DA:49,0
DA:50,0
DA:51,0
DA:54,0
DA:55,0
DA:56,0
DA:57,0
DA:61,0
LF:31
LH:0
BRDA:8,0,0,0
BRDA:8,0,1,0
BRDA:11,1,0,0
BRDA:11,1,1,0
BRF:4
BRH:0
end_of_record
TN:
SF:src\api\v1\controllers\holiday.controller.js
FN:10,(anonymous_0)
FN:20,(anonymous_1)
FN:35,(anonymous_2)
FNF:3
FNH:0
FNDA:0,(anonymous_0)
FNDA:0,(anonymous_1)
FNDA:0,(anonymous_2)
DA:1,0
DA:2,0
DA:3,0
DA:4,0
DA:10,0
DA:11,0
DA:13,0
DA:14,0
DA:20,0
DA:21,0
DA:23,0
DA:28,0
DA:29,0
DA:35,0
DA:36,0
DA:37,0
DA:39,0
DA:41,0
DA:42,0
DA:45,0
DA:49,0
LF:21
LH:0
BRDA:41,0,0,0
BRDA:41,0,1,0
BRF:2
BRH:0
end_of_record
TN:
SF:src\api\v1\controllers\hostel.controller.js
FN:9,(anonymous_0)
FN:18,(anonymous_1)
FN:27,(anonymous_2)
FNF:3
FNH:0
FNDA:0,(anonymous_0)
FNDA:0,(anonymous_1)
FNDA:0,(anonymous_2)
DA:1,0
DA:2,0
DA:3,0
DA:9,0
DA:10,0
DA:11,0
DA:12,0
DA:18,0
DA:19,0
DA:20,0
DA:21,0
DA:27,0
DA:28,0
DA:29,0
DA:30,0
DA:34,0
LF:16
LH:0
BRDA:10,0,0,0
BRDA:10,0,1,0
BRDA:10,0,2,0
BRDA:19,1,0,0
BRDA:19,1,1,0
BRDA:19,1,2,0
BRF:6
BRH:0
end_of_record
TN:
SF:src\api\v1\controllers\inventory.controller.js
FN:6,(anonymous_0)
FN:12,(anonymous_1)
FN:17,(anonymous_2)
FN:22,(anonymous_3)
FN:27,(anonymous_4)
FN:32,(anonymous_5)
FNF:6
FNH:6
FNDA:5,(anonymous_0)
FNDA:1,(anonymous_1)
FNDA:1,(anonymous_2)
FNDA:1,(anonymous_3)
FNDA:1,(anonymous_4)
FNDA:1,(anonymous_5)
DA:1,1
DA:2,1
DA:3,1
DA:4,1
DA:6,5
DA:12,1
DA:13,1
DA:14,1
DA:17,1
DA:18,1
DA:19,1
DA:22,1
DA:23,1
DA:24,1
DA:27,1
DA:28,1
DA:29,1
DA:32,1
DA:33,1
DA:34,1
DA:38,1
LF:21
LH:21
BRDA:8,0,0,5
BRDA:8,0,1,5
BRF:2
BRH:2
end_of_record
TN:
SF:src\api\v1\controllers\leave.controller.js
FN:7,(anonymous_0)
FN:16,(anonymous_1)
FN:25,(anonymous_2)
FN:40,(anonymous_3)
FN:52,(anonymous_4)
FN:58,(anonymous_5)
FN:64,(anonymous_6)
FN:73,(anonymous_7)
FN:86,(anonymous_8)
FN:92,(anonymous_9)
FN:98,(anonymous_10)
FNF:11
FNH:0
FNDA:0,(anonymous_0)
FNDA:0,(anonymous_1)
FNDA:0,(anonymous_2)
FNDA:0,(anonymous_3)
FNDA:0,(anonymous_4)
FNDA:0,(anonymous_5)
FNDA:0,(anonymous_6)
FNDA:0,(anonymous_7)
FNDA:0,(anonymous_8)
FNDA:0,(anonymous_9)
FNDA:0,(anonymous_10)
DA:1,0
DA:2,0
DA:3,0
DA:4,0
DA:7,0
DA:8,0
DA:9,0
DA:13,0
DA:16,0
DA:17,0
DA:18,0
DA:22,0
DA:25,0
DA:26,0
DA:27,0
DA:37,0
DA:40,0
DA:41,0
DA:42,0
DA:49,0
DA:52,0
DA:53,0
DA:54,0
DA:55,0
DA:58,0
DA:59,0
DA:60,0
DA:61,0
DA:64,0
DA:65,0
DA:66,0
DA:70,0
DA:73,0
DA:74,0
DA:75,0
DA:83,0
DA:86,0
DA:87,0
DA:88,0
DA:89,0
DA:92,0
DA:93,0
DA:94,0
DA:95,0
DA:98,0
DA:99,0
DA:100,0
DA:104,0
DA:108,0
LF:49
LH:0
BRF:0
BRH:0
end_of_record
TN:
SF:src\api\v1\controllers\library-settings.controller.js
FN:6,(anonymous_0)
FN:12,(anonymous_1)
FN:17,(anonymous_2)
FN:23,(anonymous_3)
FN:28,(anonymous_4)
FN:33,(anonymous_5)
FN:38,(anonymous_6)
FNF:7
FNH:0
FNDA:0,(anonymous_0)
FNDA:0,(anonymous_1)
FNDA:0,(anonymous_2)
FNDA:0,(anonymous_3)
FNDA:0,(anonymous_4)
FNDA:0,(anonymous_5)
FNDA:0,(anonymous_6)
DA:1,0
DA:2,0
DA:3,0
DA:4,0
DA:6,0
DA:12,0
DA:13,0
DA:14,0
DA:17,0
DA:18,0
DA:19,0
DA:23,0
DA:24,0
DA:25,0
DA:28,0
DA:29,0
DA:30,0
DA:33,0
DA:34,0
DA:35,0
DA:38,0
DA:39,0
DA:40,0
DA:44,0
LF:24
LH:0
BRF:0
BRH:0
end_of_record
TN:
SF:src\api\v1\controllers\library-transaction.controller.js
FN:6,(anonymous_0)
FN:11,(anonymous_1)
FN:16,(anonymous_2)
FN:21,(anonymous_3)
FN:30,(anonymous_4)
FN:39,(anonymous_5)
FN:44,(anonymous_6)
FN:49,(anonymous_7)
FN:54,(anonymous_8)
FN:61,(anonymous_9)
FNF:10
FNH:0
FNDA:0,(anonymous_0)
FNDA:0,(anonymous_1)
FNDA:0,(anonymous_2)
FNDA:0,(anonymous_3)
FNDA:0,(anonymous_4)
FNDA:0,(anonymous_5)
FNDA:0,(anonymous_6)
FNDA:0,(anonymous_7)
FNDA:0,(anonymous_8)
FNDA:0,(anonymous_9)
DA:1,0
DA:2,0
DA:3,0
DA:4,0
DA:6,0
DA:11,0
DA:12,0
DA:13,0
DA:16,0
DA:17,0
DA:18,0
DA:21,0
DA:22,0
DA:26,0
DA:27,0
DA:30,0
DA:31,0
DA:35,0
DA:36,0
DA:39,0
DA:40,0
DA:41,0
DA:44,0
DA:45,0
DA:46,0
DA:49,0
DA:50,0
DA:51,0
DA:54,0
DA:55,0
DA:58,0
DA:61,0
DA:62,0
DA:63,0
DA:67,0
LF:35
LH:0
BRDA:24,0,0,0
BRDA:24,0,1,0
BRDA:33,1,0,0
BRDA:33,1,1,0
BRF:4
BRH:0
end_of_record
TN:
SF:src\api\v1\controllers\mark.controller.js
FN:9,(anonymous_0)
FN:25,(anonymous_1)
FN:39,(anonymous_2)
FN:51,(anonymous_3)
FN:57,(anonymous_4)
FN:63,(anonymous_5)
FN:69,(anonymous_6)
FN:75,(anonymous_7)
FN:82,(anonymous_8)
FNF:9
FNH:0
FNDA:0,(anonymous_0)
FNDA:0,(anonymous_1)
FNDA:0,(anonymous_2)
FNDA:0,(anonymous_3)
FNDA:0,(anonymous_4)
FNDA:0,(anonymous_5)
FNDA:0,(anonymous_6)
FNDA:0,(anonymous_7)
FNDA:0,(anonymous_8)
DA:1,0
DA:2,0
DA:3,0
DA:9,0
DA:10,0
DA:11,0
DA:12,0
DA:15,0
DA:22,0
DA:25,0
DA:26,0
DA:27,0
DA:28,0
DA:30,0
DA:36,0
DA:39,0
DA:40,0
DA:41,0
DA:43,0
DA:48,0
DA:51,0
DA:52,0
DA:53,0
DA:54,0
DA:57,0
DA:58,0
DA:59,0
DA:60,0
DA:63,0
DA:64,0
DA:65,0
DA:66,0
DA:69,0
DA:70,0
DA:71,0
DA:72,0
DA:75,0
DA:76,0
DA:77,0
DA:78,0
DA:79,0
DA:82,0
DA:83,0
DA:84,0
DA:85,0
DA:89,0
LF:46
LH:0
BRDA:10,0,0,0
BRDA:10,0,1,0
BRDA:10,0,2,0
BRDA:12,1,0,0
BRDA:12,1,1,0
BRDA:26,2,0,0
BRDA:26,2,1,0
BRDA:26,2,2,0
BRDA:28,3,0,0
BRDA:28,3,1,0
BRDA:40,4,0,0
BRDA:40,4,1,0
BRDA:40,4,2,0
BRDA:52,5,0,0
BRDA:52,5,1,0
BRDA:52,5,2,0
BRDA:58,6,0,0
BRDA:58,6,1,0
BRDA:58,6,2,0
BRDA:64,7,0,0
BRDA:64,7,1,0
BRDA:64,7,2,0
BRDA:70,8,0,0
BRDA:70,8,1,0
BRDA:70,8,2,0
BRDA:76,9,0,0
BRDA:76,9,1,0
BRDA:76,9,2,0
BRDA:83,10,0,0
BRDA:83,10,1,0
BRDA:83,10,2,0
BRF:31
BRH:0
end_of_record
TN:
SF:src\api\v1\controllers\parent-dashboard.controller.js
FN:11,(anonymous_0)
FN:29,(anonymous_1)
FN:44,(anonymous_2)
FN:55,(anonymous_3)
FNF:4
FNH:0
FNDA:0,(anonymous_0)
FNDA:0,(anonymous_1)
FNDA:0,(anonymous_2)
FNDA:0,(anonymous_3)
DA:1,0
DA:2,0
DA:3,0
DA:4,0
DA:5,0
DA:6,0
DA:7,0
DA:8,0
DA:11,0
DA:12,0
DA:13,0
DA:14,0
DA:21,0
DA:22,0
DA:29,0
DA:30,0
DA:31,0
DA:32,0
DA:33,0
DA:35,0
DA:36,0
DA:37,0
DA:44,0
DA:45,0
DA:46,0
DA:47,0
DA:50,0
DA:51,0
DA:52,0
DA:54,0
DA:55,0
DA:56,0
DA:57,0
DA:61,0
DA:62,0
DA:63,0
DA:65,0
DA:67,0
DA:70,0
DA:74,0
LF:40
LH:0
BRDA:13,0,0,0
BRDA:13,0,1,0
BRDA:32,1,0,0
BRDA:32,1,1,0
BRDA:51,2,0,0
BRDA:51,2,1,0
BRDA:56,3,0,0
BRDA:56,3,1,0
BRDA:62,4,0,0
BRDA:62,4,1,0
BRF:10
BRH:0
end_of_record
TN:
SF:src\api\v1\controllers\parent.controller.js
FN:7,(anonymous_0)
FN:20,(anonymous_1)
FN:31,(anonymous_2)
FN:36,(anonymous_3)
FN:78,(anonymous_4)
FN:91,(anonymous_5)
FN:133,(anonymous_6)
FN:138,(anonymous_7)
FNF:8
FNH:0
FNDA:0,(anonymous_0)
FNDA:0,(anonymous_1)
FNDA:0,(anonymous_2)
FNDA:0,(anonymous_3)
FNDA:0,(anonymous_4)
FNDA:0,(anonymous_5)
FNDA:0,(anonymous_6)
FNDA:0,(anonymous_7)
DA:1,0
DA:2,0
DA:3,0
DA:4,0
DA:5,0
DA:7,0
DA:8,0
DA:9,0
DA:12,0
DA:13,0
DA:16,0
DA:20,0
DA:21,0
DA:27,0
DA:28,0
DA:31,0
DA:32,0
DA:33,0
DA:36,0
DA:37,0
DA:38,0
DA:39,0
DA:40,0
DA:42,0
DA:46,0
DA:47,0
DA:51,0
DA:54,0
DA:55,0
DA:60,0
DA:63,0
DA:64,0
DA:69,0
DA:72,0
DA:74,0
DA:75,0
DA:78,0
DA:79,0
DA:81,0
DA:88,0
DA:91,0
DA:92,0
DA:93,0
DA:94,0
DA:95,0
DA:97,0
DA:101,0
DA:102,0
DA:106,0
DA:109,0
DA:110,0
DA:115,0
DA:118,0
DA:119,0
DA:124,0
DA:127,0
DA:129,0
DA:130,0
DA:133,0
DA:134,0
DA:135,0
DA:138,0
DA:139,0
DA:140,0
DA:142,0
DA:143,0
DA:147,0
LF:67
LH:0
BRDA:8,0,0,0
BRDA:8,0,1,0
BRDA:8,1,0,0
BRDA:8,1,1,0
BRDA:8,1,2,0
BRDA:12,2,0,0
BRDA:12,2,1,0
BRDA:12,3,0,0
BRDA:12,3,1,0
BRDA:43,4,0,0
BRDA:43,4,1,0
BRDA:46,5,0,0
BRDA:46,5,1,0
BRDA:46,6,0,0
BRDA:46,6,1,0
BRDA:54,7,0,0
BRDA:54,7,1,0
BRDA:54,8,0,0
BRDA:54,8,1,0
BRDA:63,9,0,0
BRDA:63,9,1,0
BRDA:63,10,0,0
BRDA:63,10,1,0
BRDA:98,11,0,0
BRDA:98,11,1,0
BRDA:101,12,0,0
BRDA:101,12,1,0
BRDA:109,13,0,0
BRDA:109,13,1,0
BRDA:118,14,0,0
BRDA:118,14,1,0
BRDA:140,15,0,0
BRDA:140,15,1,0
BRDA:143,16,0,0
BRDA:143,16,1,0
BRF:35
BRH:0
end_of_record
TN:
SF:src\api\v1\controllers\permission.controller.js
FN:5,(anonymous_0)
FN:14,(anonymous_1)
FN:23,(anonymous_2)
FNF:3
FNH:0
FNDA:0,(anonymous_0)
FNDA:0,(anonymous_1)
FNDA:0,(anonymous_2)
DA:1,0
DA:2,0
DA:4,0
DA:6,0
DA:7,0
DA:8,0
DA:10,0
DA:15,0
DA:16,0
DA:17,0
DA:19,0
DA:24,0
DA:25,0
DA:29,0
DA:31,0
DA:36,0
LF:16
LH:0
BRF:0
BRH:0
end_of_record
TN:
SF:src\api\v1\controllers\report.controller.js
FN:6,(anonymous_0)
FN:12,(anonymous_1)
FN:17,(anonymous_2)
FN:22,(anonymous_3)
FN:27,(anonymous_4)
FN:32,(anonymous_5)
FNF:6
FNH:0
FNDA:0,(anonymous_0)
FNDA:0,(anonymous_1)
FNDA:0,(anonymous_2)
FNDA:0,(anonymous_3)
FNDA:0,(anonymous_4)
FNDA:0,(anonymous_5)
DA:1,0
DA:2,0
DA:3,0
DA:4,0
DA:6,0
DA:12,0
DA:13,0
DA:14,0
DA:17,0
DA:18,0
DA:19,0
DA:22,0
DA:23,0
DA:24,0
DA:27,0
DA:28,0
DA:29,0
DA:32,0
DA:33,0
DA:34,0
DA:38,0
LF:21
LH:0
BRDA:8,0,0,0
BRDA:8,0,1,0
BRF:2
BRH:0
end_of_record
TN:
SF:src\api\v1\controllers\role.controller.js
FN:5,(anonymous_0)
FN:14,(anonymous_1)
FN:23,(anonymous_2)
FN:32,(anonymous_3)
FN:41,(anonymous_4)
FNF:5
FNH:0
FNDA:0,(anonymous_0)
FNDA:0,(anonymous_1)
FNDA:0,(anonymous_2)
FNDA:0,(anonymous_3)
FNDA:0,(anonymous_4)
DA:1,0
DA:2,0
DA:4,0
DA:6,0
DA:7,0
DA:8,0
DA:10,0
DA:15,0
DA:16,0
DA:17,0
DA:19,0
DA:24,0
DA:25,0
DA:26,0
DA:28,0
DA:33,0
DA:34,0
DA:35,0
DA:37,0
DA:42,0
DA:43,0
DA:44,0
DA:46,0
DA:51,0
LF:24
LH:0
BRF:0
BRH:0
end_of_record
TN:
SF:src\api\v1\controllers\school.controller.js
FN:5,(anonymous_0)
FN:18,(anonymous_1)
FN:23,(anonymous_2)
FN:34,(anonymous_3)
FN:44,(anonymous_4)
FN:53,(anonymous_5)
FN:62,(anonymous_6)
FN:72,(anonymous_7)
FN:82,(anonymous_8)
FN:92,(anonymous_9)
FN:105,(anonymous_10)
FN:115,(anonymous_11)
FN:130,(anonymous_12)
FN:140,(anonymous_13)
FN:150,(anonymous_14)
FN:160,(anonymous_15)
FNF:16
FNH:0
FNDA:0,(anonymous_0)
FNDA:0,(anonymous_1)
FNDA:0,(anonymous_2)
FNDA:0,(anonymous_3)
FNDA:0,(anonymous_4)
FNDA:0,(anonymous_5)
FNDA:0,(anonymous_6)
FNDA:0,(anonymous_7)
FNDA:0,(anonymous_8)
FNDA:0,(anonymous_9)
FNDA:0,(anonymous_10)
FNDA:0,(anonymous_11)
FNDA:0,(anonymous_12)
FNDA:0,(anonymous_13)
FNDA:0,(anonymous_14)
FNDA:0,(anonymous_15)
DA:1,0
DA:2,0
DA:3,0
DA:5,0
DA:6,0
DA:7,0
DA:10,0
DA:11,0
DA:13,0
DA:14,0
DA:18,0
DA:22,0
DA:24,0
DA:25,0
DA:26,0
DA:27,0
DA:28,0
DA:30,0
DA:35,0
DA:36,0
DA:37,0
DA:38,0
DA:40,0
DA:45,0
DA:46,0
DA:47,0
DA:49,0
DA:54,0
DA:55,0
DA:56,0
DA:58,0
DA:63,0
DA:64,0
DA:65,0
DA:66,0
DA:68,0
DA:73,0
DA:74,0
DA:75,0
DA:76,0
DA:78,0
DA:83,0
DA:84,0
DA:85,0
DA:86,0
DA:88,0
DA:93,0
DA:94,0
DA:95,0
DA:99,0
DA:101,0
DA:106,0
DA:107,0
DA:108,0
DA:109,0
DA:111,0
DA:116,0
DA:117,0
DA:118,0
DA:119,0
DA:124,0
DA:126,0
DA:131,0
DA:132,0
DA:133,0
DA:134,0
DA:136,0
DA:141,0
DA:142,0
DA:143,0
DA:144,0
DA:146,0
DA:151,0
DA:152,0
DA:153,0
DA:154,0
DA:156,0
DA:161,0
DA:162,0
DA:163,0
DA:164,0
DA:166,0
DA:171,0
LF:83
LH:0
BRDA:6,0,0,0
BRDA:6,0,1,0
BRDA:10,1,0,0
BRDA:10,1,1,0
BRDA:13,2,0,0
BRDA:13,2,1,0
BRDA:13,3,0,0
BRDA:13,3,1,0
BRDA:13,3,2,0
BRDA:19,4,0,0
BRDA:19,4,1,0
BRDA:19,5,0,0
BRDA:19,5,1,0
BRDA:26,6,0,0
BRDA:26,6,1,0
BRF:15
BRH:0
end_of_record
TN:
SF:src\api\v1\controllers\section.controller.js
FN:7,(anonymous_0)
FN:19,(anonymous_1)
FN:25,(anonymous_2)
FN:37,(anonymous_3)
FNF:4
FNH:0
FNDA:0,(anonymous_0)
FNDA:0,(anonymous_1)
FNDA:0,(anonymous_2)
FNDA:0,(anonymous_3)
DA:1,0
DA:2,0
DA:3,0
DA:4,0
DA:7,0
DA:8,0
DA:9,0
DA:11,0
DA:12,0
DA:15,0
DA:16,0
DA:19,0
DA:20,0
DA:21,0
DA:22,0
DA:25,0
DA:26,0
DA:27,0
DA:29,0
DA:30,0
DA:33,0
DA:34,0
DA:37,0
DA:38,0
DA:39,0
DA:41,0
DA:42,0
DA:45,0
DA:46,0
DA:50,0
LF:30
LH:0
BRDA:9,0,0,0
BRDA:9,0,1,0
BRDA:11,1,0,0
BRDA:11,1,1,0
BRDA:29,2,0,0
BRDA:29,2,1,0
BRDA:41,3,0,0
BRDA:41,3,1,0
BRF:8
BRH:0
end_of_record
TN:
SF:src\api\v1\controllers\session-hour.controller.js
FN:7,(anonymous_0)
FN:19,(anonymous_1)
FN:30,(anonymous_2)
FN:36,(anonymous_3)
FN:42,(anonymous_4)
FNF:5
FNH:0
FNDA:0,(anonymous_0)
FNDA:0,(anonymous_1)
FNDA:0,(anonymous_2)
FNDA:0,(anonymous_3)
FNDA:0,(anonymous_4)
DA:1,0
DA:2,0
DA:3,0
DA:4,0
DA:7,0
DA:8,0
DA:9,0
DA:15,0
DA:16,0
DA:19,0
DA:20,0
DA:21,0
DA:26,0
DA:27,0
DA:30,0
DA:31,0
DA:32,0
DA:33,0
DA:36,0
DA:37,0
DA:38,0
DA:39,0
DA:42,0
DA:43,0
DA:44,0
DA:45,0
DA:49,0
LF:27
LH:0
BRDA:10,0,0,0
BRDA:10,0,1,0
BRF:2
BRH:0
end_of_record
TN:
SF:src\api\v1\controllers\student-dashboard.controller.js
FN:8,(anonymous_0)
FN:22,(anonymous_1)
FNF:2
FNH:0
FNDA:0,(anonymous_0)
FNDA:0,(anonymous_1)
DA:1,0
DA:2,0
DA:3,0
DA:4,0
DA:5,0
DA:8,0
DA:9,0
DA:10,0
DA:11,0
DA:18,0
DA:19,0
DA:22,0
DA:23,0
DA:24,0
DA:25,0
DA:32,0
DA:33,0
DA:37,0
LF:18
LH:0
BRDA:10,0,0,0
BRDA:10,0,1,0
BRDA:24,1,0,0
BRDA:24,1,1,0
BRF:4
BRH:0
end_of_record
TN:
SF:src\api\v1\controllers\student-exit.controller.js
FN:15,(anonymous_0)
FN:26,(anonymous_1)
FN:42,(anonymous_2)
FN:52,(anonymous_3)
FN:65,(anonymous_4)
FN:88,(anonymous_5)
FN:101,(anonymous_6)
FNF:7
FNH:0
FNDA:0,(anonymous_0)
FNDA:0,(anonymous_1)
FNDA:0,(anonymous_2)
FNDA:0,(anonymous_3)
FNDA:0,(anonymous_4)
FNDA:0,(anonymous_5)
FNDA:0,(anonymous_6)
DA:1,0
DA:2,0
DA:3,0
DA:4,0
DA:15,0
DA:16,0
DA:17,0
DA:18,0
DA:19,0
DA:26,0
DA:27,0
DA:28,0
DA:34,0
DA:35,0
DA:42,0
DA:43,0
DA:44,0
DA:45,0
DA:52,0
DA:53,0
DA:54,0
DA:58,0
DA:65,0
DA:66,0
DA:67,0
DA:68,0
DA:70,0
DA:76,0
DA:81,0
DA:88,0
DA:89,0
DA:90,0
DA:94,0
DA:101,0
DA:102,0
DA:103,0
DA:105,0
DA:110,0
DA:115,0
DA:119,0
LF:40
LH:0
BRF:0
BRH:0
end_of_record
TN:
SF:src\api\v1\controllers\student.controller.js
FN:7,(anonymous_0)
FN:29,(anonymous_1)
FN:46,(anonymous_2)
FN:72,(anonymous_3)
FN:85,(anonymous_4)
FN:98,(anonymous_5)
FN:111,(anonymous_6)
FN:149,(anonymous_7)
FN:188,(anonymous_8)
FN:201,(anonymous_9)
FN:220,(anonymous_10)
FN:239,(anonymous_11)
FN:253,(anonymous_12)
FNF:13
FNH:0
FNDA:0,(anonymous_0)
FNDA:0,(anonymous_1)
FNDA:0,(anonymous_2)
FNDA:0,(anonymous_3)
FNDA:0,(anonymous_4)
FNDA:0,(anonymous_5)
FNDA:0,(anonymous_6)
FNDA:0,(anonymous_7)
FNDA:0,(anonymous_8)
FNDA:0,(anonymous_9)
FNDA:0,(anonymous_10)
FNDA:0,(anonymous_11)
FNDA:0,(anonymous_12)
DA:1,0
DA:2,0
DA:3,0
DA:4,0
DA:5,0
DA:7,0
DA:8,0
DA:9,0
DA:12,0
DA:13,0
DA:16,0
DA:29,0
DA:30,0
DA:31,0
DA:39,0
DA:46,0
DA:47,0
DA:48,0
DA:51,0
DA:52,0
DA:63,0
DA:65,0
DA:72,0
DA:73,0
DA:74,0
DA:76,0
DA:78,0
DA:85,0
DA:86,0
DA:87,0
DA:89,0
DA:91,0
DA:98,0
DA:99,0
DA:100,0
DA:102,0
DA:104,0
DA:111,0
DA:112,0
DA:114,0
DA:115,0
DA:117,0
DA:121,0
DA:122,0
DA:126,0
DA:129,0
DA:130,0
DA:135,0
DA:138,0
DA:140,0
DA:142,0
DA:149,0
DA:150,0
DA:151,0
DA:153,0
DA:154,0
DA:156,0
DA:160,0
DA:161,0
DA:165,0
DA:168,0
DA:169,0
DA:174,0
DA:177,0
DA:179,0
DA:181,0
DA:188,0
DA:189,0
DA:190,0
DA:192,0
DA:194,0
DA:201,0
DA:202,0
DA:203,0
DA:205,0
DA:213,0
DA:220,0
DA:221,0
DA:222,0
DA:224,0
DA:232,0
DA:239,0
DA:240,0
DA:241,0
DA:246,0
DA:253,0
DA:254,0
DA:256,0
DA:257,0
DA:258,0
DA:266,0
DA:272,0
DA:276,0
LF:93
LH:0
BRDA:8,0,0,0
BRDA:8,0,1,0
BRDA:8,1,0,0
BRDA:8,1,1,0
BRDA:8,1,2,0
BRDA:12,2,0,0
BRDA:12,2,1,0
BRDA:12,3,0,0
BRDA:12,3,1,0
BRDA:48,4,0,0
BRDA:48,4,1,0
BRDA:118,5,0,0
BRDA:118,5,1,0
BRDA:121,6,0,0
BRDA:121,6,1,0
BRDA:121,7,0,0
BRDA:121,7,1,0
BRDA:129,8,0,0
BRDA:129,8,1,0
BRDA:129,9,0,0
BRDA:129,9,1,0
BRDA:157,10,0,0
BRDA:157,10,1,0
BRDA:160,11,0,0
BRDA:160,11,1,0
BRDA:168,12,0,0
BRDA:168,12,1,0
BRDA:256,13,0,0
BRDA:256,13,1,0
BRDA:257,14,0,0
BRDA:257,14,1,0
BRF:31
BRH:0
end_of_record
TN:
SF:src\api\v1\controllers\subscription.controller.js
FN:15,(anonymous_0)
FNF:1
FNH:0
FNDA:0,(anonymous_0)
DA:1,0
DA:2,0
DA:3,0
DA:4,0
DA:15,0
DA:16,0
DA:17,0
DA:18,0
DA:22,0
LF:9
LH:0
BRF:0
BRH:0
end_of_record
TN:
SF:src\api\v1\controllers\teacher-dashboard.controller.js
FN:7,(anonymous_0)
FNF:1
FNH:0
FNDA:0,(anonymous_0)
DA:1,0
DA:2,0
DA:3,0
DA:4,0
DA:7,0
DA:8,0
DA:12,0
DA:16,0
LF:8
LH:0
BRF:0
BRH:0
end_of_record
TN:
SF:src\api\v1\controllers\teacher.controller.js
FN:7,(anonymous_0)
FN:20,(anonymous_1)
FN:39,(anonymous_2)
FN:46,(anonymous_3)
FN:89,(anonymous_4)
FN:133,(anonymous_5)
FNF:6
FNH:0
FNDA:0,(anonymous_0)
FNDA:0,(anonymous_1)
FNDA:0,(anonymous_2)
FNDA:0,(anonymous_3)
FNDA:0,(anonymous_4)
FNDA:0,(anonymous_5)
DA:1,0
DA:2,0
DA:3,0
DA:4,0
DA:5,0
DA:7,0
DA:8,0
DA:9,0
DA:12,0
DA:13,0
DA:16,0
DA:20,0
DA:21,0
DA:22,0
DA:25,0
DA:35,0
DA:36,0
DA:39,0
DA:40,0
DA:41,0
DA:42,0
DA:43,0
DA:46,0
DA:47,0
DA:49,0
DA:50,0
DA:51,0
DA:53,0
DA:57,0
DA:58,0
DA:62,0
DA:65,0
DA:66,0
DA:71,0
DA:74,0
DA:75,0
DA:80,0
DA:83,0
DA:85,0
DA:86,0
DA:89,0
DA:90,0
DA:91,0
DA:93,0
DA:94,0
DA:95,0
DA:97,0
DA:101,0
DA:102,0
DA:106,0
DA:109,0
DA:110,0
DA:115,0
DA:118,0
DA:119,0
DA:124,0
DA:127,0
DA:129,0
DA:130,0
DA:133,0
DA:134,0
DA:135,0
DA:136,0
DA:137,0
DA:141,0
LF:65
LH:0
BRDA:8,0,0,0
BRDA:8,0,1,0
BRDA:8,1,0,0
BRDA:8,1,1,0
BRDA:8,1,2,0
BRDA:12,2,0,0
BRDA:12,2,1,0
BRDA:12,3,0,0
BRDA:12,3,1,0
BRDA:22,4,0,0
BRDA:22,4,1,0
BRDA:54,5,0,0
BRDA:54,5,1,0
BRDA:57,6,0,0
BRDA:57,6,1,0
BRDA:57,7,0,0
BRDA:57,7,1,0
BRDA:65,8,0,0
BRDA:65,8,1,0
BRDA:65,9,0,0
BRDA:65,9,1,0
BRDA:74,10,0,0
BRDA:74,10,1,0
BRDA:74,11,0,0
BRDA:74,11,1,0
BRDA:98,12,0,0
BRDA:98,12,1,0
BRDA:101,13,0,0
BRDA:101,13,1,0
BRDA:109,14,0,0
BRDA:109,14,1,0
BRDA:118,15,0,0
BRDA:118,15,1,0
BRF:33
BRH:0
end_of_record
TN:
SF:src\api\v1\controllers\timetable.controller.js
FN:10,(anonymous_0)
FN:19,(anonymous_1)
FN:28,(anonymous_2)
FNF:3
FNH:0
FNDA:0,(anonymous_0)
FNDA:0,(anonymous_1)
FNDA:0,(anonymous_2)
DA:1,0
DA:2,0
DA:3,0
DA:10,0
DA:11,0
DA:12,0
DA:19,0
DA:20,0
DA:21,0
DA:28,0
DA:29,0
DA:30,0
DA:31,0
DA:35,0
LF:14
LH:0
BRF:0
BRH:0
end_of_record
TN:
SF:src\api\v1\controllers\transport.controller.js
FN:6,(anonymous_0)
FN:11,(anonymous_1)
FN:17,(anonymous_2)
FN:23,(anonymous_3)
FN:29,(anonymous_4)
FN:35,(anonymous_5)
FN:41,(anonymous_6)
FN:48,(anonymous_7)
FN:54,(anonymous_8)
FN:63,(anonymous_9)
FN:69,(anonymous_10)
FN:75,(anonymous_11)
FN:84,(anonymous_12)
FN:90,(anonymous_13)
FN:96,(anonymous_14)
FN:102,(anonymous_15)
FN:108,(anonymous_16)
FN:114,(anonymous_17)
FN:120,(anonymous_18)
FN:127,(anonymous_19)
FN:133,(anonymous_20)
FN:139,(anonymous_21)
FN:145,(anonymous_22)
FN:151,(anonymous_23)
FN:158,(anonymous_24)
FNF:25
FNH:0
FNDA:0,(anonymous_0)
FNDA:0,(anonymous_1)
FNDA:0,(anonymous_2)
FNDA:0,(anonymous_3)
FNDA:0,(anonymous_4)
FNDA:0,(anonymous_5)
FNDA:0,(anonymous_6)
FNDA:0,(anonymous_7)
FNDA:0,(anonymous_8)
FNDA:0,(anonymous_9)
FNDA:0,(anonymous_10)
FNDA:0,(anonymous_11)
FNDA:0,(anonymous_12)
FNDA:0,(anonymous_13)
FNDA:0,(anonymous_14)
FNDA:0,(anonymous_15)
FNDA:0,(anonymous_16)
FNDA:0,(anonymous_17)
FNDA:0,(anonymous_18)
FNDA:0,(anonymous_19)
FNDA:0,(anonymous_20)
FNDA:0,(anonymous_21)
FNDA:0,(anonymous_22)
FNDA:0,(anonymous_23)
FNDA:0,(anonymous_24)
DA:1,0
DA:2,0
DA:3,0
DA:7,0
DA:11,0
DA:12,0
DA:13,0
DA:14,0
DA:17,0
DA:18,0
DA:19,0
DA:20,0
DA:23,0
DA:24,0
DA:25,0
DA:26,0
DA:29,0
DA:30,0
DA:31,0
DA:32,0
DA:35,0
DA:36,0
DA:37,0
DA:38,0
DA:41,0
DA:42,0
DA:43,0
DA:44,0
DA:48,0
DA:49,0
DA:50,0
DA:51,0
DA:54,0
DA:55,0
DA:56,0
DA:60,0
DA:63,0
DA:64,0
DA:65,0
DA:66,0
DA:69,0
DA:70,0
DA:71,0
DA:72,0
DA:75,0
DA:76,0
DA:77,0
DA:80,0
DA:84,0
DA:85,0
DA:86,0
DA:87,0
DA:90,0
DA:91,0
DA:92,0
DA:93,0
DA:96,0
DA:97,0
DA:98,0
DA:99,0
DA:102,0
DA:103,0
DA:104,0
DA:105,0
DA:108,0
DA:109,0
DA:110,0
DA:111,0
DA:114,0
DA:115,0
DA:116,0
DA:117,0
DA:120,0
DA:121,0
DA:122,0
DA:123,0
DA:127,0
DA:128,0
DA:129,0
DA:130,0
DA:133,0
DA:134,0
DA:135,0
DA:136,0
DA:139,0
DA:140,0
DA:141,0
DA:142,0
DA:145,0
DA:146,0
DA:147,0
DA:148,0
DA:151,0
DA:152,0
DA:153,0
DA:154,0
DA:158,0
DA:159,0
DA:160,0
DA:163,0
DA:167,0
LF:101
LH:0
BRDA:7,0,0,0
BRDA:7,0,1,0
BRDA:7,0,2,0
BRF:3
BRH:0
end_of_record
TN:
SF:src\api\v1\controllers\upload.controller.js
FN:14,(anonymous_0)
FN:90,(anonymous_1)
FN:111,(anonymous_2)
FN:123,(anonymous_3)
FN:145,(anonymous_4)
FNF:5
FNH:0
FNDA:0,(anonymous_0)
FNDA:0,(anonymous_1)
FNDA:0,(anonymous_2)
FNDA:0,(anonymous_3)
FNDA:0,(anonymous_4)
DA:1,0
DA:2,0
DA:3,0
DA:4,0
DA:5,0
DA:14,0
DA:15,0
DA:16,0
DA:17,0
DA:19,0
DA:20,0
DA:28,0
DA:29,0
DA:38,0
DA:39,0
DA:41,0
DA:49,0
DA:50,0
DA:51,0
DA:60,0
DA:61,0
DA:62,0
DA:70,0
DA:71,0
DA:72,0
DA:80,0
DA:90,0
DA:91,0
DA:92,0
DA:100,0
DA:101,0
DA:102,0
DA:104,0
DA:105,0
DA:108,0
DA:111,0
DA:112,0
DA:113,0
DA:114,0
DA:123,0
DA:124,0
DA:125,0
DA:134,0
DA:145,0
DA:146,0
DA:147,0
DA:148,0
DA:149,0
DA:152,0
DA:156,0
DA:157,0
DA:165,0
DA:166,0
DA:170,0
DA:174,0
LF:55
LH:0
BRDA:19,0,0,0
BRDA:19,0,1,0
BRDA:19,1,0,0
BRDA:19,1,1,0
BRDA:28,2,0,0
BRDA:28,2,1,0
BRDA:49,3,0,0
BRDA:49,3,1,0
BRDA:50,4,0,0
BRDA:50,4,1,0
BRDA:61,5,0,0
BRDA:61,5,1,0
BRDA:61,6,0,0
BRDA:61,6,1,0
BRDA:71,7,0,0
BRDA:71,7,1,0
BRDA:91,8,0,0
BRDA:91,8,1,0
BRDA:92,9,0,0
BRDA:92,9,1,0
BRDA:100,10,0,0
BRDA:100,10,1,0
BRDA:104,11,0,0
BRDA:104,11,1,0
BRDA:113,12,0,0
BRDA:113,12,1,0
BRDA:124,13,0,0
BRDA:124,13,1,0
BRDA:147,14,0,0
BRDA:147,14,1,0
BRDA:148,15,0,0
BRDA:148,15,1,0
BRDA:149,16,0,0
BRDA:149,16,1,0
BRDA:152,17,0,0
BRDA:152,17,1,0
BRDA:152,17,2,0
BRDA:152,18,0,0
BRDA:152,18,1,0
BRDA:156,19,0,0
BRDA:156,19,1,0
BRDA:166,20,0,0
BRDA:166,20,1,0
BRF:43
BRH:0
end_of_record
TN:
SF:src\api\v1\controllers\user.controller.js
FN:10,(anonymous_0)
FNF:1
FNH:0
FNDA:0,(anonymous_0)
DA:1,0
DA:2,0
DA:3,0
DA:10,0
DA:11,0
DA:12,0
DA:17,0
LF:7
LH:0
BRF:0
BRH:0
end_of_record
TN:
SF:src\api\v1\dto\contact-request.dto.js
FN:1,(anonymous_0)
FN:10,(anonymous_1)
FNF:2
FNH:0
FNDA:0,(anonymous_0)
FNDA:0,(anonymous_1)
DA:1,0
DA:2,0
DA:3,0
DA:4,0
DA:7,0
DA:10,0
DA:11,0
DA:21,0
LF:8
LH:0
BRDA:2,0,0,0
BRDA:2,0,1,0
BRDA:3,1,0,0
BRDA:3,1,1,0
BRDA:10,2,0,0
BRF:5
BRH:0
end_of_record
TN:
SF:src\api\v1\repositories\academic-year.repository.js
FN:5,(anonymous_0)
FN:39,(anonymous_1)
FN:53,(anonymous_2)
FN:62,(anonymous_3)
FN:70,(anonymous_4)
FN:75,(anonymous_5)
FN:95,(anonymous_6)
FNF:7
FNH:0
FNDA:0,(anonymous_0)
FNDA:0,(anonymous_1)
FNDA:0,(anonymous_2)
FNDA:0,(anonymous_3)
FNDA:0,(anonymous_4)
FNDA:0,(anonymous_5)
FNDA:0,(anonymous_6)
DA:1,0
DA:2,0
DA:6,0
DA:7,0
DA:8,0
DA:9,0
DA:11,0
DA:13,0
DA:14,0
DA:17,0
DA:18,0
DA:21,0
DA:31,0
DA:40,0
DA:42,0
DA:43,0
DA:46,0
DA:47,0
DA:48,0
DA:50,0
DA:54,0
DA:55,0
DA:56,0
DA:59,0
DA:63,0
DA:64,0
DA:67,0
DA:71,0
DA:72,0
DA:76,0
DA:77,0
DA:80,0
DA:82,0
DA:83,0
DA:86,0
DA:91,0
DA:92,0
DA:96,0
DA:97,0
DA:98,0
DA:101,0
DA:105,0
LF:42
LH:0
BRDA:5,0,0,0
BRDA:6,1,0,0
BRDA:6,2,0,0
BRDA:7,3,0,0
BRDA:7,3,1,0
BRDA:8,4,0,0
BRDA:8,4,1,0
BRDA:13,5,0,0
BRDA:13,5,1,0
BRDA:17,6,0,0
BRDA:17,6,1,0
BRDA:35,7,0,0
BRDA:35,7,1,0
BRDA:39,8,0,0
BRDA:42,9,0,0
BRDA:42,9,1,0
BRDA:47,10,0,0
BRDA:47,10,1,0
BRDA:53,11,0,0
BRDA:55,12,0,0
BRDA:55,12,1,0
BRDA:63,13,0,0
BRDA:63,13,1,0
BRDA:70,14,0,0
BRDA:75,15,0,0
BRDA:76,16,0,0
BRDA:76,16,1,0
BRDA:82,17,0,0
BRDA:82,17,1,0
BRDA:95,18,0,0
BRDA:97,19,0,0
BRDA:97,19,1,0
BRF:32
BRH:0
end_of_record
TN:
SF:src\api\v1\repositories\achievement.repository.js
FN:6,(anonymous_0)
FN:12,(anonymous_1)
FN:59,(anonymous_2)
FN:69,(anonymous_3)
FN:101,(anonymous_4)
FN:108,(anonymous_5)
FNF:6
FNH:0
FNDA:0,(anonymous_0)
FNDA:0,(anonymous_1)
FNDA:0,(anonymous_2)
FNDA:0,(anonymous_3)
FNDA:0,(anonymous_4)
FNDA:0,(anonymous_5)
DA:1,0
DA:2,0
DA:3,0
DA:4,0
DA:6,0
DA:13,0
DA:14,0
DA:17,0
DA:19,0
DA:50,0
DA:60,0
DA:61,0
DA:70,0
DA:102,0
DA:109,0
DA:111,0
DA:142,0
DA:149,0
LF:18
LH:0
BRDA:12,0,0,0
BRDA:12,1,0,0
BRDA:12,2,0,0
BRDA:13,3,0,0
BRDA:13,3,1,0
BRDA:13,4,0,0
BRDA:13,4,1,0
BRDA:60,5,0,0
BRDA:60,5,1,0
BRDA:60,6,0,0
BRDA:60,6,1,0
BRDA:108,7,0,0
BRDA:108,8,0,0
BRDA:108,9,0,0
BRF:14
BRH:0
end_of_record
TN:
SF:src\api\v1\repositories\assignment.repository.js
FN:22,(anonymous_0)
FN:33,(anonymous_1)
FN:59,(anonymous_2)
FN:75,(anonymous_3)
FN:95,(anonymous_4)
FN:108,(anonymous_5)
FN:114,(anonymous_6)
FN:123,(anonymous_7)
FN:138,(anonymous_8)
FN:147,(anonymous_9)
FN:156,(anonymous_10)
FN:169,(anonymous_11)
FN:172,(anonymous_12)
FN:184,(anonymous_13)
FN:197,(anonymous_14)
FN:205,(anonymous_15)
FN:216,(anonymous_16)
FN:242,(anonymous_17)
FN:267,(anonymous_18)
FN:275,(anonymous_19)
FN:293,(anonymous_20)
FN:303,(anonymous_21)
FN:320,(anonymous_22)
FN:354,(anonymous_23)
FNF:24
FNH:0
FNDA:0,(anonymous_0)
FNDA:0,(anonymous_1)
FNDA:0,(anonymous_2)
FNDA:0,(anonymous_3)
FNDA:0,(anonymous_4)
FNDA:0,(anonymous_5)
FNDA:0,(anonymous_6)
FNDA:0,(anonymous_7)
FNDA:0,(anonymous_8)
FNDA:0,(anonymous_9)
FNDA:0,(anonymous_10)
FNDA:0,(anonymous_11)
FNDA:0,(anonymous_12)
FNDA:0,(anonymous_13)
FNDA:0,(anonymous_14)
FNDA:0,(anonymous_15)
FNDA:0,(anonymous_16)
FNDA:0,(anonymous_17)
FNDA:0,(anonymous_18)
FNDA:0,(anonymous_19)
FNDA:0,(anonymous_20)
FNDA:0,(anonymous_21)
FNDA:0,(anonymous_22)
FNDA:0,(anonymous_23)
DA:1,0
DA:14,0
DA:15,0
DA:16,0
DA:18,0
DA:19,0
DA:20,0
DA:22,0
DA:23,0
DA:24,0
DA:26,0
DA:33,0
DA:60,0
DA:72,0
DA:76,0
DA:92,0
DA:96,0
DA:97,0
DA:98,0
DA:101,0
DA:102,0
DA:103,0
DA:106,0
DA:107,0
DA:108,0
DA:111,0
DA:115,0
DA:124,0
DA:139,0
DA:148,0
DA:157,0
DA:170,0
DA:172,0
DA:173,0
DA:175,0
DA:182,0
DA:183,0
DA:184,0
DA:193,0
DA:198,0
DA:202,0
DA:206,0
DA:213,0
DA:217,0
DA:218,0
DA:223,0
DA:224,0
DA:226,0
DA:227,0
DA:230,0
DA:239,0
DA:243,0
DA:244,0
DA:248,0
DA:249,0
DA:251,0
DA:252,0
DA:255,0
DA:264,0
DA:268,0
DA:269,0
DA:270,0
DA:273,0
DA:275,0
DA:281,0
DA:290,0
DA:294,0
DA:304,0
DA:305,0
DA:308,0
DA:321,0
DA:322,0
DA:325,0
DA:355,0
DA:361,0
LF:75
LH:0
BRDA:23,0,0,0
BRDA:23,0,1,0
BRDA:24,1,0,0
BRDA:24,1,1,0
BRDA:33,2,0,0
BRDA:39,3,0,0
BRDA:39,3,1,0
BRDA:67,4,0,0
BRDA:67,4,1,0
BRDA:72,5,0,0
BRDA:72,5,1,0
BRDA:83,6,0,0
BRDA:83,6,1,0
BRDA:92,7,0,0
BRDA:92,7,1,0
BRDA:97,8,0,0
BRDA:97,8,1,0
BRDA:102,9,0,0
BRDA:102,9,1,0
BRDA:107,10,0,0
BRDA:107,10,1,0
BRDA:182,11,0,0
BRDA:182,11,1,0
BRDA:223,12,0,0
BRDA:223,12,1,0
BRDA:226,13,0,0
BRDA:226,13,1,0
BRDA:239,14,0,0
BRDA:239,14,1,0
BRDA:248,15,0,0
BRDA:248,15,1,0
BRDA:251,16,0,0
BRDA:251,16,1,0
BRDA:264,17,0,0
BRDA:264,17,1,0
BRDA:269,18,0,0
BRDA:269,18,1,0
BRDA:290,19,0,0
BRDA:290,19,1,0
BRDA:304,20,0,0
BRDA:304,20,1,0
BRDA:321,21,0,0
BRDA:321,21,1,0
BRDA:321,22,0,0
BRDA:321,22,1,0
BRF:45
BRH:0
end_of_record
TN:
SF:src\api\v1\repositories\attendance.repository.js
FN:14,(anonymous_0)
FN:34,(anonymous_1)
FN:51,(anonymous_2)
FN:65,(anonymous_3)
FN:81,(anonymous_4)
FN:108,(anonymous_5)
FN:116,(anonymous_6)
FN:129,(anonymous_7)
FN:155,(anonymous_8)
FN:163,(anonymous_9)
FN:223,(anonymous_10)
FN:227,(anonymous_11)
FN:269,(anonymous_12)
FN:277,(anonymous_13)
FN:288,(anonymous_14)
FN:301,(anonymous_15)
FN:302,(anonymous_16)
FN:321,(anonymous_17)
FNF:18
FNH:0
FNDA:0,(anonymous_0)
FNDA:0,(anonymous_1)
FNDA:0,(anonymous_2)
FNDA:0,(anonymous_3)
FNDA:0,(anonymous_4)
FNDA:0,(anonymous_5)
FNDA:0,(anonymous_6)
FNDA:0,(anonymous_7)
FNDA:0,(anonymous_8)
FNDA:0,(anonymous_9)
FNDA:0,(anonymous_10)
FNDA:0,(anonymous_11)
FNDA:0,(anonymous_12)
FNDA:0,(anonymous_13)
FNDA:0,(anonymous_14)
FNDA:0,(anonymous_15)
FNDA:0,(anonymous_16)
FNDA:0,(anonymous_17)
DA:10,0
DA:11,0
DA:15,0
DA:16,0
DA:19,0
DA:31,0
DA:35,0
DA:36,0
DA:37,0
DA:40,0
DA:48,0
DA:52,0
DA:66,0
DA:78,0
DA:82,0
DA:84,0
DA:85,0
DA:88,0
DA:89,0
DA:92,0
DA:94,0
DA:95,0
DA:100,0
DA:101,0
DA:105,0
DA:109,0
DA:110,0
DA:111,0
DA:112,0
DA:113,0
DA:117,0
DA:118,0
DA:119,0
DA:120,0
DA:122,0
DA:130,0
DA:131,0
DA:132,0
DA:133,0
DA:134,0
DA:137,0
DA:138,0
DA:139,0
DA:143,0
DA:153,0
DA:155,0
DA:157,0
DA:163,0
DA:170,0
DA:176,0
DA:188,0
DA:189,0
DA:191,0
DA:192,0
DA:193,0
DA:194,0
DA:195,0
DA:203,0
DA:207,0
DA:208,0
DA:209,0
DA:211,0
DA:212,0
DA:213,0
DA:214,0
DA:216,0
DA:217,0
DA:219,0
DA:223,0
DA:224,0
DA:225,0
DA:227,0
DA:228,0
DA:229,0
DA:230,0
DA:232,0
DA:233,0
DA:234,0
DA:235,0
DA:237,0
DA:245,0
DA:246,0
DA:247,0
DA:249,0
DA:250,0
DA:251,0
DA:252,0
DA:253,0
DA:255,0
DA:259,0
DA:269,0
DA:271,0
DA:277,0
DA:289,0
DA:291,0
DA:300,0
DA:301,0
DA:302,0
DA:309,0
DA:310,0
DA:315,0
DA:322,0
DA:334,0
DA:338,0
LF:104
LH:0
BRDA:15,0,0,0
BRDA:15,0,1,0
BRDA:26,1,0,0
BRDA:26,1,1,0
BRDA:31,2,0,0
BRDA:31,2,1,0
BRDA:36,3,0,0
BRDA:36,3,1,0
BRDA:84,4,0,0
BRDA:84,4,1,0
BRDA:88,5,0,0
BRDA:88,5,1,0
BRDA:100,6,0,0
BRDA:100,6,1,0
BRDA:109,7,0,0
BRDA:109,7,1,0
BRDA:110,8,0,0
BRDA:110,8,1,0
BRDA:111,9,0,0
BRDA:111,9,1,0
BRDA:112,10,0,0
BRDA:112,10,1,0
BRDA:113,11,0,0
BRDA:113,11,1,0
BRDA:129,12,0,0
BRDA:138,13,0,0
BRDA:138,13,1,0
BRDA:153,14,0,0
BRDA:153,14,1,0
BRDA:193,15,0,0
BRDA:193,15,1,0
BRDA:194,16,0,0
BRDA:194,16,1,0
BRDA:194,17,0,0
BRDA:194,17,1,0
BRDA:203,18,0,0
BRDA:203,18,1,0
BRDA:209,19,0,0
BRDA:209,19,1,0
BRDA:211,20,0,0
BRDA:211,20,1,0
BRDA:213,21,0,0
BRDA:213,21,1,0
BRDA:216,22,0,0
BRDA:216,22,1,0
BRDA:225,23,0,0
BRDA:225,23,1,0
BRDA:228,24,0,0
BRDA:228,24,1,0
BRDA:234,25,0,0
BRDA:234,25,1,0
BRDA:240,26,0,0
BRDA:240,26,1,0
BRDA:249,27,0,0
BRDA:249,27,1,0
BRDA:250,28,0,0
BRDA:250,28,1,0
BRDA:252,29,0,0
BRDA:252,29,1,0
BRDA:269,30,0,0
BRDA:269,30,1,0
BRDA:273,31,0,0
BRDA:273,31,1,0
BRDA:273,32,0,0
BRDA:273,32,1,0
BRDA:274,33,0,0
BRDA:274,33,1,0
BRDA:275,34,0,0
BRDA:275,34,1,0
BRDA:275,35,0,0
BRDA:275,35,1,0
BRDA:289,36,0,0
BRDA:289,36,1,0
BRDA:334,37,0,0
BRDA:334,37,1,0
BRF:75
BRH:0
end_of_record
TN:
SF:src\api\v1\repositories\book-copy.repository.js
FN:6,(anonymous_0)
FN:16,(anonymous_1)
FN:30,(anonymous_2)
FN:45,(anonymous_3)
FN:58,(anonymous_4)
FN:68,(anonymous_5)
FN:73,(anonymous_6)
FN:95,(anonymous_7)
FN:104,(anonymous_8)
FN:121,(anonymous_9)
FN:151,(anonymous_10)
FN:169,(anonymous_11)
FNF:12
FNH:0
FNDA:0,(anonymous_0)
FNDA:0,(anonymous_1)
FNDA:0,(anonymous_2)
FNDA:0,(anonymous_3)
FNDA:0,(anonymous_4)
FNDA:0,(anonymous_5)
FNDA:0,(anonymous_6)
FNDA:0,(anonymous_7)
FNDA:0,(anonymous_8)
FNDA:0,(anonymous_9)
FNDA:0,(anonymous_10)
FNDA:0,(anonymous_11)
DA:1,0
DA:2,0
DA:3,0
DA:7,0
DA:8,0
DA:9,0
DA:10,0
DA:11,0
DA:13,0
DA:17,0
DA:18,0
DA:31,0
DA:32,0
DA:41,0
DA:42,0
DA:46,0
DA:47,0
DA:54,0
DA:55,0
DA:59,0
DA:63,0
DA:64,0
DA:65,0
DA:69,0
DA:70,0
DA:74,0
DA:75,0
DA:77,0
DA:82,0
DA:90,0
DA:91,0
DA:92,0
DA:95,0
DA:96,0
DA:101,0
DA:105,0
DA:106,0
DA:107,0
DA:116,0
DA:118,0
DA:122,0
DA:127,0
DA:128,0
DA:130,0
DA:131,0
DA:132,0
DA:133,0
DA:136,0
DA:138,0
DA:139,0
DA:140,0
DA:142,0
DA:147,0
DA:148,0
DA:152,0
DA:153,0
DA:156,0
DA:157,0
DA:158,0
DA:161,0
DA:165,0
DA:166,0
DA:170,0
DA:171,0
DA:178,0
DA:185,0
LF:66
LH:0
BRDA:6,0,0,0
BRDA:6,1,0,0
BRDA:9,2,0,0
BRDA:9,2,1,0
BRDA:9,3,0,0
BRDA:9,3,1,0
BRDA:16,4,0,0
BRDA:30,5,0,0
BRDA:41,6,0,0
BRDA:41,6,1,0
BRDA:45,7,0,0
BRDA:54,8,0,0
BRDA:54,8,1,0
BRDA:69,9,0,0
BRDA:69,9,1,0
BRDA:73,10,0,0
BRDA:74,11,0,0
BRDA:74,11,1,0
BRDA:75,12,0,0
BRDA:75,12,1,0
BRDA:83,13,0,0
BRDA:83,13,1,0
BRDA:84,14,0,0
BRDA:84,14,1,0
BRDA:84,15,0,0
BRDA:84,15,1,0
BRDA:85,16,0,0
BRDA:85,16,1,0
BRDA:85,17,0,0
BRDA:85,17,1,0
BRDA:86,18,0,0
BRDA:86,18,1,0
BRDA:87,19,0,0
BRDA:87,19,1,0
BRDA:87,20,0,0
BRDA:87,20,1,0
BRDA:90,21,0,0
BRDA:90,21,1,0
BRDA:90,22,0,0
BRDA:90,22,1,0
BRDA:101,23,0,0
BRDA:101,23,1,0
BRDA:104,24,0,0
BRDA:121,25,0,0
BRDA:131,26,0,0
BRDA:131,26,1,0
BRDA:136,27,0,0
BRDA:136,27,1,0
BRDA:147,28,0,0
BRDA:147,28,1,0
BRDA:151,29,0,0
BRDA:152,30,0,0
BRDA:152,30,1,0
BRDA:157,31,0,0
BRDA:157,31,1,0
BRDA:165,32,0,0
BRDA:165,32,1,0
BRDA:169,33,0,0
BRDA:179,34,0,0
BRDA:179,34,1,0
BRDA:180,35,0,0
BRDA:180,35,1,0
BRF:62
BRH:0
end_of_record
TN:
SF:src\api\v1\repositories\book.repository.js
FN:6,(anonymous_0)
FN:34,(anonymous_1)
FN:41,(anonymous_2)
FN:51,(anonymous_3)
FN:82,(anonymous_4)
FN:100,(anonymous_5)
FN:134,(anonymous_6)
FN:166,(anonymous_7)
FNF:8
FNH:0
FNDA:0,(anonymous_0)
FNDA:0,(anonymous_1)
FNDA:0,(anonymous_2)
FNDA:0,(anonymous_3)
FNDA:0,(anonymous_4)
FNDA:0,(anonymous_5)
FNDA:0,(anonymous_6)
FNDA:0,(anonymous_7)
DA:1,0
DA:2,0
DA:3,0
DA:7,0
DA:8,0
DA:10,0
DA:11,0
DA:12,0
DA:13,0
DA:15,0
DA:16,0
DA:17,0
DA:19,0
DA:20,0
DA:21,0
DA:23,0
DA:24,0
DA:25,0
DA:28,0
DA:35,0
DA:36,0
DA:37,0
DA:38,0
DA:42,0
DA:43,0
DA:44,0
DA:45,0
DA:46,0
DA:48,0
DA:52,0
DA:53,0
DA:54,0
DA:55,0
DA:57,0
DA:63,0
DA:78,0
DA:79,0
DA:83,0
DA:84,0
DA:96,0
DA:97,0
DA:101,0
DA:108,0
DA:109,0
DA:110,0
DA:112,0
DA:113,0
DA:114,0
DA:115,0
DA:116,0
DA:120,0
DA:121,0
DA:122,0
DA:123,0
DA:126,0
DA:131,0
DA:135,0
DA:142,0
DA:143,0
DA:145,0
DA:146,0
DA:147,0
DA:148,0
DA:151,0
DA:153,0
DA:154,0
DA:155,0
DA:157,0
DA:162,0
DA:163,0
DA:167,0
DA:168,0
DA:170,0
DA:175,0
DA:176,0
DA:180,0
LF:76
LH:0
BRDA:6,0,0,0
BRDA:10,1,0,0
BRDA:10,1,1,0
BRDA:15,2,0,0
BRDA:15,2,1,0
BRDA:19,3,0,0
BRDA:19,3,1,0
BRDA:23,4,0,0
BRDA:23,4,1,0
BRDA:29,5,0,0
BRDA:29,5,1,0
BRDA:34,6,0,0
BRDA:34,7,0,0
BRDA:35,8,0,0
BRDA:35,8,1,0
BRDA:36,9,0,0
BRDA:36,9,1,0
BRDA:41,10,0,0
BRDA:41,11,0,0
BRDA:44,12,0,0
BRDA:44,12,1,0
BRDA:44,13,0,0
BRDA:44,13,1,0
BRDA:51,14,0,0
BRDA:51,15,0,0
BRDA:51,16,0,0
BRDA:51,17,0,0
BRDA:78,18,0,0
BRDA:78,18,1,0
BRDA:82,19,0,0
BRDA:96,20,0,0
BRDA:96,20,1,0
BRDA:100,21,0,0
BRDA:113,22,0,0
BRDA:113,22,1,0
BRDA:120,23,0,0
BRDA:120,23,1,0
BRDA:120,24,0,0
BRDA:120,24,1,0
BRDA:131,25,0,0
BRDA:131,25,1,0
BRDA:134,26,0,0
BRDA:146,27,0,0
BRDA:146,27,1,0
BRDA:151,28,0,0
BRDA:151,28,1,0
BRDA:162,29,0,0
BRDA:162,29,1,0
BRDA:166,30,0,0
BRDA:167,31,0,0
BRDA:167,31,1,0
BRDA:175,32,0,0
BRDA:175,32,1,0
BRF:53
BRH:0
end_of_record
TN:
SF:src\api\v1\repositories\class-timetable.repository.js
FN:20,(anonymous_0)
FN:28,(anonymous_1)
FN:54,(anonymous_2)
FN:78,(anonymous_3)
FN:119,(anonymous_4)
FN:131,(anonymous_5)
FN:143,(anonymous_6)
FN:164,(anonymous_7)
FN:184,(anonymous_8)
FN:221,(anonymous_9)
FN:264,(anonymous_10)
FN:312,(anonymous_11)
FN:334,(anonymous_12)
FNF:13
FNH:0
FNDA:0,(anonymous_0)
FNDA:0,(anonymous_1)
FNDA:0,(anonymous_2)
FNDA:0,(anonymous_3)
FNDA:0,(anonymous_4)
FNDA:0,(anonymous_5)
FNDA:0,(anonymous_6)
FNDA:0,(anonymous_7)
FNDA:0,(anonymous_8)
FNDA:0,(anonymous_9)
FNDA:0,(anonymous_10)
FNDA:0,(anonymous_11)
FNDA:0,(anonymous_12)
DA:1,0
DA:2,0
DA:13,0
DA:14,0
DA:21,0
DA:22,0
DA:29,0
DA:44,0
DA:45,0
DA:48,0
DA:55,0
DA:57,0
DA:58,0
DA:67,0
DA:68,0
DA:72,0
DA:79,0
DA:80,0
DA:81,0
DA:83,0
DA:113,0
DA:120,0
DA:121,0
DA:122,0
DA:124,0
DA:125,0
DA:132,0
DA:133,0
DA:134,0
DA:136,0
DA:137,0
DA:144,0
DA:152,0
DA:153,0
DA:154,0
DA:157,0
DA:158,0
DA:165,0
DA:172,0
DA:173,0
DA:174,0
DA:177,0
DA:178,0
DA:185,0
DA:187,0
DA:210,0
DA:215,0
DA:222,0
DA:224,0
DA:255,0
DA:265,0
DA:267,0
DA:303,0
DA:313,0
DA:320,0
DA:321,0
DA:324,0
DA:335,0
DA:342,0
DA:343,0
DA:346,0
DA:354,0
LF:62
LH:0
BRDA:44,0,0,0
BRDA:44,0,1,0
BRDA:57,1,0,0
BRDA:57,1,1,0
BRDA:67,2,0,0
BRDA:67,2,1,0
BRDA:80,3,0,0
BRDA:80,3,1,0
BRDA:81,4,0,0
BRDA:81,4,1,0
BRDA:89,5,0,0
BRDA:89,5,1,0
BRDA:121,6,0,0
BRDA:121,6,1,0
BRDA:133,7,0,0
BRDA:133,7,1,0
BRDA:143,8,0,0
BRDA:152,9,0,0
BRDA:152,9,1,0
BRDA:164,10,0,0
BRDA:172,11,0,0
BRDA:172,11,1,0
BRDA:185,12,0,0
BRDA:185,12,1,0
BRDA:211,13,0,0
BRDA:211,13,1,0
BRDA:222,14,0,0
BRDA:222,14,1,0
BRDA:256,15,0,0
BRDA:256,15,1,0
BRDA:265,16,0,0
BRDA:265,16,1,0
BRDA:304,17,0,0
BRDA:304,17,1,0
BRDA:320,18,0,0
BRDA:320,18,1,0
BRDA:342,19,0,0
BRDA:342,19,1,0
BRF:38
BRH:0
end_of_record
TN:
SF:src\api\v1\repositories\class.repository.js
FN:22,(anonymous_0)
FN:60,(anonymous_1)
FN:92,(anonymous_2)
FN:97,(anonymous_3)
FN:123,(anonymous_4)
FN:151,(anonymous_5)
FN:172,(anonymous_6)
FN:193,(anonymous_7)
FN:204,(anonymous_8)
FN:213,(anonymous_9)
FN:225,(anonymous_10)
FNF:11
FNH:0
FNDA:0,(anonymous_0)
FNDA:0,(anonymous_1)
FNDA:0,(anonymous_2)
FNDA:0,(anonymous_3)
FNDA:0,(anonymous_4)
FNDA:0,(anonymous_5)
FNDA:0,(anonymous_6)
FNDA:0,(anonymous_7)
FNDA:0,(anonymous_8)
FNDA:0,(anonymous_9)
FNDA:0,(anonymous_10)
DA:1,0
DA:2,0
DA:3,0
DA:4,0
DA:5,0
DA:7,0
DA:23,0
DA:24,0
DA:25,0
DA:27,0
DA:28,0
DA:30,0
DA:57,0
DA:61,0
DA:62,0
DA:63,0
DA:66,0
DA:88,0
DA:89,0
DA:93,0
DA:94,0
DA:98,0
DA:99,0
DA:100,0
DA:103,0
DA:118,0
DA:119,0
DA:120,0
DA:124,0
DA:125,0
DA:126,0
DA:129,0
DA:144,0
DA:145,0
DA:146,0
DA:152,0
DA:153,0
DA:154,0
DA:156,0
DA:157,0
DA:159,0
DA:160,0
DA:162,0
DA:163,0
DA:171,0
DA:172,0
DA:175,0
DA:176,0
DA:179,0
DA:183,0
DA:190,0
DA:194,0
DA:195,0
DA:196,0
DA:199,0
DA:200,0
DA:201,0
DA:205,0
DA:206,0
DA:209,0
DA:210,0
DA:214,0
DA:215,0
DA:216,0
DA:219,0
DA:220,0
DA:221,0
DA:222,0
DA:226,0
DA:227,0
DA:228,0
DA:231,0
DA:232,0
DA:233,0
DA:234,0
DA:238,0
LF:76
LH:0
BRDA:22,0,0,0
BRDA:23,1,0,0
BRDA:23,2,0,0
BRDA:27,3,0,0
BRDA:27,3,1,0
BRDA:28,4,0,0
BRDA:28,4,1,0
BRDA:42,5,0,0
BRDA:42,5,1,0
BRDA:60,6,0,0
BRDA:62,7,0,0
BRDA:62,7,1,0
BRDA:77,8,0,0
BRDA:77,8,1,0
BRDA:88,9,0,0
BRDA:88,9,1,0
BRDA:92,10,0,0
BRDA:97,11,0,0
BRDA:99,12,0,0
BRDA:99,12,1,0
BRDA:113,13,0,0
BRDA:113,13,1,0
BRDA:118,14,0,0
BRDA:118,14,1,0
BRDA:123,15,0,0
BRDA:125,16,0,0
BRDA:125,16,1,0
BRDA:139,17,0,0
BRDA:139,17,1,0
BRDA:144,18,0,0
BRDA:144,18,1,0
BRDA:151,19,0,0
BRDA:152,20,0,0
BRDA:152,21,0,0
BRDA:156,22,0,0
BRDA:156,22,1,0
BRDA:157,23,0,0
BRDA:157,23,1,0
BRDA:159,24,0,0
BRDA:159,24,1,0
BRDA:162,25,0,0
BRDA:162,25,1,0
BRDA:172,26,0,0
BRDA:172,26,1,0
BRDA:175,27,0,0
BRDA:175,27,1,0
BRDA:193,28,0,0
BRDA:195,29,0,0
BRDA:195,29,1,0
BRDA:200,30,0,0
BRDA:200,30,1,0
BRDA:204,31,0,0
BRDA:205,32,0,0
BRDA:205,32,1,0
BRDA:213,33,0,0
BRDA:215,34,0,0
BRDA:215,34,1,0
BRDA:220,35,0,0
BRDA:220,35,1,0
BRDA:225,36,0,0
BRDA:227,37,0,0
BRDA:227,37,1,0
BRDA:232,38,0,0
BRDA:232,38,1,0
BRF:64
BRH:0
end_of_record
TN:
SF:src\api\v1\repositories\dashboard.repository.js
FN:6,(anonymous_0)
FN:7,(anonymous_1)
FN:11,(anonymous_2)
FN:17,(anonymous_3)
FN:60,(anonymous_4)
FN:97,(anonymous_5)
FN:103,(anonymous_6)
FN:125,(anonymous_7)
FN:150,(anonymous_8)
FN:154,(anonymous_9)
FN:206,(anonymous_10)
FN:271,(anonymous_11)
FN:313,(anonymous_12)
FN:344,(anonymous_13)
FN:369,(anonymous_14)
FN:405,(anonymous_15)
FNF:16
FNH:0
FNDA:0,(anonymous_0)
FNDA:0,(anonymous_1)
FNDA:0,(anonymous_2)
FNDA:0,(anonymous_3)
FNDA:0,(anonymous_4)
FNDA:0,(anonymous_5)
FNDA:0,(anonymous_6)
FNDA:0,(anonymous_7)
FNDA:0,(anonymous_8)
FNDA:0,(anonymous_9)
FNDA:0,(anonymous_10)
FNDA:0,(anonymous_11)
FNDA:0,(anonymous_12)
FNDA:0,(anonymous_13)
FNDA:0,(anonymous_14)
FNDA:0,(anonymous_15)
DA:1,0
DA:2,0
DA:3,0
DA:4,0
DA:6,0
DA:7,0
DA:8,0
DA:9,0
DA:11,0
DA:12,0
DA:13,0
DA:18,0
DA:33,0
DA:45,0
DA:61,0
DA:62,0
DA:64,0
DA:65,0
DA:68,0
DA:73,0
DA:74,0
DA:75,0
DA:76,0
DA:79,0
DA:81,0
DA:97,0
DA:104,0
DA:105,0
DA:106,0
DA:109,0
DA:110,0
DA:111,0
DA:113,0
DA:114,0
DA:122,0
DA:126,0
DA:128,0
DA:129,0
DA:134,0
DA:135,0
DA:136,0
DA:137,0
DA:138,0
DA:139,0
DA:143,0
DA:144,0
DA:147,0
DA:151,0
DA:155,0
DA:156,0
DA:157,0
DA:160,0
DA:162,0
DA:163,0
DA:166,0
DA:167,0
DA:170,0
DA:171,0
DA:172,0
DA:175,0
DA:176,0
DA:177,0
DA:179,0
DA:180,0
DA:182,0
DA:183,0
DA:185,0
DA:186,0
DA:187,0
DA:190,0
DA:203,0
DA:207,0
DA:208,0
DA:209,0
DA:211,0
DA:212,0
DA:215,0
DA:216,0
DA:217,0
DA:220,0
DA:221,0
DA:224,0
DA:225,0
DA:228,0
DA:233,0
DA:234,0
DA:237,0
DA:238,0
DA:240,0
DA:241,0
DA:243,0
DA:244,0
DA:246,0
DA:247,0
DA:249,0
DA:250,0
DA:251,0
DA:254,0
DA:268,0
DA:272,0
DA:273,0
DA:275,0
DA:276,0
DA:279,0
DA:284,0
DA:285,0
DA:286,0
DA:291,0
DA:292,0
DA:295,0
DA:297,0
DA:310,0
DA:314,0
DA:315,0
DA:316,0
DA:319,0
DA:320,0
DA:321,0
DA:323,0
DA:324,0
DA:327,0
DA:328,0
DA:329,0
DA:332,0
DA:333,0
DA:341,0
DA:345,0
DA:346,0
DA:347,0
DA:350,0
DA:351,0
DA:352,0
DA:353,0
DA:354,0
DA:357,0
DA:358,0
DA:366,0
DA:370,0
DA:371,0
DA:372,0
DA:375,0
DA:376,0
DA:378,0
DA:379,0
DA:382,0
DA:383,0
DA:384,0
DA:385,0
DA:388,0
DA:389,0
DA:399,0
DA:406,0
DA:407,0
DA:408,0
DA:411,0
DA:412,0
DA:413,0
DA:414,0
DA:417,0
DA:418,0
DA:419,0
DA:420,0
DA:423,0
DA:424,0
DA:434,0
DA:441,0
LF:166
LH:0
BRDA:7,0,0,0
BRDA:9,1,0,0
BRDA:9,1,1,0
BRDA:13,2,0,0
BRDA:13,2,1,0
BRDA:13,3,0,0
BRDA:13,3,1,0
BRDA:17,4,0,0
BRDA:60,5,0,0
BRDA:64,6,0,0
BRDA:64,6,1,0
BRDA:64,7,0,0
BRDA:64,7,1,0
BRDA:75,8,0,0
BRDA:75,8,1,0
BRDA:79,9,0,0
BRDA:79,9,1,0
BRDA:98,10,0,0
BRDA:98,10,1,0
BRDA:103,11,0,0
BRDA:105,12,0,0
BRDA:105,12,1,0
BRDA:113,13,0,0
BRDA:113,13,1,0
BRDA:125,14,0,0
BRDA:128,15,0,0
BRDA:128,15,1,0
BRDA:135,16,0,0
BRDA:135,16,1,0
BRDA:137,17,0,0
BRDA:137,17,1,0
BRDA:138,18,0,0
BRDA:138,18,1,0
BRDA:138,19,0,0
BRDA:138,19,1,0
BRDA:138,19,2,0
BRDA:143,20,0,0
BRDA:143,20,1,0
BRDA:150,21,0,0
BRDA:154,22,0,0
BRDA:156,23,0,0
BRDA:156,23,1,0
BRDA:162,24,0,0
BRDA:162,24,1,0
BRDA:162,25,0,0
BRDA:162,25,1,0
BRDA:166,26,0,0
BRDA:166,26,1,0
BRDA:171,27,0,0
BRDA:171,27,1,0
BRDA:171,28,0,0
BRDA:171,28,1,0
BRDA:179,29,0,0
BRDA:179,29,1,0
BRDA:182,30,0,0
BRDA:182,30,1,0
BRDA:185,31,0,0
BRDA:185,31,1,0
BRDA:185,32,0,0
BRDA:185,32,1,0
BRDA:206,33,0,0
BRDA:211,34,0,0
BRDA:211,34,1,0
BRDA:216,35,0,0
BRDA:216,35,1,0
BRDA:216,36,0,0
BRDA:216,36,1,0
BRDA:220,37,0,0
BRDA:220,37,1,0
BRDA:224,38,0,0
BRDA:224,38,1,0
BRDA:224,39,0,0
BRDA:224,39,1,0
BRDA:233,40,0,0
BRDA:233,40,1,0
BRDA:233,41,0,0
BRDA:233,41,1,0
BRDA:240,42,0,0
BRDA:240,42,1,0
BRDA:243,43,0,0
BRDA:243,43,1,0
BRDA:246,44,0,0
BRDA:246,44,1,0
BRDA:249,45,0,0
BRDA:249,45,1,0
BRDA:249,46,0,0
BRDA:249,46,1,0
BRDA:271,47,0,0
BRDA:275,48,0,0
BRDA:275,48,1,0
BRDA:275,49,0,0
BRDA:275,49,1,0
BRDA:291,50,0,0
BRDA:291,50,1,0
BRDA:295,51,0,0
BRDA:295,51,1,0
BRDA:313,52,0,0
BRDA:315,53,0,0
BRDA:315,53,1,0
BRDA:323,54,0,0
BRDA:323,54,1,0
BRDA:327,55,0,0
BRDA:327,55,1,0
BRDA:327,56,0,0
BRDA:327,56,1,0
BRDA:327,56,2,0
BRDA:332,57,0,0
BRDA:332,57,1,0
BRDA:344,58,0,0
BRDA:346,59,0,0
BRDA:346,59,1,0
BRDA:353,60,0,0
BRDA:353,60,1,0
BRDA:357,61,0,0
BRDA:357,61,1,0
BRDA:369,62,0,0
BRDA:371,63,0,0
BRDA:371,63,1,0
BRDA:376,64,0,0
BRDA:376,64,1,0
BRDA:378,65,0,0
BRDA:378,65,1,0
BRDA:378,66,0,0
BRDA:378,66,1,0
BRDA:378,66,2,0
BRDA:378,66,3,0
BRDA:384,67,0,0
BRDA:384,67,1,0
BRDA:388,68,0,0
BRDA:388,68,1,0
BRDA:405,69,0,0
BRDA:407,70,0,0
BRDA:407,70,1,0
BRDA:412,71,0,0
BRDA:412,71,1,0
BRDA:412,72,0,0
BRDA:412,72,1,0
BRDA:413,73,0,0
BRDA:413,73,1,0
BRDA:419,74,0,0
BRDA:419,74,1,0
BRDA:423,75,0,0
BRDA:423,75,1,0
BRF:143
BRH:0
end_of_record
TN:
SF:src\api\v1\repositories\employee-role.repository.js
FN:17,(anonymous_0)
FN:31,(anonymous_1)
FN:43,(anonymous_2)
FN:72,(anonymous_3)
FN:85,(anonymous_4)
FNF:5
FNH:0
FNDA:0,(anonymous_0)
FNDA:0,(anonymous_1)
FNDA:0,(anonymous_2)
FNDA:0,(anonymous_3)
FNDA:0,(anonymous_4)
DA:1,0
DA:2,0
DA:3,0
DA:5,0
DA:18,0
DA:19,0
DA:21,0
DA:32,0
DA:44,0
DA:45,0
DA:47,0
DA:48,0
DA:52,0
DA:56,0
DA:58,0
DA:69,0
DA:73,0
DA:74,0
DA:76,0
DA:82,0
DA:86,0
DA:102,0
DA:103,0
LF:23
LH:0
BRDA:19,0,0,0
BRDA:19,0,1,0
BRDA:45,1,0,0
BRDA:45,1,1,0
BRDA:47,2,0,0
BRDA:47,2,1,0
BRDA:56,3,0,0
BRDA:56,3,1,0
BRDA:64,4,0,0
BRDA:64,4,1,0
BRDA:74,5,0,0
BRDA:74,5,1,0
BRF:12
BRH:0
end_of_record
TN:
SF:src\api\v1\repositories\employee.repository.js
FN:12,(anonymous_0)
FN:14,(anonymous_1)
FN:39,(anonymous_2)
FN:50,(anonymous_3)
FN:56,(anonymous_4)
FN:73,(anonymous_5)
FN:88,(anonymous_6)
FN:90,(anonymous_7)
FN:93,(anonymous_8)
FN:95,(anonymous_9)
FN:105,(anonymous_10)
FN:109,(anonymous_11)
FN:111,(anonymous_12)
FN:113,(anonymous_13)
FN:121,(anonymous_14)
FNF:15
FNH:0
FNDA:0,(anonymous_0)
FNDA:0,(anonymous_1)
FNDA:0,(anonymous_2)
FNDA:0,(anonymous_3)
FNDA:0,(anonymous_4)
FNDA:0,(anonymous_5)
FNDA:0,(anonymous_6)
FNDA:0,(anonymous_7)
FNDA:0,(anonymous_8)
FNDA:0,(anonymous_9)
FNDA:0,(anonymous_10)
FNDA:0,(anonymous_11)
FNDA:0,(anonymous_12)
FNDA:0,(anonymous_13)
FNDA:0,(anonymous_14)
DA:1,0
DA:2,0
DA:3,0
DA:5,0
DA:13,0
DA:14,0
DA:15,0
DA:17,0
DA:18,0
DA:19,0
DA:20,0
DA:21,0
DA:22,0
DA:23,0
DA:24,0
DA:25,0
DA:26,0
DA:27,0
DA:28,0
DA:29,0
DA:30,0
DA:31,0
DA:32,0
DA:33,0
DA:34,0
DA:35,0
DA:36,0
DA:40,0
DA:41,0
DA:42,0
DA:43,0
DA:44,0
DA:45,0
DA:46,0
DA:47,0
DA:51,0
DA:52,0
DA:53,0
DA:57,0
DA:58,0
DA:59,0
DA:62,0
DA:66,0
DA:70,0
DA:74,0
DA:75,0
DA:76,0
DA:79,0
DA:83,0
DA:84,0
DA:85,0
DA:89,0
DA:90,0
DA:91,0
DA:92,0
DA:93,0
DA:94,0
DA:95,0
DA:96,0
DA:100,0
DA:101,0
DA:102,0
DA:106,0
DA:107,0
DA:108,0
DA:109,0
DA:110,0
DA:111,0
DA:112,0
DA:113,0
DA:114,0
DA:118,0
DA:122,0
DA:123,0
DA:124,0
DA:128,0
DA:132,0
LF:77
LH:0
BRDA:12,0,0,0
BRDA:12,1,0,0
BRDA:12,2,0,0
BRDA:15,3,0,0
BRDA:15,3,1,0
BRDA:15,4,0,0
BRDA:15,4,1,0
BRDA:17,5,0,0
BRDA:17,5,1,0
BRDA:17,6,0,0
BRDA:17,6,1,0
BRDA:20,7,0,0
BRDA:20,7,1,0
BRDA:24,8,0,0
BRDA:24,8,1,0
BRDA:24,9,0,0
BRDA:24,9,1,0
BRDA:25,10,0,0
BRDA:25,10,1,0
BRDA:25,10,2,0
BRDA:26,11,0,0
BRDA:26,11,1,0
BRDA:27,12,0,0
BRDA:27,12,1,0
BRDA:28,13,0,0
BRDA:28,13,1,0
BRDA:30,14,0,0
BRDA:30,14,1,0
BRDA:31,15,0,0
BRDA:31,15,1,0
BRDA:31,16,0,0
BRDA:31,16,1,0
BRDA:39,17,0,0
BRDA:42,18,0,0
BRDA:42,18,1,0
BRDA:43,19,0,0
BRDA:43,19,1,0
BRDA:44,20,0,0
BRDA:44,20,1,0
BRDA:45,21,0,0
BRDA:45,21,1,0
BRDA:46,22,0,0
BRDA:46,22,1,0
BRDA:47,23,0,0
BRDA:47,23,1,0
BRDA:50,24,0,0
BRDA:50,25,0,0
BRDA:51,26,0,0
BRDA:51,26,1,0
BRDA:52,27,0,0
BRDA:52,27,1,0
BRDA:56,28,0,0
BRDA:56,29,0,0
BRDA:56,30,0,0
BRDA:70,31,0,0
BRDA:70,31,1,0
BRDA:75,32,0,0
BRDA:75,32,1,0
BRDA:83,33,0,0
BRDA:83,33,1,0
BRDA:84,34,0,0
BRDA:84,34,1,0
BRDA:88,35,0,0
BRDA:91,36,0,0
BRDA:91,36,1,0
BRDA:101,37,0,0
BRDA:101,37,1,0
BRDA:105,38,0,0
BRDA:107,39,0,0
BRDA:107,39,1,0
BRDA:110,40,0,0
BRDA:110,40,1,0
BRDA:123,41,0,0
BRDA:123,41,1,0
BRF:74
BRH:0
end_of_record
TN:
SF:src\api\v1\repositories\exam-schedule.repository.js
FN:4,(anonymous_0)
FN:23,(anonymous_1)
FN:39,(anonymous_2)
FN:63,(anonymous_3)
FN:73,(anonymous_4)
FN:89,(anonymous_5)
FN:137,(anonymous_6)
FN:147,(anonymous_7)
FN:176,(anonymous_8)
FN:179,(anonymous_9)
FN:195,(anonymous_10)
FN:218,(anonymous_11)
FN:234,(anonymous_12)
FN:263,(anonymous_13)
FN:273,(anonymous_14)
FN:278,(anonymous_15)
FN:289,(anonymous_16)
FN:320,(anonymous_17)
FNF:18
FNH:0
FNDA:0,(anonymous_0)
FNDA:0,(anonymous_1)
FNDA:0,(anonymous_2)
FNDA:0,(anonymous_3)
FNDA:0,(anonymous_4)
FNDA:0,(anonymous_5)
FNDA:0,(anonymous_6)
FNDA:0,(anonymous_7)
FNDA:0,(anonymous_8)
FNDA:0,(anonymous_9)
FNDA:0,(anonymous_10)
FNDA:0,(anonymous_11)
FNDA:0,(anonymous_12)
FNDA:0,(anonymous_13)
FNDA:0,(anonymous_14)
FNDA:0,(anonymous_15)
FNDA:0,(anonymous_16)
FNDA:0,(anonymous_17)
DA:1,0
DA:2,0
DA:4,0
DA:5,0
DA:6,0
DA:9,0
DA:10,0
DA:11,0
DA:13,0
DA:14,0
DA:17,0
DA:18,0
DA:20,0
DA:23,0
DA:24,0
DA:25,0
DA:28,0
DA:29,0
DA:30,0
DA:32,0
DA:33,0
DA:36,0
DA:39,0
DA:40,0
DA:41,0
DA:43,0
DA:44,0
DA:47,0
DA:48,0
DA:49,0
DA:51,0
DA:52,0
DA:55,0
DA:56,0
DA:59,0
DA:64,0
DA:66,0
DA:67,0
DA:70,0
DA:74,0
DA:90,0
DA:91,0
DA:92,0
DA:95,0
DA:135,0
DA:137,0
DA:138,0
DA:139,0
DA:141,0
DA:142,0
DA:146,0
DA:148,0
DA:149,0
DA:150,0
DA:151,0
DA:154,0
DA:155,0
DA:156,0
DA:157,0
DA:160,0
DA:161,0
DA:162,0
DA:163,0
DA:166,0
DA:167,0
DA:168,0
DA:169,0
DA:172,0
DA:173,0
DA:174,0
DA:176,0
DA:180,0
DA:192,0
DA:196,0
DA:219,0
DA:235,0
DA:237,0
DA:246,0
DA:247,0
DA:250,0
DA:260,0
DA:264,0
DA:274,0
DA:275,0
DA:279,0
DA:281,0
DA:282,0
DA:285,0
DA:286,0
DA:290,0
DA:317,0
DA:321,0
DA:340,0
DA:341,0
DA:344,0
DA:345,0
DA:349,0
LF:97
LH:0
BRDA:5,0,0,0
BRDA:5,0,1,0
BRDA:9,1,0,0
BRDA:9,2,0,0
BRDA:13,3,0,0
BRDA:13,3,1,0
BRDA:13,4,0,0
BRDA:13,4,1,0
BRDA:17,5,0,0
BRDA:17,5,1,0
BRDA:18,6,0,0
BRDA:18,6,1,0
BRDA:24,7,0,0
BRDA:24,7,1,0
BRDA:28,8,0,0
BRDA:28,9,0,0
BRDA:32,10,0,0
BRDA:32,10,1,0
BRDA:32,11,0,0
BRDA:32,11,1,0
BRDA:43,12,0,0
BRDA:43,12,1,0
BRDA:43,13,0,0
BRDA:43,13,1,0
BRDA:43,13,2,0
BRDA:51,14,0,0
BRDA:51,14,1,0
BRDA:51,15,0,0
BRDA:51,15,1,0
BRDA:52,16,0,0
BRDA:52,16,1,0
BRDA:52,17,0,0
BRDA:52,17,1,0
BRDA:55,18,0,0
BRDA:55,18,1,0
BRDA:56,19,0,0
BRDA:56,19,1,0
BRDA:59,20,0,0
BRDA:59,20,1,0
BRDA:63,21,0,0
BRDA:66,22,0,0
BRDA:66,22,1,0
BRDA:76,23,0,0
BRDA:76,23,1,0
BRDA:77,24,0,0
BRDA:77,24,1,0
BRDA:78,25,0,0
BRDA:78,25,1,0
BRDA:79,26,0,0
BRDA:79,26,1,0
BRDA:85,27,0,0
BRDA:85,27,1,0
BRDA:89,28,0,0
BRDA:89,29,0,0
BRDA:89,30,0,0
BRDA:91,31,0,0
BRDA:91,31,1,0
BRDA:91,32,0,0
BRDA:91,32,1,0
BRDA:141,33,0,0
BRDA:141,33,1,0
BRDA:141,34,0,0
BRDA:141,34,1,0
BRDA:148,35,0,0
BRDA:148,35,1,0
BRDA:149,36,0,0
BRDA:149,36,1,0
BRDA:150,37,0,0
BRDA:150,37,1,0
BRDA:154,38,0,0
BRDA:154,38,1,0
BRDA:155,39,0,0
BRDA:155,39,1,0
BRDA:156,40,0,0
BRDA:156,40,1,0
BRDA:160,41,0,0
BRDA:160,41,1,0
BRDA:161,42,0,0
BRDA:161,42,1,0
BRDA:162,43,0,0
BRDA:162,43,1,0
BRDA:166,44,0,0
BRDA:166,44,1,0
BRDA:167,45,0,0
BRDA:167,45,1,0
BRDA:168,46,0,0
BRDA:168,46,1,0
BRDA:172,47,0,0
BRDA:172,47,1,0
BRDA:173,48,0,0
BRDA:173,48,1,0
BRDA:187,49,0,0
BRDA:187,49,1,0
BRDA:192,50,0,0
BRDA:192,50,1,0
BRDA:246,51,0,0
BRDA:246,51,1,0
BRDA:260,52,0,0
BRDA:260,52,1,0
BRDA:281,53,0,0
BRDA:281,53,1,0
BRDA:317,54,0,0
BRDA:317,54,1,0
BRDA:340,55,0,0
BRDA:340,55,1,0
BRF:105
BRH:0
end_of_record
TN:
SF:src\api\v1\repositories\exam.repository.js
FN:4,(anonymous_0)
FN:29,(anonymous_1)
FNF:2
FNH:0
FNDA:0,(anonymous_0)
FNDA:0,(anonymous_1)
DA:1,0
DA:5,0
DA:7,0
DA:8,0
DA:11,0
DA:29,0
DA:44,0
LF:7
LH:0
BRDA:4,0,0,0
BRDA:4,1,0,0
BRDA:7,2,0,0
BRDA:7,2,1,0
BRDA:36,3,0,0
BRDA:36,3,1,0
BRF:6
BRH:0
end_of_record
TN:
SF:src\api\v1\repositories\expense.repository.js
FN:7,(anonymous_0)
FN:12,(anonymous_1)
FN:24,(anonymous_2)
FN:32,(anonymous_3)
FN:33,(anonymous_4)
FN:36,(anonymous_5)
FN:40,(anonymous_6)
FN:68,(anonymous_7)
FN:75,(anonymous_8)
FN:152,(anonymous_9)
FN:196,(anonymous_10)
FN:197,(anonymous_11)
FN:210,(anonymous_12)
FNF:13
FNH:0
FNDA:0,(anonymous_0)
FNDA:0,(anonymous_1)
FNDA:0,(anonymous_2)
FNDA:0,(anonymous_3)
FNDA:0,(anonymous_4)
FNDA:0,(anonymous_5)
FNDA:0,(anonymous_6)
FNDA:0,(anonymous_7)
FNDA:0,(anonymous_8)
FNDA:0,(anonymous_9)
FNDA:0,(anonymous_10)
FNDA:0,(anonymous_11)
FNDA:0,(anonymous_12)
DA:1,0
DA:2,0
DA:3,0
DA:4,0
DA:8,0
DA:9,0
DA:13,0
DA:14,0
DA:17,0
DA:18,0
DA:21,0
DA:25,0
DA:26,0
DA:27,0
DA:29,0
DA:33,0
DA:37,0
DA:41,0
DA:42,0
DA:43,0
DA:44,0
DA:45,0
DA:47,0
DA:48,0
DA:49,0
DA:52,0
DA:53,0
DA:54,0
DA:57,0
DA:58,0
DA:59,0
DA:62,0
DA:69,0
DA:70,0
DA:71,0
DA:72,0
DA:76,0
DA:77,0
DA:78,0
DA:79,0
DA:80,0
DA:81,0
DA:82,0
DA:83,0
DA:86,0
DA:87,0
DA:89,0
DA:90,0
DA:92,0
DA:93,0
DA:94,0
DA:96,0
DA:97,0
DA:98,0
DA:100,0
DA:101,0
DA:103,0
DA:115,0
DA:142,0
DA:144,0
DA:153,0
DA:154,0
DA:155,0
DA:170,0
DA:171,0
DA:172,0
DA:173,0
DA:176,0
DA:177,0
DA:178,0
DA:180,0
DA:183,0
DA:184,0
DA:187,0
DA:188,0
DA:191,0
DA:192,0
DA:193,0
DA:196,0
DA:197,0
DA:199,0
DA:207,0
DA:211,0
DA:212,0
DA:213,0
DA:214,0
DA:216,0
DA:217,0
DA:220,0
DA:221,0
DA:224,0
DA:225,0
DA:227,0
DA:228,0
DA:229,0
DA:232,0
DA:233,0
DA:234,0
DA:237,0
DA:245,0
DA:247,0
DA:248,0
DA:251,0
DA:255,0
LF:104
LH:0
BRDA:13,0,0,0
BRDA:13,0,1,0
BRDA:17,1,0,0
BRDA:17,1,1,0
BRDA:26,2,0,0
BRDA:26,2,1,0
BRDA:32,3,0,0
BRDA:33,4,0,0
BRDA:33,4,1,0
BRDA:37,5,0,0
BRDA:37,5,1,0
BRDA:40,6,0,0
BRDA:40,7,0,0
BRDA:47,8,0,0
BRDA:47,8,1,0
BRDA:47,9,0,0
BRDA:47,9,1,0
BRDA:52,10,0,0
BRDA:52,10,1,0
BRDA:52,11,0,0
BRDA:52,11,1,0
BRDA:57,12,0,0
BRDA:57,12,1,0
BRDA:57,13,0,0
BRDA:57,13,1,0
BRDA:63,14,0,0
BRDA:63,14,1,0
BRDA:68,15,0,0
BRDA:68,16,0,0
BRDA:69,17,0,0
BRDA:69,17,1,0
BRDA:70,18,0,0
BRDA:70,18,1,0
BRDA:75,19,0,0
BRDA:75,20,0,0
BRDA:75,21,0,0
BRDA:75,22,0,0
BRDA:89,23,0,0
BRDA:89,23,1,0
BRDA:92,24,0,0
BRDA:92,24,1,0
BRDA:92,25,0,0
BRDA:92,25,1,0
BRDA:92,25,2,0
BRDA:96,26,0,0
BRDA:96,26,1,0
BRDA:96,27,0,0
BRDA:96,27,1,0
BRDA:96,27,2,0
BRDA:100,28,0,0
BRDA:100,28,1,0
BRDA:133,29,0,0
BRDA:133,29,1,0
BRDA:142,30,0,0
BRDA:142,30,1,0
BRDA:152,31,0,0
BRDA:152,32,0,0
BRDA:172,33,0,0
BRDA:172,33,1,0
BRDA:172,34,0,0
BRDA:172,34,1,0
BRDA:172,34,2,0
BRDA:177,35,0,0
BRDA:177,35,1,0
BRDA:183,36,0,0
BRDA:183,36,1,0
BRDA:183,37,0,0
BRDA:183,37,1,0
BRDA:183,37,2,0
BRDA:187,38,0,0
BRDA:187,38,1,0
BRDA:187,39,0,0
BRDA:187,39,1,0
BRDA:187,39,2,0
BRDA:192,40,0,0
BRDA:192,40,1,0
BRDA:207,41,0,0
BRDA:207,41,1,0
BRDA:210,42,0,0
BRDA:216,43,0,0
BRDA:216,43,1,0
BRDA:220,44,0,0
BRDA:220,44,1,0
BRDA:227,45,0,0
BRDA:227,45,1,0
BRDA:227,46,0,0
BRDA:227,46,1,0
BRDA:227,46,2,0
BRDA:232,47,0,0
BRDA:232,47,1,0
BRDA:232,48,0,0
BRDA:232,48,1,0
BRDA:232,48,2,0
BRDA:245,49,0,0
BRDA:245,49,1,0
BRDA:245,49,2,0
BRDA:247,50,0,0
BRDA:247,50,1,0
BRF:98
BRH:0
end_of_record
TN:
SF:src\api\v1\repositories\fee-term.repository.js
FN:7,(anonymous_0)
FN:45,(anonymous_1)
FN:90,(anonymous_2)
FN:126,(anonymous_3)
FN:216,(anonymous_4)
FN:298,(anonymous_5)
FNF:6
FNH:0
FNDA:0,(anonymous_0)
FNDA:0,(anonymous_1)
FNDA:0,(anonymous_2)
FNDA:0,(anonymous_3)
FNDA:0,(anonymous_4)
FNDA:0,(anonymous_5)
DA:1,0
DA:2,0
DA:3,0
DA:4,0
DA:8,0
DA:10,0
DA:11,0
DA:34,0
DA:37,0
DA:41,0
DA:46,0
DA:48,0
DA:49,0
DA:54,0
DA:55,0
DA:56,0
DA:59,0
DA:60,0
DA:63,0
DA:91,0
DA:93,0
DA:123,0
DA:127,0
DA:129,0
DA:131,0
DA:180,0
DA:213,0
DA:217,0
DA:219,0
DA:220,0
DA:221,0
DA:224,0
DA:225,0
DA:231,0
DA:232,0
DA:233,0
DA:236,0
DA:237,0
DA:238,0
DA:241,0
DA:242,0
DA:243,0
DA:246,0
DA:247,0
DA:248,0
DA:251,0
DA:252,0
DA:253,0
DA:256,0
DA:257,0
DA:258,0
DA:261,0
DA:262,0
DA:263,0
DA:266,0
DA:267,0
DA:268,0
DA:271,0
DA:272,0
DA:273,0
DA:276,0
DA:277,0
DA:280,0
DA:282,0
DA:295,0
DA:299,0
DA:301,0
DA:302,0
DA:303,0
DA:306,0
DA:321,0
DA:328,0
LF:72
LH:0
BRDA:10,0,0,0
BRDA:10,0,1,0
BRDA:45,1,0,0
BRDA:45,2,0,0
BRDA:54,3,0,0
BRDA:54,3,1,0
BRDA:59,4,0,0
BRDA:59,4,1,0
BRDA:90,5,0,0
BRDA:123,6,0,0
BRDA:123,6,1,0
BRDA:126,7,0,0
BRDA:126,8,0,0
BRDA:213,9,0,0
BRDA:213,9,1,0
BRDA:216,10,0,0
BRDA:216,11,0,0
BRDA:220,12,0,0
BRDA:220,12,1,0
BRDA:231,13,0,0
BRDA:231,13,1,0
BRDA:236,14,0,0
BRDA:236,14,1,0
BRDA:241,15,0,0
BRDA:241,15,1,0
BRDA:246,16,0,0
BRDA:246,16,1,0
BRDA:251,17,0,0
BRDA:251,17,1,0
BRDA:256,18,0,0
BRDA:256,18,1,0
BRDA:261,19,0,0
BRDA:261,19,1,0
BRDA:266,20,0,0
BRDA:266,20,1,0
BRDA:271,21,0,0
BRDA:271,21,1,0
BRDA:276,22,0,0
BRDA:276,22,1,0
BRDA:298,23,0,0
BRDA:302,24,0,0
BRDA:302,24,1,0
BRF:42
BRH:0
end_of_record
TN:
SF:src\api\v1\repositories\fee.repository.js
FN:27,(anonymous_0)
FN:30,(anonymous_1)
FN:36,(anonymous_2)
FN:43,(anonymous_3)
FN:50,(anonymous_4)
FN:80,(anonymous_5)
FN:93,(anonymous_6)
FN:120,(anonymous_7)
FN:124,(anonymous_8)
FN:189,(anonymous_9)
FN:190,(anonymous_10)
FN:211,(anonymous_11)
FN:212,(anonymous_12)
FN:215,(anonymous_13)
FN:216,(anonymous_14)
FN:225,(anonymous_15)
FN:233,(anonymous_16)
FN:247,(anonymous_17)
FN:440,(anonymous_18)
FN:447,(anonymous_19)
FN:633,(anonymous_20)
FN:634,(anonymous_21)
FN:641,(anonymous_22)
FN:654,(anonymous_23)
FN:686,(anonymous_24)
FN:705,(anonymous_25)
FN:725,(anonymous_26)
FN:737,(anonymous_27)
FN:740,(anonymous_28)
FN:751,(anonymous_29)
FN:759,(anonymous_30)
FN:767,(anonymous_31)
FN:833,(anonymous_32)
FN:954,(anonymous_33)
FN:1012,(anonymous_34)
FN:1071,(anonymous_35)
FN:1079,(anonymous_36)
FN:1105,(anonymous_37)
FN:1112,(anonymous_38)
FN:1184,(anonymous_39)
FN:1192,(anonymous_40)
FN:1227,(anonymous_41)
FN:1280,(anonymous_42)
FN:1306,(anonymous_43)
FN:1330,(anonymous_44)
FN:1442,(anonymous_45)
FNF:46
FNH:0
FNDA:0,(anonymous_0)
FNDA:0,(anonymous_1)
FNDA:0,(anonymous_2)
FNDA:0,(anonymous_3)
FNDA:0,(anonymous_4)
FNDA:0,(anonymous_5)
FNDA:0,(anonymous_6)
FNDA:0,(anonymous_7)
FNDA:0,(anonymous_8)
FNDA:0,(anonymous_9)
FNDA:0,(anonymous_10)
FNDA:0,(anonymous_11)
FNDA:0,(anonymous_12)
FNDA:0,(anonymous_13)
FNDA:0,(anonymous_14)
FNDA:0,(anonymous_15)
FNDA:0,(anonymous_16)
FNDA:0,(anonymous_17)
FNDA:0,(anonymous_18)
FNDA:0,(anonymous_19)
FNDA:0,(anonymous_20)
FNDA:0,(anonymous_21)
FNDA:0,(anonymous_22)
FNDA:0,(anonymous_23)
FNDA:0,(anonymous_24)
FNDA:0,(anonymous_25)
FNDA:0,(anonymous_26)
FNDA:0,(anonymous_27)
FNDA:0,(anonymous_28)
FNDA:0,(anonymous_29)
FNDA:0,(anonymous_30)
FNDA:0,(anonymous_31)
FNDA:0,(anonymous_32)
FNDA:0,(anonymous_33)
FNDA:0,(anonymous_34)
FNDA:0,(anonymous_35)
FNDA:0,(anonymous_36)
FNDA:0,(anonymous_37)
FNDA:0,(anonymous_38)
FNDA:0,(anonymous_39)
FNDA:0,(anonymous_40)
FNDA:0,(anonymous_41)
FNDA:0,(anonymous_42)
FNDA:0,(anonymous_43)
FNDA:0,(anonymous_44)
FNDA:0,(anonymous_45)
DA:1,0
DA:2,0
DA:3,0
DA:4,0
DA:6,0
DA:27,0
DA:31,0
DA:32,0
DA:33,0
DA:37,0
DA:38,0
DA:39,0
DA:40,0
DA:44,0
DA:45,0
DA:46,0
DA:47,0
DA:51,0
DA:52,0
DA:54,0
DA:55,0
DA:67,0
DA:77,0
DA:81,0
DA:82,0
DA:84,0
DA:85,0
DA:89,0
DA:90,0
DA:94,0
DA:95,0
DA:98,0
DA:99,0
DA:100,0
DA:103,0
DA:117,0
DA:121,0
DA:125,0
DA:126,0
DA:129,0
DA:130,0
DA:133,0
DA:134,0
DA:135,0
DA:136,0
DA:137,0
DA:139,0
DA:140,0
DA:143,0
DA:148,0
DA:149,0
DA:150,0
DA:151,0
DA:153,0
DA:154,0
DA:157,0
DA:171,0
DA:172,0
DA:173,0
DA:176,0
DA:188,0
DA:189,0
DA:190,0
DA:192,0
DA:193,0
DA:196,0
DA:210,0
DA:211,0
DA:212,0
DA:214,0
DA:215,0
DA:216,0
DA:218,0
DA:226,0
DA:227,0
DA:228,0
DA:230,0
DA:234,0
DA:235,0
DA:236,0
DA:237,0
DA:238,0
DA:240,0
DA:241,0
DA:242,0
DA:244,0
DA:248,0
DA:249,0
DA:250,0
DA:254,0
DA:255,0
DA:256,0
DA:258,0
DA:259,0
DA:268,0
DA:269,0
DA:278,0
DA:279,0
DA:280,0
DA:282,0
DA:283,0
DA:295,0
DA:299,0
DA:307,0
DA:311,0
DA:315,0
DA:319,0
DA:320,0
DA:322,0
DA:323,0
DA:324,0
DA:327,0
DA:328,0
DA:329,0
DA:332,0
DA:333,0
DA:336,0
DA:352,0
DA:354,0
DA:356,0
DA:357,0
DA:359,0
DA:360,0
DA:361,0
DA:364,0
DA:365,0
DA:366,0
DA:370,0
DA:371,0
DA:372,0
DA:374,0
DA:375,0
DA:376,0
DA:379,0
DA:380,0
DA:381,0
DA:382,0
DA:383,0
DA:387,0
DA:391,0
DA:420,0
DA:432,0
DA:438,0
DA:440,0
DA:448,0
DA:449,0
DA:450,0
DA:451,0
DA:452,0
DA:453,0
DA:454,0
DA:456,0
DA:457,0
DA:466,0
DA:467,0
DA:476,0
DA:477,0
DA:478,0
DA:485,0
DA:488,0
DA:489,0
DA:491,0
DA:492,0
DA:493,0
DA:496,0
DA:497,0
DA:498,0
DA:501,0
DA:502,0
DA:503,0
DA:506,0
DA:507,0
DA:508,0
DA:511,0
DA:512,0
DA:515,0
DA:539,0
DA:540,0
DA:542,0
DA:543,0
DA:544,0
DA:547,0
DA:548,0
DA:549,0
DA:553,0
DA:554,0
DA:555,0
DA:556,0
DA:557,0
DA:562,0
DA:563,0
DA:564,0
DA:566,0
DA:567,0
DA:570,0
DA:571,0
DA:572,0
DA:575,0
DA:577,0
DA:617,0
DA:632,0
DA:633,0
DA:634,0
DA:642,0
DA:655,0
DA:656,0
DA:657,0
DA:660,0
DA:661,0
DA:662,0
DA:664,0
DA:665,0
DA:666,0
DA:669,0
DA:683,0
DA:687,0
DA:706,0
DA:726,0
DA:727,0
DA:728,0
DA:729,0
DA:730,0
DA:731,0
DA:732,0
DA:734,0
DA:738,0
DA:739,0
DA:740,0
DA:741,0
DA:742,0
DA:743,0
DA:745,0
DA:746,0
DA:748,0
DA:752,0
DA:753,0
DA:754,0
DA:756,0
DA:760,0
DA:761,0
DA:762,0
DA:764,0
DA:768,0
DA:769,0
DA:771,0
DA:772,0
DA:775,0
DA:776,0
DA:777,0
DA:778,0
DA:779,0
DA:781,0
DA:782,0
DA:783,0
DA:785,0
DA:786,0
DA:789,0
DA:791,0
DA:830,0
DA:834,0
DA:835,0
DA:837,0
DA:838,0
DA:841,0
DA:842,0
DA:844,0
DA:845,0
DA:846,0
DA:847,0
DA:848,0
DA:849,0
DA:855,0
DA:863,0
DA:867,0
DA:871,0
DA:875,0
DA:879,0
DA:883,0
DA:884,0
DA:885,0
DA:886,0
DA:887,0
DA:889,0
DA:890,0
DA:891,0
DA:893,0
DA:894,0
DA:895,0
DA:896,0
DA:900,0
DA:902,0
DA:906,0
DA:910,0
DA:914,0
DA:918,0
DA:951,0
DA:955,0
DA:956,0
DA:958,0
DA:966,0
DA:970,0
DA:974,0
DA:978,0
DA:999,0
DA:1000,0
DA:1003,0
DA:1013,0
DA:1014,0
DA:1049,0
DA:1050,0
DA:1053,0
DA:1072,0
DA:1073,0
DA:1074,0
DA:1076,0
DA:1080,0
DA:1081,0
DA:1082,0
DA:1083,0
DA:1086,0
DA:1097,0
DA:1098,0
DA:1099,0
DA:1102,0
DA:1106,0
DA:1107,0
DA:1108,0
DA:1109,0
DA:1112,0
DA:1113,0
DA:1121,0
DA:1122,0
DA:1125,0
DA:1132,0
DA:1133,0
DA:1137,0
DA:1139,0
DA:1140,0
DA:1143,0
DA:1145,0
DA:1162,0
DA:1179,0
DA:1180,0
DA:1185,0
DA:1186,0
DA:1187,0
DA:1190,0
DA:1191,0
DA:1192,0
DA:1193,0
DA:1194,0
DA:1197,0
DA:1199,0
DA:1200,0
DA:1204,0
DA:1221,0
DA:1228,0
DA:1229,0
DA:1230,0
DA:1232,0
DA:1233,0
DA:1236,0
DA:1237,0
DA:1238,0
DA:1240,0
DA:1241,0
DA:1243,0
DA:1244,0
DA:1245,0
DA:1248,0
DA:1249,0
DA:1250,0
DA:1253,0
DA:1254,0
DA:1257,0
DA:1280,0
DA:1283,0
DA:1285,0
DA:1286,0
DA:1289,0
DA:1307,0
DA:1308,0
DA:1310,0
DA:1311,0
DA:1312,0
DA:1313,0
DA:1316,0
DA:1317,0
DA:1318,0
DA:1321,0
DA:1330,0
DA:1331,0
DA:1333,0
DA:1350,0
DA:1351,0
DA:1352,0
DA:1353,0
DA:1359,0
DA:1362,0
DA:1367,0
DA:1369,0
DA:1371,0
DA:1374,0
DA:1386,0
DA:1388,0
DA:1399,0
DA:1402,0
DA:1405,0
DA:1413,0
DA:1415,0
DA:1427,0
DA:1439,0
DA:1443,0
DA:1444,0
DA:1446,0
DA:1447,0
DA:1448,0
DA:1449,0
DA:1456,0
DA:1459,0
DA:1465,0
DA:1469,0
LF:422
LH:0
BRDA:27,0,0,0
BRDA:27,0,1,0
BRDA:36,1,0,0
BRDA:36,2,0,0
BRDA:37,3,0,0
BRDA:37,3,1,0
BRDA:38,4,0,0
BRDA:38,4,1,0
BRDA:44,5,0,0
BRDA:44,5,1,0
BRDA:46,6,0,0
BRDA:46,6,1,0
BRDA:51,7,0,0
BRDA:51,7,1,0
BRDA:54,8,0,0
BRDA:54,8,1,0
BRDA:81,9,0,0
BRDA:81,9,1,0
BRDA:84,10,0,0
BRDA:84,10,1,0
BRDA:89,11,0,0
BRDA:89,11,1,0
BRDA:93,12,0,0
BRDA:93,13,0,0
BRDA:94,14,0,0
BRDA:94,14,1,0
BRDA:94,15,0,0
BRDA:94,15,1,0
BRDA:94,15,2,0
BRDA:98,16,0,0
BRDA:98,16,1,0
BRDA:99,17,0,0
BRDA:99,17,1,0
BRDA:99,18,0,0
BRDA:99,18,1,0
BRDA:117,19,0,0
BRDA:117,19,1,0
BRDA:120,20,0,0
BRDA:121,21,0,0
BRDA:121,21,1,0
BRDA:124,22,0,0
BRDA:124,23,0,0
BRDA:125,24,0,0
BRDA:125,24,1,0
BRDA:129,25,0,0
BRDA:129,25,1,0
BRDA:129,26,0,0
BRDA:129,26,1,0
BRDA:133,27,0,0
BRDA:133,27,1,0
BRDA:135,28,0,0
BRDA:135,28,1,0
BRDA:139,29,0,0
BRDA:139,29,1,0
BRDA:139,30,0,0
BRDA:139,30,1,0
BRDA:139,30,2,0
BRDA:139,30,3,0
BRDA:148,31,0,0
BRDA:148,31,1,0
BRDA:148,32,0,0
BRDA:148,32,1,0
BRDA:149,33,0,0
BRDA:149,33,1,0
BRDA:149,34,0,0
BRDA:149,34,1,0
BRDA:150,35,0,0
BRDA:150,35,1,0
BRDA:150,36,0,0
BRDA:150,36,1,0
BRDA:151,37,0,0
BRDA:151,37,1,0
BRDA:151,38,0,0
BRDA:151,38,1,0
BRDA:153,39,0,0
BRDA:153,39,1,0
BRDA:153,40,0,0
BRDA:153,40,1,0
BRDA:153,40,2,0
BRDA:172,41,0,0
BRDA:172,41,1,0
BRDA:172,42,0,0
BRDA:172,42,1,0
BRDA:190,43,0,0
BRDA:190,43,1,0
BRDA:192,44,0,0
BRDA:192,44,1,0
BRDA:200,45,0,0
BRDA:200,45,1,0
BRDA:212,46,0,0
BRDA:212,46,1,0
BRDA:216,47,0,0
BRDA:216,47,1,0
BRDA:225,48,0,0
BRDA:225,49,0,0
BRDA:227,50,0,0
BRDA:227,50,1,0
BRDA:233,51,0,0
BRDA:236,52,0,0
BRDA:236,52,1,0
BRDA:236,53,0,0
BRDA:236,53,1,0
BRDA:240,54,0,0
BRDA:240,54,1,0
BRDA:240,55,0,0
BRDA:240,55,1,0
BRDA:247,56,0,0
BRDA:247,57,0,0
BRDA:247,58,0,0
BRDA:247,59,0,0
BRDA:255,60,0,0
BRDA:255,60,1,0
BRDA:256,61,0,0
BRDA:256,61,1,0
BRDA:256,62,0,0
BRDA:256,62,1,0
BRDA:258,63,0,0
BRDA:258,63,1,0
BRDA:258,64,0,0
BRDA:258,64,1,0
BRDA:258,64,2,0
BRDA:268,65,0,0
BRDA:268,65,1,0
BRDA:268,66,0,0
BRDA:268,66,1,0
BRDA:268,66,2,0
BRDA:279,67,0,0
BRDA:279,67,1,0
BRDA:280,68,0,0
BRDA:280,68,1,0
BRDA:280,69,0,0
BRDA:280,69,1,0
BRDA:282,70,0,0
BRDA:282,70,1,0
BRDA:285,71,0,0
BRDA:285,71,1,0
BRDA:285,72,0,0
BRDA:285,72,1,0
BRDA:295,73,0,0
BRDA:295,73,1,0
BRDA:299,74,0,0
BRDA:299,74,1,0
BRDA:301,75,0,0
BRDA:301,75,1,0
BRDA:303,76,0,0
BRDA:303,76,1,0
BRDA:307,77,0,0
BRDA:307,77,1,0
BRDA:311,78,0,0
BRDA:311,78,1,0
BRDA:315,79,0,0
BRDA:315,79,1,0
BRDA:322,80,0,0
BRDA:322,80,1,0
BRDA:327,81,0,0
BRDA:327,81,1,0
BRDA:332,82,0,0
BRDA:332,82,1,0
BRDA:332,83,0,0
BRDA:332,83,1,0
BRDA:344,84,0,0
BRDA:344,84,1,0
BRDA:352,85,0,0
BRDA:352,85,1,0
BRDA:354,86,0,0
BRDA:354,86,1,0
BRDA:354,87,0,0
BRDA:354,87,1,0
BRDA:359,88,0,0
BRDA:359,88,1,0
BRDA:364,89,0,0
BRDA:364,89,1,0
BRDA:364,90,0,0
BRDA:364,90,1,0
BRDA:374,91,0,0
BRDA:374,91,1,0
BRDA:374,92,0,0
BRDA:374,92,1,0
BRDA:375,93,0,0
BRDA:375,93,1,0
BRDA:379,94,0,0
BRDA:379,94,1,0
BRDA:380,95,0,0
BRDA:380,95,1,0
BRDA:380,96,0,0
BRDA:380,96,1,0
BRDA:381,97,0,0
BRDA:381,97,1,0
BRDA:387,98,0,0
BRDA:387,98,1,0
BRDA:441,99,0,0
BRDA:441,99,1,0
BRDA:447,100,0,0
BRDA:447,101,0,0
BRDA:447,102,0,0
BRDA:447,103,0,0
BRDA:453,104,0,0
BRDA:453,104,1,0
BRDA:453,104,2,0
BRDA:454,105,0,0
BRDA:454,105,1,0
BRDA:454,106,0,0
BRDA:454,106,1,0
BRDA:456,107,0,0
BRDA:456,107,1,0
BRDA:456,108,0,0
BRDA:456,108,1,0
BRDA:456,108,2,0
BRDA:466,109,0,0
BRDA:466,109,1,0
BRDA:466,110,0,0
BRDA:466,110,1,0
BRDA:466,110,2,0
BRDA:477,111,0,0
BRDA:477,111,1,0
BRDA:485,112,0,0
BRDA:485,112,1,0
BRDA:491,113,0,0
BRDA:491,113,1,0
BRDA:496,114,0,0
BRDA:496,114,1,0
BRDA:501,115,0,0
BRDA:501,115,1,0
BRDA:506,116,0,0
BRDA:506,116,1,0
BRDA:511,117,0,0
BRDA:511,117,1,0
BRDA:511,118,0,0
BRDA:511,118,1,0
BRDA:529,119,0,0
BRDA:529,119,1,0
BRDA:542,120,0,0
BRDA:542,120,1,0
BRDA:547,121,0,0
BRDA:547,121,1,0
BRDA:553,122,0,0
BRDA:553,122,1,0
BRDA:553,123,0,0
BRDA:553,123,1,0
BRDA:554,124,0,0
BRDA:554,124,1,0
BRDA:554,125,0,0
BRDA:554,125,1,0
BRDA:556,126,0,0
BRDA:556,126,1,0
BRDA:566,127,0,0
BRDA:566,127,1,0
BRDA:566,128,0,0
BRDA:566,128,1,0
BRDA:570,129,0,0
BRDA:570,129,1,0
BRDA:575,130,0,0
BRDA:575,130,1,0
BRDA:635,131,0,0
BRDA:635,131,1,0
BRDA:644,132,0,0
BRDA:644,132,1,0
BRDA:645,133,0,0
BRDA:645,133,1,0
BRDA:646,134,0,0
BRDA:646,134,1,0
BRDA:647,135,0,0
BRDA:647,135,1,0
BRDA:648,136,0,0
BRDA:648,136,1,0
BRDA:649,137,0,0
BRDA:649,137,1,0
BRDA:650,138,0,0
BRDA:650,138,1,0
BRDA:656,139,0,0
BRDA:656,139,1,0
BRDA:656,140,0,0
BRDA:656,140,1,0
BRDA:664,141,0,0
BRDA:664,141,1,0
BRDA:683,142,0,0
BRDA:683,142,1,0
BRDA:691,143,0,0
BRDA:691,143,1,0
BRDA:692,144,0,0
BRDA:692,144,1,0
BRDA:693,145,0,0
BRDA:693,145,1,0
BRDA:694,146,0,0
BRDA:694,146,1,0
BRDA:695,147,0,0
BRDA:695,147,1,0
BRDA:696,148,0,0
BRDA:696,148,1,0
BRDA:697,149,0,0
BRDA:697,149,1,0
BRDA:710,150,0,0
BRDA:710,150,1,0
BRDA:714,151,0,0
BRDA:714,151,1,0
BRDA:715,152,0,0
BRDA:715,152,1,0
BRDA:716,153,0,0
BRDA:716,153,1,0
BRDA:717,154,0,0
BRDA:717,154,1,0
BRDA:726,155,0,0
BRDA:726,155,1,0
BRDA:727,156,0,0
BRDA:727,156,1,0
BRDA:727,157,0,0
BRDA:727,157,1,0
BRDA:728,158,0,0
BRDA:728,158,1,0
BRDA:729,159,0,0
BRDA:729,159,1,0
BRDA:730,160,0,0
BRDA:730,160,1,0
BRDA:730,161,0,0
BRDA:730,161,1,0
BRDA:731,162,0,0
BRDA:731,162,1,0
BRDA:731,163,0,0
BRDA:731,163,1,0
BRDA:732,164,0,0
BRDA:732,164,1,0
BRDA:739,165,0,0
BRDA:739,165,1,0
BRDA:739,166,0,0
BRDA:739,166,1,0
BRDA:741,167,0,0
BRDA:741,167,1,0
BRDA:748,168,0,0
BRDA:748,168,1,0
BRDA:753,169,0,0
BRDA:753,169,1,0
BRDA:759,170,0,0
BRDA:761,171,0,0
BRDA:761,171,1,0
BRDA:767,172,0,0
BRDA:771,173,0,0
BRDA:771,173,1,0
BRDA:771,174,0,0
BRDA:771,174,1,0
BRDA:771,174,2,0
BRDA:777,175,0,0
BRDA:777,175,1,0
BRDA:777,176,0,0
BRDA:777,176,1,0
BRDA:781,177,0,0
BRDA:781,177,1,0
BRDA:781,178,0,0
BRDA:781,178,1,0
BRDA:785,179,0,0
BRDA:785,179,1,0
BRDA:785,180,0,0
BRDA:785,180,1,0
BRDA:789,181,0,0
BRDA:789,181,1,0
BRDA:830,182,0,0
BRDA:830,182,1,0
BRDA:833,183,0,0
BRDA:837,184,0,0
BRDA:837,184,1,0
BRDA:837,185,0,0
BRDA:837,185,1,0
BRDA:837,185,2,0
BRDA:849,186,0,0
BRDA:849,186,1,0
BRDA:851,187,0,0
BRDA:851,187,1,0
BRDA:855,188,0,0
BRDA:855,188,1,0
BRDA:857,189,0,0
BRDA:857,189,1,0
BRDA:859,190,0,0
BRDA:859,190,1,0
BRDA:863,191,0,0
BRDA:863,191,1,0
BRDA:867,192,0,0
BRDA:867,192,1,0
BRDA:871,193,0,0
BRDA:871,193,1,0
BRDA:875,194,0,0
BRDA:875,194,1,0
BRDA:879,195,0,0
BRDA:879,195,1,0
BRDA:885,196,0,0
BRDA:885,196,1,0
BRDA:885,197,0,0
BRDA:885,197,1,0
BRDA:885,197,2,0
BRDA:889,198,0,0
BRDA:889,198,1,0
BRDA:889,199,0,0
BRDA:889,199,1,0
BRDA:889,199,2,0
BRDA:893,200,0,0
BRDA:893,200,1,0
BRDA:893,201,0,0
BRDA:893,201,1,0
BRDA:894,202,0,0
BRDA:894,202,1,0
BRDA:894,203,0,0
BRDA:894,203,1,0
BRDA:894,204,0,0
BRDA:894,204,1,0
BRDA:895,205,0,0
BRDA:895,205,1,0
BRDA:900,206,0,0
BRDA:900,206,1,0
BRDA:902,207,0,0
BRDA:902,207,1,0
BRDA:906,208,0,0
BRDA:906,208,1,0
BRDA:910,209,0,0
BRDA:910,209,1,0
BRDA:914,210,0,0
BRDA:914,210,1,0
BRDA:951,211,0,0
BRDA:951,211,1,0
BRDA:958,212,0,0
BRDA:958,212,1,0
BRDA:960,213,0,0
BRDA:960,213,1,0
BRDA:962,214,0,0
BRDA:962,214,1,0
BRDA:966,215,0,0
BRDA:966,215,1,0
BRDA:970,216,0,0
BRDA:970,216,1,0
BRDA:974,217,0,0
BRDA:974,217,1,0
BRDA:999,218,0,0
BRDA:999,218,1,0
BRDA:1005,219,0,0
BRDA:1005,219,1,0
BRDA:1006,220,0,0
BRDA:1006,220,1,0
BRDA:1007,221,0,0
BRDA:1007,221,1,0
BRDA:1008,222,0,0
BRDA:1008,222,1,0
BRDA:1049,223,0,0
BRDA:1049,223,1,0
BRDA:1057,224,0,0
BRDA:1057,224,1,0
BRDA:1060,225,0,0
BRDA:1060,225,1,0
BRDA:1061,226,0,0
BRDA:1061,226,1,0
BRDA:1062,227,0,0
BRDA:1062,227,1,0
BRDA:1063,228,0,0
BRDA:1063,228,1,0
BRDA:1073,229,0,0
BRDA:1073,229,1,0
BRDA:1082,230,0,0
BRDA:1082,230,1,0
BRDA:1082,231,0,0
BRDA:1082,231,1,0
BRDA:1098,232,0,0
BRDA:1098,232,1,0
BRDA:1108,233,0,0
BRDA:1108,233,1,0
BRDA:1108,234,0,0
BRDA:1108,234,1,0
BRDA:1121,235,0,0
BRDA:1121,235,1,0
BRDA:1132,236,0,0
BRDA:1132,236,1,0
BRDA:1137,237,0,0
BRDA:1137,237,1,0
BRDA:1137,237,2,0
BRDA:1138,238,0,0
BRDA:1138,238,1,0
BRDA:1139,239,0,0
BRDA:1139,239,1,0
BRDA:1185,240,0,0
BRDA:1185,240,1,0
BRDA:1186,241,0,0
BRDA:1186,241,1,0
BRDA:1186,242,0,0
BRDA:1186,242,1,0
BRDA:1193,243,0,0
BRDA:1193,243,1,0
BRDA:1221,244,0,0
BRDA:1221,244,1,0
BRDA:1227,245,0,0
BRDA:1232,246,0,0
BRDA:1232,246,1,0
BRDA:1232,247,0,0
BRDA:1232,247,1,0
BRDA:1232,247,2,0
BRDA:1236,248,0,0
BRDA:1236,248,1,0
BRDA:1243,249,0,0
BRDA:1243,249,1,0
BRDA:1248,250,0,0
BRDA:1248,250,1,0
BRDA:1253,251,0,0
BRDA:1253,251,1,0
BRDA:1253,252,0,0
BRDA:1253,252,1,0
BRDA:1271,253,0,0
BRDA:1271,253,1,0
BRDA:1285,254,0,0
BRDA:1285,254,1,0
BRDA:1285,255,0,0
BRDA:1285,255,1,0
BRDA:1297,256,0,0
BRDA:1297,256,1,0
BRDA:1310,257,0,0
BRDA:1310,257,1,0
BRDA:1312,258,0,0
BRDA:1312,258,1,0
BRDA:1317,259,0,0
BRDA:1317,259,1,0
BRDA:1322,260,0,0
BRDA:1322,260,1,0
BRDA:1323,261,0,0
BRDA:1323,261,1,0
BRDA:1324,262,0,0
BRDA:1324,262,1,0
BRDA:1325,263,0,0
BRDA:1325,263,1,0
BRDA:1326,264,0,0
BRDA:1326,264,1,0
BRDA:1327,265,0,0
BRDA:1327,265,1,0
BRDA:1351,266,0,0
BRDA:1351,266,1,0
BRDA:1352,267,0,0
BRDA:1352,267,1,0
BRDA:1386,268,0,0
BRDA:1386,268,1,0
BRDA:1413,269,0,0
BRDA:1413,269,1,0
BRDA:1446,270,0,0
BRDA:1446,270,1,0
BRDA:1448,271,0,0
BRDA:1448,271,1,0
BRF:537
BRH:0
end_of_record
TN:
SF:src\api\v1\repositories\holiday.repository.js
FN:9,(anonymous_0)
FN:16,(anonymous_1)
FN:29,(anonymous_2)
FN:51,(anonymous_3)
FNF:4
FNH:0
FNDA:0,(anonymous_0)
FNDA:0,(anonymous_1)
FNDA:0,(anonymous_2)
FNDA:0,(anonymous_3)
DA:1,0
DA:10,0
DA:16,0
[...]
DA:7,0
DA:8,0
DA:10,0
DA:13,0
DA:14,0
DA:15,0
DA:16,0
DA:18,0
DA:21,0
DA:22,0
DA:23,0
DA:24,0
DA:26,0
DA:45,0
DA:54,0
DA:62,0
DA:66,0
LF:21
LH:0
BRDA:5,0,0,0
BRDA:5,0,1,0
BRDA:7,1,0,0
BRDA:7,1,1,0
BRDA:7,2,0,0
BRDA:7,2,1,0
BRDA:15,3,0,0
BRDA:15,3,1,0
BRDA:15,4,0,0
BRDA:15,4,1,0
BRDA:23,5,0,0
BRDA:23,5,1,0
BRDA:23,6,0,0
BRDA:23,6,1,0
BRF:14
BRH:0
end_of_record
TN:
SF:src\api\v1\validators\timetable.validator.js
FNF:0
FNH:0
DA:1,0
DA:3,0
DA:21,0
LF:3
LH:0
BRF:0
BRH:0
end_of_record
TN:
SF:src\api\v1\validators\transport.validator.js
FNF:0
FNH:0
DA:1,0
DA:4,0
DA:10,0
DA:22,0
DA:35,0
DA:38,0
DA:52,0
DA:67,0
DA:72,0
DA:82,0
DA:89,0
DA:109,0
DA:130,0
DA:133,0
DA:143,0
DA:157,0
DA:171,0
DA:174,0
DA:179,0
LF:19
LH:0
BRF:0
BRH:0
end_of_record
TN:
SF:src\api\v1\validators\user.validator.js
FNF:0
FNH:0
DA:1,0
DA:3,0
DA:9,0
LF:3
LH:0
BRF:0
BRH:0
end_of_record
TN:
SF:src\middleware\auth.middleware.js
FN:13,(anonymous_0)
FN:21,(anonymous_1)
FN:26,(anonymous_2)
FN:30,(anonymous_3)
FN:34,(anonymous_4)
FN:42,(anonymous_5)
FN:73,(anonymous_6)
FN:101,(anonymous_7)
FN:110,(anonymous_8)
FN:111,(anonymous_9)
FN:124,(anonymous_10)
FN:130,(anonymous_11)
FN:143,(anonymous_12)
FN:152,(anonymous_13)
FN:306,(anonymous_14)
FNF:15
FNH:0
FNDA:0,(anonymous_0)
FNDA:0,(anonymous_1)
FNDA:0,(anonymous_2)
FNDA:0,(anonymous_3)
FNDA:0,(anonymous_4)
FNDA:0,(anonymous_5)
FNDA:0,(anonymous_6)
FNDA:0,(anonymous_7)
FNDA:0,(anonymous_8)
FNDA:0,(anonymous_9)
FNDA:0,(anonymous_10)
FNDA:0,(anonymous_11)
FNDA:0,(anonymous_12)
FNDA:0,(anonymous_13)
FNDA:0,(anonymous_14)
DA:1,0
DA:2,0
DA:3,0
DA:4,0
DA:5,0
DA:13,0
DA:14,0
DA:15,0
DA:18,0
DA:19,0
DA:21,0
DA:22,0
DA:23,0
DA:26,0
DA:27,0
DA:28,0
DA:30,0
DA:31,0
DA:34,0
DA:35,0
DA:36,0
DA:39,0
DA:42,0
DA:43,0
DA:44,0
DA:45,0
DA:47,0
DA:48,0
DA:49,0
DA:50,0
DA:52,0
DA:53,0
DA:54,0
DA:57,0
DA:59,0
DA:60,0
DA:63,0
DA:64,0
DA:67,0
DA:73,0
DA:74,0
DA:95,0
DA:101,0
DA:102,0
DA:103,0
DA:104,0
DA:110,0
DA:111,0
DA:112,0
DA:124,0
DA:130,0
DA:143,0
DA:144,0
DA:145,0
DA:152,0
DA:153,0
DA:155,0
DA:156,0
DA:158,0
DA:159,0
DA:164,0
DA:167,0
DA:168,0
DA:172,0
DA:174,0
DA:175,0
DA:179,0
DA:181,0
DA:184,0
DA:185,0
DA:190,0
DA:193,0
DA:194,0
DA:199,0
DA:202,0
DA:204,0
DA:205,0
DA:210,0
DA:213,0
DA:214,0
DA:219,0
DA:222,0
DA:223,0
DA:228,0
DA:231,0
DA:232,0
DA:236,0
DA:237,0
DA:238,0
DA:241,0
DA:243,0
DA:245,0
DA:246,0
DA:252,0
DA:255,0
DA:256,0
DA:257,0
DA:258,0
DA:268,0
DA:276,0
DA:280,0
DA:290,0
DA:292,0
DA:293,0
DA:298,0
DA:306,0
DA:307,0
DA:308,0
DA:309,0
DA:311,0
DA:312,0
DA:313,0
DA:314,0
DA:319,0
DA:322,0
LF:115
LH:0
BRDA:14,0,0,0
BRDA:14,0,1,0
BRDA:14,1,0,0
BRDA:14,1,1,0
BRDA:22,2,0,0
BRDA:22,2,1,0
BRDA:27,3,0,0
BRDA:27,3,1,0
BRDA:27,3,2,0
BRDA:28,4,0,0
BRDA:28,4,1,0
BRDA:30,5,0,0
BRDA:30,5,1,0
BRDA:35,6,0,0
BRDA:35,6,1,0
BRDA:45,7,0,0
BRDA:45,7,1,0
BRDA:47,8,0,0
BRDA:47,8,1,0
BRDA:47,9,0,0
BRDA:47,9,1,0
BRDA:47,9,2,0
BRDA:49,10,0,0
BRDA:49,10,1,0
BRDA:50,11,0,0
BRDA:50,11,1,0
BRDA:59,12,0,0
BRDA:59,12,1,0
BRDA:63,13,0,0
BRDA:63,13,1,0
BRDA:102,14,0,0
BRDA:102,14,1,0
BRDA:102,15,0,0
BRDA:102,15,1,0
BRDA:111,16,0,0
BRDA:111,16,1,0
BRDA:117,17,0,0
BRDA:117,17,1,0
BRDA:118,18,0,0
BRDA:118,18,1,0
BRDA:118,18,2,0
BRDA:126,19,0,0
BRDA:126,19,1,0
BRDA:127,20,0,0
BRDA:127,20,1,0
BRDA:127,20,2,0
BRDA:127,20,3,0
BRDA:130,21,0,0
BRDA:130,21,1,0
BRDA:132,22,0,0
BRDA:132,22,1,0
BRDA:133,23,0,0
BRDA:133,23,1,0
BRDA:134,24,0,0
BRDA:134,24,1,0
BRDA:135,25,0,0
BRDA:135,25,1,0
BRDA:136,26,0,0
BRDA:136,26,1,0
BRDA:137,27,0,0
BRDA:137,27,1,0
BRDA:138,28,0,0
BRDA:138,28,1,0
BRDA:139,29,0,0
BRDA:139,29,1,0
BRDA:145,30,0,0
BRDA:145,30,1,0
BRDA:145,31,0,0
BRDA:145,31,1,0
BRDA:158,32,0,0
BRDA:158,32,1,0
BRDA:167,33,0,0
BRDA:167,33,1,0
BRDA:174,34,0,0
BRDA:174,34,1,0
BRDA:184,35,0,0
BRDA:184,35,1,0
BRDA:193,36,0,0
BRDA:193,36,1,0
BRDA:193,37,0,0
BRDA:193,37,1,0
BRDA:204,38,0,0
BRDA:204,38,1,0
BRDA:213,39,0,0
BRDA:213,39,1,0
BRDA:222,40,0,0
BRDA:222,40,1,0
BRDA:236,41,0,0
BRDA:236,41,1,0
BRDA:237,42,0,0
BRDA:237,42,1,0
BRDA:237,43,0,0
BRDA:237,43,1,0
BRDA:243,44,0,0
BRDA:243,44,1,0
BRDA:245,45,0,0
BRDA:245,45,1,0
BRDA:250,46,0,0
BRDA:250,46,1,0
BRDA:256,47,0,0
BRDA:256,47,1,0
BRDA:256,48,0,0
BRDA:256,48,1,0
BRDA:257,49,0,0
BRDA:257,49,1,0
BRDA:264,50,0,0
BRDA:264,50,1,0
BRDA:274,51,0,0
BRDA:274,51,1,0
BRDA:287,52,0,0
BRDA:287,52,1,0
BRDA:309,53,0,0
BRDA:309,53,1,0
BRDA:312,54,0,0
BRDA:312,54,1,0
BRDA:312,55,0,0
BRDA:312,55,1,0
BRDA:312,55,2,0
BRF:118
BRH:0
end_of_record
TN:
SF:src\middleware\error.middleware.js
FN:10,(anonymous_0)
FN:22,(anonymous_1)
FN:44,(anonymous_2)
FN:55,(anonymous_3)
FN:126,(anonymous_4)
FN:134,(anonymous_5)
FN:135,(anonymous_6)
FNF:7
FNH:2
FNDA:0,(anonymous_0)
FNDA:0,(anonymous_1)
FNDA:0,(anonymous_2)
FNDA:0,(anonymous_3)
FNDA:0,(anonymous_4)
FNDA:10,(anonymous_5)
FNDA:10,(anonymous_6)
DA:1,2
DA:2,2
DA:11,0
DA:12,0
DA:13,0
DA:14,0
DA:15,0
DA:22,2
DA:23,0
DA:24,0
DA:27,0
DA:30,0
DA:41,0
DA:42,0
DA:43,0
DA:44,0
DA:52,0
DA:53,0
DA:54,0
DA:55,0
DA:63,0
DA:64,0
DA:65,0
DA:66,0
DA:76,0
DA:77,0
DA:78,0
DA:79,0
DA:92,0
DA:93,0
DA:94,0
DA:97,0
DA:98,0
DA:99,0
DA:103,0
DA:104,0
DA:105,0
DA:108,0
DA:109,0
DA:110,0
DA:114,0
DA:115,0
DA:116,0
DA:120,0
DA:126,2
DA:127,0
DA:128,0
DA:134,2
DA:135,10
DA:136,10
DA:140,2
LF:51
LH:8
BRDA:10,0,0,0
BRDA:10,1,0,0
BRDA:23,2,0,0
BRDA:23,2,1,0
BRDA:27,3,0,0
BRDA:41,4,0,0
BRDA:41,4,1,0
BRDA:52,5,0,0
BRDA:52,5,1,0
BRDA:63,6,0,0
BRDA:63,6,1,0
BRDA:68,7,0,0
BRDA:68,7,1,0
BRDA:68,7,2,0
BRDA:69,8,0,0
BRDA:69,8,1,0
BRDA:70,9,0,0
BRDA:70,9,1,0
BRDA:71,10,0,0
BRDA:71,10,1,0
BRDA:71,10,2,0
BRDA:76,11,0,0
BRDA:76,11,1,0
BRDA:81,12,0,0
BRDA:81,12,1,0
BRDA:81,12,2,0
BRDA:82,13,0,0
BRDA:82,13,1,0
BRDA:82,13,2,0
BRDA:83,14,0,0
BRDA:83,14,1,0
BRDA:84,15,0,0
BRDA:84,15,1,0
BRDA:85,16,0,0
BRDA:85,16,1,0
BRDA:86,17,0,0
BRDA:86,17,1,0
BRDA:87,18,0,0
BRDA:87,18,1,0
BRDA:92,19,0,0
BRDA:92,19,1,0
BRDA:97,20,0,0
BRDA:97,20,1,0
BRDA:103,21,0,0
BRDA:103,21,1,0
BRDA:108,22,0,0
BRDA:108,22,1,0
BRDA:114,23,0,0
BRDA:114,23,1,0
BRDA:114,24,0,0
BRDA:114,24,1,0
BRF:51
BRH:0
end_of_record
TN:
SF:src\middleware\payload-normalizer.middleware.js
FN:1,(anonymous_0)
FN:4,(anonymous_1)
FN:13,(anonymous_2)
FN:32,(anonymous_3)
FN:49,(anonymous_4)
FNF:5
FNH:0
FNDA:0,(anonymous_0)
FNDA:0,(anonymous_1)
FNDA:0,(anonymous_2)
FNDA:0,(anonymous_3)
FNDA:0,(anonymous_4)
DA:1,0
DA:2,0
DA:4,0
DA:5,0
DA:6,0
DA:7,0
DA:10,0
DA:11,0
DA:13,0
DA:14,0
DA:16,0
DA:17,0
DA:18,0
DA:21,0
DA:22,0
DA:25,0
DA:29,0
DA:32,0
DA:33,0
DA:34,0
DA:37,0
DA:38,0
DA:39,0
DA:42,0
DA:43,0
DA:45,0
DA:49,0
DA:50,0
DA:51,0
DA:53,0
DA:54,0
DA:55,0
DA:58,0
DA:60,0
DA:61,0
DA:62,0
DA:63,0
DA:64,0
DA:65,0
DA:69,0
DA:77,0
DA:80,0
LF:42
LH:0
BRDA:1,0,0,0
BRDA:5,1,0,0
BRDA:5,1,1,0
BRDA:16,2,0,0
BRDA:16,2,1,0
BRDA:21,3,0,0
BRDA:21,3,1,0
BRDA:21,4,0,0
BRDA:21,4,1,0
BRDA:21,4,2,0
BRDA:33,5,0,0
BRDA:33,5,1,0
BRDA:38,6,0,0
BRDA:38,6,1,0
BRDA:38,7,0,0
BRDA:38,7,1,0
BRDA:38,7,2,0
BRDA:50,8,0,0
BRDA:50,8,1,0
BRDA:53,9,0,0
BRDA:53,9,1,0
BRDA:53,10,0,0
BRDA:53,10,1,0
BRDA:53,10,2,0
BRDA:60,11,0,0
BRDA:60,11,1,0
BRDA:62,12,0,0
BRDA:62,12,1,0
BRDA:62,13,0,0
BRDA:62,13,1,0
BRDA:62,13,2,0
BRF:31
BRH:0
end_of_record
TN:
SF:src\middleware\photo-upload.middleware.js
FN:18,(anonymous_0)
FN:27,(anonymous_1)
FN:43,(anonymous_2)
FN:43,(anonymous_3)
FN:139,(anonymous_4)
FNF:5
FNH:0
FNDA:0,(anonymous_0)
FNDA:0,(anonymous_1)
FNDA:0,(anonymous_2)
FNDA:0,(anonymous_3)
FNDA:0,(anonymous_4)
DA:1,0
DA:3,0
DA:4,0
DA:11,0
DA:16,0
DA:18,0
DA:19,0
DA:20,0
DA:21,0
DA:24,0
DA:27,0
DA:28,0
DA:34,0
DA:35,0
DA:36,0
DA:37,0
DA:40,0
DA:43,0
DA:44,0
DA:45,0
DA:46,0
DA:47,0
DA:50,0
DA:53,0
DA:58,0
DA:64,0
DA:70,0
DA:78,0
DA:90,0
DA:101,0
DA:113,0
DA:125,0
DA:137,0
DA:140,0
DA:141,0
DA:142,0
DA:144,0
DA:151,0
LF:38
LH:0
BRDA:19,0,0,0
BRDA:19,0,1,0
BRDA:35,1,0,0
BRDA:35,1,1,0
BRDA:35,2,0,0
BRDA:35,2,1,0
BRDA:45,3,0,0
BRDA:45,3,1,0
BRDA:45,4,0,0
BRDA:45,4,1,0
BRDA:140,5,0,0
BRDA:140,5,1,0
BRF:12
BRH:0
end_of_record
TN:
SF:src\middleware\rbac.middleware.js
FN:9,(anonymous_0)
FN:18,(anonymous_1)
FN:19,(anonymous_2)
FN:21,(anonymous_3)
FN:43,(anonymous_4)
FN:44,(anonymous_5)
FN:67,(anonymous_6)
FN:68,(anonymous_7)
FN:77,(anonymous_8)
FN:90,(anonymous_9)
FN:91,(anonymous_10)
FN:100,(anonymous_11)
FN:114,(anonymous_12)
FN:115,(anonymous_13)
FN:142,(anonymous_14)
FN:143,(anonymous_15)
FNF:16
FNH:0
FNDA:0,(anonymous_0)
FNDA:0,(anonymous_1)
FNDA:0,(anonymous_2)
FNDA:0,(anonymous_3)
FNDA:0,(anonymous_4)
FNDA:0,(anonymous_5)
FNDA:0,(anonymous_6)
FNDA:0,(anonymous_7)
FNDA:0,(anonymous_8)
FNDA:0,(anonymous_9)
FNDA:0,(anonymous_10)
FNDA:0,(anonymous_11)
FNDA:0,(anonymous_12)
FNDA:0,(anonymous_13)
FNDA:0,(anonymous_14)
FNDA:0,(anonymous_15)
DA:1,0
DA:9,0
DA:10,0
DA:11,0
DA:18,0
DA:19,0
DA:21,0
DA:22,0
DA:23,0
DA:26,0
DA:29,0
DA:31,0
DA:32,0
DA:35,0
DA:43,0
DA:44,0
DA:45,0
DA:46,0
DA:49,0
DA:52,0
DA:54,0
DA:55,0
DA:56,0
DA:59,0
DA:67,0
DA:68,0
DA:69,0
DA:70,0
DA:73,0
DA:74,0
DA:76,0
DA:77,0
DA:78,0
DA:79,0
DA:82,0
DA:90,0
DA:91,0
DA:92,0
DA:93,0
DA:96,0
DA:97,0
DA:99,0
DA:100,0
DA:101,0
DA:102,0
DA:105,0
DA:114,0
DA:115,0
DA:116,0
DA:117,0
DA:120,0
DA:121,0
DA:123,0
DA:124,0
DA:125,0
DA:128,0
DA:129,0
DA:132,0
DA:142,0
DA:143,0
DA:144,0
DA:145,0
DA:148,0
DA:150,0
DA:151,0
DA:152,0
DA:156,0
DA:157,0
DA:160,0
DA:161,0
DA:165,0
LF:71
LH:0
BRDA:10,0,0,0
BRDA:10,0,1,0
BRDA:10,1,0,0
BRDA:10,1,1,0
BRDA:18,2,0,0
BRDA:22,3,0,0
BRDA:22,3,1,0
BRDA:29,4,0,0
BRDA:29,4,1,0
BRDA:31,5,0,0
BRDA:31,5,1,0
BRDA:31,6,0,0
BRDA:31,6,1,0
BRDA:45,7,0,0
BRDA:45,7,1,0
BRDA:52,8,0,0
BRDA:52,8,1,0
BRDA:54,9,0,0
BRDA:54,9,1,0
BRDA:55,10,0,0
BRDA:55,10,1,0
BRDA:67,11,0,0
BRDA:69,12,0,0
BRDA:69,12,1,0
BRDA:74,13,0,0
BRDA:74,13,1,0
BRDA:76,14,0,0
BRDA:76,14,1,0
BRDA:78,15,0,0
BRDA:78,15,1,0
BRDA:90,16,0,0
BRDA:92,17,0,0
BRDA:92,17,1,0
BRDA:97,18,0,0
BRDA:97,18,1,0
BRDA:99,19,0,0
BRDA:99,19,1,0
BRDA:101,20,0,0
BRDA:101,20,1,0
BRDA:114,21,0,0
BRDA:116,22,0,0
BRDA:116,22,1,0
BRDA:121,23,0,0
BRDA:121,23,1,0
BRDA:123,24,0,0
BRDA:123,24,1,0
BRDA:124,25,0,0
BRDA:124,25,1,0
BRDA:128,26,0,0
BRDA:128,26,1,0
BRDA:144,27,0,0
BRDA:144,27,1,0
BRDA:150,28,0,0
BRDA:150,28,1,0
BRDA:156,29,0,0
BRDA:156,29,1,0
BRF:56
BRH:0
end_of_record
TN:
SF:src\middleware\role.middleware.js
FNF:0
FNH:0
DA:6,0
DA:8,0
LF:2
LH:0
BRF:0
BRH:0
end_of_record
TN:
SF:src\middleware\trial-limits.middleware.js
FN:18,buildLimitError
FN:28,(anonymous_1)
FN:49,(anonymous_2)
FN:70,(anonymous_3)
FN:91,(anonymous_4)
FN:112,(anonymous_5)
FNF:6
FNH:0
FNDA:0,buildLimitError
FNDA:0,(anonymous_1)
FNDA:0,(anonymous_2)
FNDA:0,(anonymous_3)
FNDA:0,(anonymous_4)
FNDA:0,(anonymous_5)
DA:1,0
DA:2,0
DA:9,0
DA:19,0
DA:28,0
DA:29,0
DA:30,0
DA:32,0
DA:33,0
DA:34,0
DA:36,0
DA:37,0
DA:38,0
DA:40,0
DA:42,0
DA:49,0
DA:50,0
DA:51,0
DA:53,0
DA:54,0
DA:55,0
DA:57,0
DA:58,0
DA:59,0
DA:61,0
DA:63,0
DA:70,0
DA:71,0
DA:72,0
DA:74,0
DA:75,0
DA:76,0
DA:78,0
DA:79,0
DA:80,0
DA:82,0
DA:84,0
DA:91,0
DA:92,0
DA:93,0
DA:95,0
DA:96,0
DA:97,0
DA:99,0
DA:100,0
DA:101,0
DA:103,0
DA:105,0
DA:112,0
DA:113,0
DA:114,0
DA:116,0
DA:117,0
DA:118,0
DA:120,0
DA:121,0
DA:126,0
DA:128,0
DA:132,0
LF:59
LH:0
BRDA:30,0,0,0
BRDA:30,0,1,0
BRDA:34,1,0,0
BRDA:34,1,1,0
BRDA:37,2,0,0
BRDA:37,2,1,0
BRDA:51,3,0,0
BRDA:51,3,1,0
BRDA:55,4,0,0
BRDA:55,4,1,0
BRDA:58,5,0,0
BRDA:58,5,1,0
BRDA:72,6,0,0
BRDA:72,6,1,0
BRDA:76,7,0,0
BRDA:76,7,1,0
BRDA:79,8,0,0
BRDA:79,8,1,0
BRDA:93,9,0,0
BRDA:93,9,1,0
BRDA:97,10,0,0
BRDA:97,10,1,0
BRDA:100,11,0,0
BRDA:100,11,1,0
BRDA:114,12,0,0
BRDA:114,12,1,0
BRDA:118,13,0,0
BRDA:118,13,1,0
BRDA:120,14,0,0
BRDA:120,14,1,0
BRF:30
BRH:0
end_of_record
TN:
SF:src\middleware\validation.middleware.js
FN:9,(anonymous_0)
FN:13,(anonymous_1)
FNF:2
FNH:0
FNDA:0,(anonymous_0)
FNDA:0,(anonymous_1)
DA:1,0
DA:2,0
DA:9,0
DA:10,0
DA:12,0
DA:13,0
DA:19,0
DA:22,0
DA:25,0
LF:9
LH:0
BRDA:12,0,0,0
BRDA:12,0,1,0
BRDA:14,1,0,0
BRDA:14,1,1,0
BRF:4
BRH:0
end_of_record
TN:
SF:src\utils\auth-metrics.js
FN:17,(anonymous_0)
FN:25,(anonymous_1)
FN:46,(anonymous_2)
FNF:3
FNH:0
FNDA:0,(anonymous_0)
FNDA:0,(anonymous_1)
FNDA:0,(anonymous_2)
DA:1,0
DA:3,0
DA:17,0
DA:18,0
DA:19,0
DA:22,0
DA:25,0
DA:26,0
DA:27,0
DA:28,0
DA:31,0
DA:32,0
DA:35,0
DA:37,0
DA:46,0
DA:48,0
LF:16
LH:0
BRDA:18,0,0,0
BRDA:18,0,1,0
BRDA:18,1,0,0
BRDA:18,1,1,0
BRDA:25,2,0,0
BRDA:27,3,0,0
BRDA:27,3,1,0
BRDA:31,4,0,0
BRDA:31,4,1,0
BRF:9
BRH:0
end_of_record
TN:
SF:src\utils\errors.js
FN:7,(anonymous_0)
FN:17,(anonymous_1)
FN:24,(anonymous_2)
FN:30,(anonymous_3)
FN:36,(anonymous_4)
FN:42,(anonymous_5)
FN:48,(anonymous_6)
FNF:7
FNH:0
FNDA:0,(anonymous_0)
FNDA:0,(anonymous_1)
FNDA:0,(anonymous_2)
FNDA:0,(anonymous_3)
FNDA:0,(anonymous_4)
FNDA:0,(anonymous_5)
FNDA:0,(anonymous_6)
DA:8,0
DA:9,0
DA:10,0
DA:11,0
DA:12,0
DA:18,0
DA:19,0
DA:25,0
DA:31,0
DA:37,0
DA:43,0
DA:49,0
DA:53,0
LF:13
LH:0
BRDA:7,0,0,0
BRDA:17,1,0,0
BRDA:24,2,0,0
BRDA:30,3,0,0
BRDA:36,4,0,0
BRDA:42,5,0,0
BRDA:48,6,0,0
BRF:7
BRH:0
end_of_record
TN:
SF:src\utils\logger.js
FN:41,(anonymous_0)
FN:83,(anonymous_1)
FN:96,(anonymous_2)
FN:97,(anonymous_3)
FN:98,(anonymous_4)
FN:99,(anonymous_5)
FN:100,(anonymous_6)
FNF:7
FNH:0
FNDA:0,(anonymous_0)
FNDA:0,(anonymous_1)
FNDA:0,(anonymous_2)
FNDA:0,(anonymous_3)
FNDA:0,(anonymous_4)
FNDA:0,(anonymous_5)
FNDA:0,(anonymous_6)
DA:6,0
DA:9,0
DA:17,0
DA:24,0
DA:27,0
DA:41,0
DA:66,0
DA:67,0
DA:83,0
DA:84,0
DA:90,0
DA:93,0
DA:96,0
DA:97,0
DA:98,0
DA:99,0
DA:101,0
LF:17
LH:0
BRDA:66,0,0,0
BRDA:66,0,1,0
BRDA:83,1,0,0
BRDA:100,2,0,0
BRF:4
BRH:0
end_of_record
TN:
SF:src\utils\response.js
FN:13,(anonymous_0)
FN:29,(anonymous_1)
FN:43,(anonymous_2)
FN:57,(anonymous_3)
FN:71,(anonymous_4)
FN:85,(anonymous_5)
FN:99,(anonymous_6)
FN:113,(anonymous_7)
FN:128,(anonymous_8)
FNF:9
FNH:0
FNDA:0,(anonymous_0)
FNDA:0,(anonymous_1)
FNDA:0,(anonymous_2)
FNDA:0,(anonymous_3)
FNDA:0,(anonymous_4)
FNDA:0,(anonymous_5)
FNDA:0,(anonymous_6)
FNDA:0,(anonymous_7)
FNDA:0,(anonymous_8)
DA:13,0
DA:14,0
DA:29,0
DA:30,0
DA:43,0
DA:44,0
DA:57,0
DA:58,0
DA:71,0
DA:72,0
DA:85,0
DA:86,0
DA:99,0
DA:100,0
DA:113,0
DA:114,0
DA:128,0
DA:129,0
DA:137,0
LF:19
LH:0
BRDA:13,0,0,0
BRDA:13,1,0,0
BRDA:13,2,0,0
BRDA:29,3,0,0
BRDA:29,4,0,0
BRDA:29,5,0,0
BRDA:57,6,0,0
BRDA:71,7,0,0
BRDA:85,8,0,0
BRDA:99,9,0,0
BRDA:113,10,0,0
BRDA:128,11,0,0
BRDA:128,12,0,0
BRF:13
BRH:0
end_of_record
TN:
SF:src\utils\email\smtp-mailer.js
FN:4,(anonymous_0)
FN:11,(anonymous_1)
FN:12,(anonymous_2)
FN:18,(anonymous_3)
FN:24,(anonymous_4)
FN:28,(anonymous_5)
FN:43,(anonymous_6)
FN:60,(anonymous_7)
FNF:8
FNH:0
FNDA:0,(anonymous_0)
FNDA:0,(anonymous_1)
FNDA:0,(anonymous_2)
FNDA:0,(anonymous_3)
FNDA:0,(anonymous_4)
FNDA:0,(anonymous_5)
FNDA:0,(anonymous_6)
FNDA:0,(anonymous_7)
DA:1,0
DA:2,0
DA:4,0
DA:5,0
DA:6,0
DA:9,0
DA:10,0
DA:11,0
DA:12,0
DA:16,0
DA:18,0
DA:22,0
DA:24,0
DA:25,0
DA:26,0
DA:28,0
DA:29,0
DA:30,0
DA:31,0
DA:33,0
DA:34,0
DA:36,0
DA:37,0
DA:40,0
DA:43,0
DA:44,0
DA:60,0
DA:61,0
DA:63,0
DA:64,0
DA:72,0
DA:74,0
DA:75,0
DA:76,0
DA:78,0
DA:79,0
DA:82,0
DA:91,0
DA:99,0
DA:103,0
DA:105,0
DA:106,0
DA:111,0
LF:43
LH:0
BRDA:5,0,0,0
BRDA:5,0,1,0
BRDA:9,1,0,0
BRDA:9,1,1,0
BRDA:11,2,0,0
BRDA:11,2,1,0
BRDA:24,3,0,0
BRDA:29,4,0,0
BRDA:29,4,1,0
BRDA:30,5,0,0
BRDA:30,5,1,0
BRDA:30,6,0,0
BRDA:30,6,1,0
BRDA:33,7,0,0
BRDA:33,7,1,0
BRDA:43,8,0,0
BRDA:46,9,0,0
BRDA:46,9,1,0
BRDA:48,10,0,0
BRDA:48,10,1,0
BRDA:60,11,0,0
BRDA:63,12,0,0
BRDA:63,12,1,0
BRDA:75,13,0,0
BRDA:75,13,1,0
BRDA:76,14,0,0
BRDA:76,14,1,0
BRDA:78,15,0,0
BRDA:78,15,1,0
BRDA:93,16,0,0
BRDA:93,16,1,0
BRDA:94,17,0,0
BRDA:94,17,1,0
BRDA:105,18,0,0
BRDA:105,18,1,0
BRF:35
BRH:0
end_of_record
TN:
SF:src\utils\pdf\certificate-generator.js
FN:27,numberToWords
FN:47,formatDate
FN:59,formatDateInWords
FN:71,getPronoun
FN:80,formatConduct
FN:82,(anonymous_5)
FN:88,drawSchoolHeader
FN:149,drawTcRow
FN:169,generateTransferCertificate
FN:170,(anonymous_9)
FN:175,(anonymous_10)
FN:176,(anonymous_11)
FN:258,generateStudyConductCertificate
FN:259,(anonymous_13)
FN:264,(anonymous_14)
FN:265,(anonymous_15)
FNF:16
FNH:0
FNDA:0,numberToWords
FNDA:0,formatDate
FNDA:0,formatDateInWords
FNDA:0,getPronoun
FNDA:0,formatConduct
FNDA:0,(anonymous_5)
FNDA:0,drawSchoolHeader
FNDA:0,drawTcRow
FNDA:0,generateTransferCertificate
FNDA:0,(anonymous_9)
FNDA:0,(anonymous_10)
FNDA:0,(anonymous_11)
FNDA:0,generateStudyConductCertificate
FNDA:0,(anonymous_13)
FNDA:0,(anonymous_14)
FNDA:0,(anonymous_15)
DA:7,0
DA:9,0
DA:14,0
DA:20,0
DA:28,0
DA:29,0
DA:30,0
DA:31,0
DA:33,0
DA:34,0
DA:37,0
DA:38,0
DA:41,0
DA:48,0
DA:49,0
DA:50,0
DA:51,0
DA:52,0
DA:53,0
DA:60,0
DA:61,0
DA:62,0
DA:63,0
DA:64,0
DA:65,0
DA:72,0
DA:73,0
DA:74,0
DA:81,0
DA:82,0
DA:89,0
DA:92,0
DA:94,0
DA:97,0
DA:98,0
DA:103,0
DA:105,0
DA:109,0
DA:110,0
DA:112,0
DA:116,0
DA:120,0
DA:121,0
DA:123,0
DA:127,0
DA:132,0
DA:133,0
DA:135,0
DA:139,0
DA:140,0
DA:141,0
DA:143,0
DA:150,0
DA:151,0
DA:152,0
DA:154,0
DA:156,0
DA:158,0
DA:161,0
DA:170,0
DA:171,0
DA:172,0
DA:173,0
DA:175,0
DA:176,0
DA:177,0
DA:180,0
DA:183,0
DA:184,0
DA:186,0
DA:189,0
DA:192,0
DA:195,0
DA:199,0
DA:202,0
DA:203,0
DA:204,0
DA:205,0
DA:206,0
DA:207,0
DA:209,0
DA:210,0
DA:213,0
DA:214,0
DA:215,0
DA:216,0
DA:217,0
DA:218,0
DA:219,0
DA:220,0
DA:221,0
DA:222,0
DA:223,0
DA:224,0
DA:225,0
DA:226,0
DA:229,0
DA:230,0
DA:234,0
DA:237,0
DA:238,0
DA:242,0
DA:243,0
DA:244,0
DA:245,0
DA:249,0
DA:259,0
DA:260,0
DA:261,0
DA:262,0
DA:264,0
DA:265,0
DA:266,0
DA:269,0
DA:272,0
DA:273,0
DA:275,0
DA:278,0
DA:281,0
DA:284,0
DA:288,0
DA:289,0
DA:292,0
DA:297,0
DA:299,0
DA:301,0
DA:304,0
DA:306,0
DA:309,0
DA:312,0
DA:314,0
DA:317,0
DA:321,0
DA:324,0
DA:325,0
DA:328,0
DA:332,0
LF:137
LH:0
BRDA:28,0,0,0
BRDA:28,0,1,0
BRDA:29,1,0,0
BRDA:29,1,1,0
BRDA:30,2,0,0
BRDA:30,2,1,0
BRDA:31,3,0,0
BRDA:31,3,1,0
BRDA:33,4,0,0
BRDA:33,4,1,0
BRDA:35,5,0,0
BRDA:35,5,1,0
BRDA:37,6,0,0
BRDA:37,6,1,0
BRDA:39,7,0,0
BRDA:39,7,1,0
BRDA:48,8,0,0
BRDA:48,8,1,0
BRDA:60,9,0,0
BRDA:60,9,1,0
BRDA:72,10,0,0
BRDA:72,10,1,0
BRDA:73,11,0,0
BRDA:73,11,1,0
BRDA:81,12,0,0
BRDA:81,12,1,0
BRDA:93,13,0,0
BRDA:93,13,1,0
BRDA:97,14,0,0
BRDA:97,14,1,0
BRDA:97,15,0,0
BRDA:97,15,1,0
BRDA:99,16,0,0
BRDA:99,16,1,0
BRDA:100,17,0,0
BRDA:100,17,1,0
BRDA:109,18,0,0
BRDA:109,18,1,0
BRDA:120,19,0,0
BRDA:120,19,1,0
BRDA:128,20,0,0
BRDA:128,20,1,0
BRDA:129,21,0,0
BRDA:129,21,1,0
BRDA:130,22,0,0
BRDA:130,22,1,0
BRDA:132,23,0,0
BRDA:132,23,1,0
BRDA:159,24,0,0
BRDA:159,24,1,0
BRDA:195,25,0,0
BRDA:195,25,1,0
BRDA:197,26,0,0
BRDA:197,26,1,0
BRDA:204,27,0,0
BRDA:204,27,1,0
BRDA:204,27,2,0
BRDA:205,28,0,0
BRDA:205,28,1,0
BRDA:206,29,0,0
BRDA:206,29,1,0
BRDA:208,30,0,0
BRDA:208,30,1,0
BRDA:208,31,0,0
BRDA:208,31,1,0
BRDA:213,32,0,0
BRDA:213,32,1,0
BRDA:215,33,0,0
BRDA:215,33,1,0
BRDA:218,34,0,0
BRDA:218,34,1,0
BRDA:219,35,0,0
BRDA:219,35,1,0
BRDA:221,36,0,0
BRDA:221,36,1,0
BRDA:225,37,0,0
BRDA:225,37,1,0
BRDA:226,38,0,0
BRDA:226,38,1,0
BRDA:284,39,0,0
BRDA:284,39,1,0
BRDA:286,40,0,0
BRDA:286,40,1,0
BRDA:292,41,0,0
BRDA:292,41,1,0
BRDA:292,41,2,0
BRDA:309,42,0,0
BRDA:309,42,1,0
BRDA:309,43,0,0
BRDA:309,43,1,0
BRF:90
BRH:0
end_of_record
TN:
SF:src\utils\pdf\fee-receipt-generator.js
FN:3,(anonymous_0)
FN:20,(anonymous_1)
FN:29,(anonymous_2)
FN:51,(anonymous_3)
FN:57,(anonymous_4)
FN:58,(anonymous_5)
FN:62,(anonymous_6)
FN:63,(anonymous_7)
FNF:8
FNH:0
FNDA:0,(anonymous_0)
FNDA:0,(anonymous_1)
FNDA:0,(anonymous_2)
FNDA:0,(anonymous_3)
FNDA:0,(anonymous_4)
FNDA:0,(anonymous_5)
FNDA:0,(anonymous_6)
FNDA:0,(anonymous_7)
DA:1,0
DA:3,0
DA:4,0
DA:5,0
DA:8,0
DA:9,0
DA:10,0
DA:13,0
DA:20,0
DA:21,0
DA:22,0
DA:29,0
DA:30,0
DA:32,0
DA:33,0
DA:40,0
DA:46,0
DA:47,0
DA:48,0
DA:51,0
DA:52,0
DA:53,0
DA:54,0
DA:57,0
DA:58,0
DA:59,0
DA:60,0
DA:62,0
DA:63,0
DA:64,0
DA:66,0
DA:68,0
DA:69,0
DA:70,0
DA:71,0
DA:72,0
DA:73,0
DA:74,0
DA:75,0
DA:76,0
DA:77,0
DA:79,0
DA:80,0
DA:87,0
DA:90,0
LF:45
LH:0
BRDA:4,0,0,0
BRDA:4,0,1,0
BRDA:9,1,0,0
BRDA:9,1,1,0
BRDA:21,2,0,0
BRDA:21,2,1,0
BRDA:29,3,0,0
BRDA:30,4,0,0
BRDA:30,4,1,0
BRDA:32,5,0,0
BRDA:32,5,1,0
BRDA:53,6,0,0
BRDA:53,6,1,0
BRDA:57,7,0,0
BRDA:68,8,0,0
BRDA:68,8,1,0
BRDA:69,9,0,0
BRDA:69,9,1,0
BRDA:71,10,0,0
BRDA:71,10,1,0
BRDA:72,11,0,0
BRDA:72,11,1,0
BRDA:73,12,0,0
BRDA:73,12,1,0
BRDA:73,13,0,0
BRDA:73,13,1,0
BRDA:74,14,0,0
BRDA:74,14,1,0
BRDA:76,15,0,0
BRDA:76,15,1,0
BRDA:77,16,0,0
BRDA:77,16,1,0
BRF:32
BRH:0
end_of_record
